2025-07-31 23:30:29.290 [main] INFO  c.i.data.core.FileConverterTest:36 - --- Initialisation d’un nouveau test FileConverter ---
2025-07-31 23:30:29.307 [main] DEBUG c.i.data.core.FileConverterTest:43 - Répertoire temporaire : C:\Users\nguye\AppData\Local\Temp\junit481981251366735310
2025-07-31 23:30:29.319 [main] DEBUG c.i.data.core.FileConverterTest:44 - Chemin fichier d'entrée : C:\Users\nguye\AppData\Local\Temp\junit481981251366735310\input_data.txt
2025-07-31 23:30:29.320 [main] DEBUG c.i.data.core.FileConverterTest:45 - Chemin fichier métadonnées : C:\Users\nguye\AppData\Local\Temp\junit481981251366735310\metadata.csv
2025-07-31 23:30:29.322 [main] DEBUG c.i.data.core.FileConverterTest:46 - Chemin fichier de sortie : C:\Users\nguye\AppData\Local\Temp\junit481981251366735310\output.csv
2025-07-31 23:30:29.340 [main] INFO  c.i.data.core.FileConverterTest:167 - Test : Ligne trop courte
2025-07-31 23:30:29.350 [main] INFO  c.ikkileague.data.core.FileConverter:42 - Début de la conversion : Fichier fixe 'C:\Users\nguye\AppData\Local\Temp\junit481981251366735310\input_data.txt' + Métadonnées 'C:\Users\nguye\AppData\Local\Temp\junit481981251366735310\metadata.csv' -> CSV 'C:\Users\nguye\AppData\Local\Temp\junit481981251366735310\output.csv'
2025-07-31 23:30:29.366 [main] DEBUG c.ikkileague.data.core.FileConverter:52 - Définitions de 3 colonnes extraites depuis les métadonnées.
2025-07-31 23:30:29.368 [main] INFO  c.ikkileague.data.writer.CsvWriter:27 - Initializing CSV writer for output file: C:\Users\nguye\AppData\Local\Temp\junit481981251366735310\output.csv
2025-07-31 23:30:29.370 [main] DEBUG c.ikkileague.data.writer.CsvWriter:28 - CSV Headers: [ID, Nom, DateNaissance]
2025-07-31 23:30:29.375 [main] DEBUG c.i.data.parser.FixedRecordParser:37 - parseLine line 10 : 0000000001
2025-07-31 23:30:29.376 [main] DEBUG c.i.data.parser.FixedRecordParser:38 - parseLine columnDefinitions 3 : [ColumnDefinition{name='ID', type='NUMERIC',  length=10}, ColumnDefinition{name='Nom', type='STRING',  length=25}, ColumnDefinition{name='DateNaissance', type='DATE',  length=10}]
2025-07-31 23:30:29.376 [main] ERROR c.i.data.parser.FixedRecordParser:46 - Ligne 1 : la longueur (10) ne correspond pas à la longueur attendue (45). Ligne : '0000000001'
2025-07-31 23:30:29.377 [main] INFO  c.ikkileague.data.writer.CsvWriter:58 - Closing CSV writer.
2025-07-31 23:30:29.377 [main] DEBUG c.i.data.core.FileConverterTest:178 - Line Too Short excep msg: Ligne 1 : la longueur (10) ne correspond pas à la longueur attendue (45). Ligne : '0000000001' 

2025-07-31 23:30:29.403 [main] INFO  c.i.data.core.FileConverterTest:36 - --- Initialisation d’un nouveau test FileConverter ---
2025-07-31 23:30:29.404 [main] DEBUG c.i.data.core.FileConverterTest:43 - Répertoire temporaire : C:\Users\nguye\AppData\Local\Temp\junit9787707262228814421
2025-07-31 23:30:29.405 [main] DEBUG c.i.data.core.FileConverterTest:44 - Chemin fichier d'entrée : C:\Users\nguye\AppData\Local\Temp\junit9787707262228814421\input_data.txt
2025-07-31 23:30:29.405 [main] DEBUG c.i.data.core.FileConverterTest:45 - Chemin fichier métadonnées : C:\Users\nguye\AppData\Local\Temp\junit9787707262228814421\metadata.csv
2025-07-31 23:30:29.405 [main] DEBUG c.i.data.core.FileConverterTest:46 - Chemin fichier de sortie : C:\Users\nguye\AppData\Local\Temp\junit9787707262228814421\output.csv
2025-07-31 23:30:29.406 [main] INFO  c.i.data.core.FileConverterTest:52 - Test : Conversion avec fichier et métadonnées valides
2025-07-31 23:30:29.407 [main] INFO  c.ikkileague.data.core.FileConverter:42 - Début de la conversion : Fichier fixe 'C:\Users\nguye\AppData\Local\Temp\junit9787707262228814421\input_data.txt' + Métadonnées 'C:\Users\nguye\AppData\Local\Temp\junit9787707262228814421\metadata.csv' -> CSV 'C:\Users\nguye\AppData\Local\Temp\junit9787707262228814421\output.csv'
2025-07-31 23:30:29.408 [main] DEBUG c.ikkileague.data.core.FileConverter:52 - Définitions de 3 colonnes extraites depuis les métadonnées.
2025-07-31 23:30:29.411 [main] INFO  c.ikkileague.data.writer.CsvWriter:27 - Initializing CSV writer for output file: C:\Users\nguye\AppData\Local\Temp\junit9787707262228814421\output.csv
2025-07-31 23:30:29.411 [main] DEBUG c.ikkileague.data.writer.CsvWriter:28 - CSV Headers: [ID, Nom, DateNaissance]
2025-07-31 23:30:29.412 [main] DEBUG c.i.data.parser.FixedRecordParser:37 - parseLine line 45 : 0000000001Jean Dupont              1990-05-15
2025-07-31 23:30:29.412 [main] DEBUG c.i.data.parser.FixedRecordParser:38 - parseLine columnDefinitions 3 : [ColumnDefinition{name='ID', type='NUMERIC',  length=10}, ColumnDefinition{name='Nom', type='STRING',  length=25}, ColumnDefinition{name='DateNaissance', type='DATE',  length=10}]
2025-07-31 23:30:29.413 [main] DEBUG c.i.data.parser.FixedRecordParser:57 - Champ extrait de longueur 10 : 0000000001
2025-07-31 23:30:29.413 [main] DEBUG c.i.data.parser.FixedRecordParser:57 - Champ extrait de longueur 25 : Jean Dupont              
2025-07-31 23:30:29.414 [main] DEBUG c.i.data.parser.FixedRecordParser:57 - Champ extrait de longueur 10 : 1990-05-15
2025-07-31 23:30:29.416 [main] DEBUG c.ikkileague.data.core.FileConverter:104 - Ligne 1 traitée et écrite avec succès dans le CSV.
2025-07-31 23:30:29.418 [main] DEBUG c.i.data.parser.FixedRecordParser:37 - parseLine line 45 : 0000000002Alice Smith              2000-11-30
2025-07-31 23:30:29.419 [main] DEBUG c.i.data.parser.FixedRecordParser:38 - parseLine columnDefinitions 3 : [ColumnDefinition{name='ID', type='NUMERIC',  length=10}, ColumnDefinition{name='Nom', type='STRING',  length=25}, ColumnDefinition{name='DateNaissance', type='DATE',  length=10}]
2025-07-31 23:30:29.420 [main] DEBUG c.i.data.parser.FixedRecordParser:57 - Champ extrait de longueur 10 : 0000000002
2025-07-31 23:30:29.420 [main] DEBUG c.i.data.parser.FixedRecordParser:57 - Champ extrait de longueur 25 : Alice Smith              
2025-07-31 23:30:29.421 [main] DEBUG c.i.data.parser.FixedRecordParser:57 - Champ extrait de longueur 10 : 2000-11-30
2025-07-31 23:30:29.421 [main] DEBUG c.ikkileague.data.core.FileConverter:104 - Ligne 2 traitée et écrite avec succès dans le CSV.
2025-07-31 23:30:29.422 [main] DEBUG c.i.data.parser.FixedRecordParser:37 - parseLine line 45 : 0000000003Bob Martin               1985-01-01
2025-07-31 23:30:29.422 [main] DEBUG c.i.data.parser.FixedRecordParser:38 - parseLine columnDefinitions 3 : [ColumnDefinition{name='ID', type='NUMERIC',  length=10}, ColumnDefinition{name='Nom', type='STRING',  length=25}, ColumnDefinition{name='DateNaissance', type='DATE',  length=10}]
2025-07-31 23:30:29.424 [main] DEBUG c.i.data.parser.FixedRecordParser:57 - Champ extrait de longueur 10 : 0000000003
2025-07-31 23:30:29.424 [main] DEBUG c.i.data.parser.FixedRecordParser:57 - Champ extrait de longueur 25 : Bob Martin               
2025-07-31 23:30:29.424 [main] DEBUG c.i.data.parser.FixedRecordParser:57 - Champ extrait de longueur 10 : 1985-01-01
2025-07-31 23:30:29.425 [main] DEBUG c.ikkileague.data.core.FileConverter:104 - Ligne 3 traitée et écrite avec succès dans le CSV.
2025-07-31 23:30:29.425 [main] INFO  c.ikkileague.data.core.FileConverter:106 - Fichier fixe entièrement traité. Nombre total de lignes : 3
2025-07-31 23:30:29.426 [main] INFO  c.ikkileague.data.writer.CsvWriter:58 - Closing CSV writer.
2025-07-31 23:30:29.446 [main] INFO  c.i.data.core.FileConverterTest:36 - --- Initialisation d’un nouveau test FileConverter ---
2025-07-31 23:30:29.447 [main] DEBUG c.i.data.core.FileConverterTest:43 - Répertoire temporaire : C:\Users\nguye\AppData\Local\Temp\junit7050820179764652361
2025-07-31 23:30:29.447 [main] DEBUG c.i.data.core.FileConverterTest:44 - Chemin fichier d'entrée : C:\Users\nguye\AppData\Local\Temp\junit7050820179764652361\input_data.txt
2025-07-31 23:30:29.447 [main] DEBUG c.i.data.core.FileConverterTest:45 - Chemin fichier métadonnées : C:\Users\nguye\AppData\Local\Temp\junit7050820179764652361\metadata.csv
2025-07-31 23:30:29.447 [main] DEBUG c.i.data.core.FileConverterTest:46 - Chemin fichier de sortie : C:\Users\nguye\AppData\Local\Temp\junit7050820179764652361\output.csv
2025-07-31 23:30:29.448 [main] INFO  c.i.data.core.FileConverterTest:149 - Test : Valeur numérique invalide
2025-07-31 23:30:29.449 [main] INFO  c.ikkileague.data.core.FileConverter:42 - Début de la conversion : Fichier fixe 'C:\Users\nguye\AppData\Local\Temp\junit7050820179764652361\input_data.txt' + Métadonnées 'C:\Users\nguye\AppData\Local\Temp\junit7050820179764652361\metadata.csv' -> CSV 'C:\Users\nguye\AppData\Local\Temp\junit7050820179764652361\output.csv'
2025-07-31 23:30:29.450 [main] DEBUG c.ikkileague.data.core.FileConverter:52 - Définitions de 2 colonnes extraites depuis les métadonnées.
2025-07-31 23:30:29.453 [main] INFO  c.ikkileague.data.writer.CsvWriter:27 - Initializing CSV writer for output file: C:\Users\nguye\AppData\Local\Temp\junit7050820179764652361\output.csv
2025-07-31 23:30:29.454 [main] DEBUG c.ikkileague.data.writer.CsvWriter:28 - CSV Headers: [ID, Nom]
2025-07-31 23:30:29.455 [main] DEBUG c.i.data.parser.FixedRecordParser:37 - parseLine line 35 : ABCDEFGHIJJean Dupont              
2025-07-31 23:30:29.456 [main] DEBUG c.i.data.parser.FixedRecordParser:38 - parseLine columnDefinitions 2 : [ColumnDefinition{name='ID', type='NUMERIC',  length=10}, ColumnDefinition{name='Nom', type='STRING',  length=25}]
2025-07-31 23:30:29.456 [main] DEBUG c.i.data.parser.FixedRecordParser:57 - Champ extrait de longueur 10 : ABCDEFGHIJ
2025-07-31 23:30:29.457 [main] DEBUG c.i.data.parser.FixedRecordParser:57 - Champ extrait de longueur 25 : Jean Dupont              
2025-07-31 23:30:29.459 [main] ERROR c.i.data.formatter.DataFormatter:86 - Format numérique invalide : 'ABCDEFGHIJ'.
java.lang.NumberFormatException: For input string: "ABCDEFGHIJ"
	at java.base/java.lang.NumberFormatException.forInputString(NumberFormatException.java:67)
	at java.base/java.lang.Integer.parseInt(Integer.java:668)
	at java.base/java.lang.Integer.parseInt(Integer.java:786)
	at com.ikkileague.data.formatter.DataFormatter.formatNumeric(DataFormatter.java:82)
	at com.ikkileague.data.formatter.DataFormatter.format(DataFormatter.java:38)
	at com.ikkileague.data.core.FileConverter.convert(FileConverter.java:90)
	at com.ikkileague.data.core.FileConverterTest.lambda$convert_invalidNumericFormatInInput_throwsException$4(FileConverterTest.java:156)
	at org.junit.jupiter.api.AssertThrows.assertThrows(AssertThrows.java:53)
	at org.junit.jupiter.api.AssertThrows.assertThrows(AssertThrows.java:35)
	at org.junit.jupiter.api.Assertions.assertThrows(Assertions.java:3111)
	at com.ikkileague.data.core.FileConverterTest.convert_invalidNumericFormatInInput_throwsException(FileConverterTest.java:155)
	at java.base/jdk.internal.reflect.NativeMethodAccessorImpl.invoke0(Native Method)
	at java.base/jdk.internal.reflect.NativeMethodAccessorImpl.invoke(NativeMethodAccessorImpl.java:77)
	at java.base/jdk.internal.reflect.DelegatingMethodAccessorImpl.invoke(DelegatingMethodAccessorImpl.java:43)
	at java.base/java.lang.reflect.Method.invoke(Method.java:568)
	at org.junit.platform.commons.util.ReflectionUtils.invokeMethod(ReflectionUtils.java:728)
	at org.junit.jupiter.engine.execution.MethodInvocation.proceed(MethodInvocation.java:60)
	at org.junit.jupiter.engine.execution.InvocationInterceptorChain$ValidatingInvocation.proceed(InvocationInterceptorChain.java:131)
	at org.junit.jupiter.engine.extension.TimeoutExtension.intercept(TimeoutExtension.java:156)
	at org.junit.jupiter.engine.extension.TimeoutExtension.interceptTestableMethod(TimeoutExtension.java:147)
	at org.junit.jupiter.engine.extension.TimeoutExtension.interceptTestMethod(TimeoutExtension.java:86)
	at org.junit.jupiter.engine.execution.InterceptingExecutableInvoker$ReflectiveInterceptorCall.lambda$ofVoidMethod$0(InterceptingExecutableInvoker.java:103)
	at org.junit.jupiter.engine.execution.InterceptingExecutableInvoker.lambda$invoke$0(InterceptingExecutableInvoker.java:93)
	at org.junit.jupiter.engine.execution.InvocationInterceptorChain$InterceptedInvocation.proceed(InvocationInterceptorChain.java:106)
	at org.junit.jupiter.engine.execution.InvocationInterceptorChain.proceed(InvocationInterceptorChain.java:64)
	at org.junit.jupiter.engine.execution.InvocationInterceptorChain.chainAndInvoke(InvocationInterceptorChain.java:45)
	at org.junit.jupiter.engine.execution.InvocationInterceptorChain.invoke(InvocationInterceptorChain.java:37)
	at org.junit.jupiter.engine.execution.InterceptingExecutableInvoker.invoke(InterceptingExecutableInvoker.java:92)
	at org.junit.jupiter.engine.execution.InterceptingExecutableInvoker.invoke(InterceptingExecutableInvoker.java:86)
	at org.junit.jupiter.engine.descriptor.TestMethodTestDescriptor.lambda$invokeTestMethod$7(TestMethodTestDescriptor.java:218)
	at org.junit.platform.engine.support.hierarchical.ThrowableCollector.execute(ThrowableCollector.java:73)
	at org.junit.jupiter.engine.descriptor.TestMethodTestDescriptor.invokeTestMethod(TestMethodTestDescriptor.java:214)
	at org.junit.jupiter.engine.descriptor.TestMethodTestDescriptor.execute(TestMethodTestDescriptor.java:139)
	at org.junit.jupiter.engine.descriptor.TestMethodTestDescriptor.execute(TestMethodTestDescriptor.java:69)
	at org.junit.platform.engine.support.hierarchical.NodeTestTask.lambda$executeRecursively$6(NodeTestTask.java:151)
	at org.junit.platform.engine.support.hierarchical.ThrowableCollector.execute(ThrowableCollector.java:73)
	at org.junit.platform.engine.support.hierarchical.NodeTestTask.lambda$executeRecursively$8(NodeTestTask.java:141)
	at org.junit.platform.engine.support.hierarchical.Node.around(Node.java:137)
	at org.junit.platform.engine.support.hierarchical.NodeTestTask.lambda$executeRecursively$9(NodeTestTask.java:139)
	at org.junit.platform.engine.support.hierarchical.ThrowableCollector.execute(ThrowableCollector.java:73)
	at org.junit.platform.engine.support.hierarchical.NodeTestTask.executeRecursively(NodeTestTask.java:138)
	at org.junit.platform.engine.support.hierarchical.NodeTestTask.execute(NodeTestTask.java:95)
	at java.base/java.util.ArrayList.forEach(ArrayList.java:1511)
	at org.junit.platform.engine.support.hierarchical.SameThreadHierarchicalTestExecutorService.invokeAll(SameThreadHierarchicalTestExecutorService.java:41)
	at org.junit.platform.engine.support.hierarchical.NodeTestTask.lambda$executeRecursively$6(NodeTestTask.java:155)
	at org.junit.platform.engine.support.hierarchical.ThrowableCollector.execute(ThrowableCollector.java:73)
	at org.junit.platform.engine.support.hierarchical.NodeTestTask.lambda$executeRecursively$8(NodeTestTask.java:141)
	at org.junit.platform.engine.support.hierarchical.Node.around(Node.java:137)
	at org.junit.platform.engine.support.hierarchical.NodeTestTask.lambda$executeRecursively$9(NodeTestTask.java:139)
	at org.junit.platform.engine.support.hierarchical.ThrowableCollector.execute(ThrowableCollector.java:73)
	at org.junit.platform.engine.support.hierarchical.NodeTestTask.executeRecursively(NodeTestTask.java:138)
	at org.junit.platform.engine.support.hierarchical.NodeTestTask.execute(NodeTestTask.java:95)
	at java.base/java.util.ArrayList.forEach(ArrayList.java:1511)
	at org.junit.platform.engine.support.hierarchical.SameThreadHierarchicalTestExecutorService.invokeAll(SameThreadHierarchicalTestExecutorService.java:41)
	at org.junit.platform.engine.support.hierarchical.NodeTestTask.lambda$executeRecursively$6(NodeTestTask.java:155)
	at org.junit.platform.engine.support.hierarchical.ThrowableCollector.execute(ThrowableCollector.java:73)
	at org.junit.platform.engine.support.hierarchical.NodeTestTask.lambda$executeRecursively$8(NodeTestTask.java:141)
	at org.junit.platform.engine.support.hierarchical.Node.around(Node.java:137)
	at org.junit.platform.engine.support.hierarchical.NodeTestTask.lambda$executeRecursively$9(NodeTestTask.java:139)
	at org.junit.platform.engine.support.hierarchical.ThrowableCollector.execute(ThrowableCollector.java:73)
	at org.junit.platform.engine.support.hierarchical.NodeTestTask.executeRecursively(NodeTestTask.java:138)
	at org.junit.platform.engine.support.hierarchical.NodeTestTask.execute(NodeTestTask.java:95)
	at org.junit.platform.engine.support.hierarchical.SameThreadHierarchicalTestExecutorService.submit(SameThreadHierarchicalTestExecutorService.java:35)
	at org.junit.platform.engine.support.hierarchical.HierarchicalTestExecutor.execute(HierarchicalTestExecutor.java:57)
	at org.junit.platform.engine.support.hierarchical.HierarchicalTestEngine.execute(HierarchicalTestEngine.java:54)
	at org.junit.platform.launcher.core.EngineExecutionOrchestrator.execute(EngineExecutionOrchestrator.java:198)
	at org.junit.platform.launcher.core.EngineExecutionOrchestrator.execute(EngineExecutionOrchestrator.java:169)
	at org.junit.platform.launcher.core.EngineExecutionOrchestrator.execute(EngineExecutionOrchestrator.java:93)
	at org.junit.platform.launcher.core.EngineExecutionOrchestrator.lambda$execute$0(EngineExecutionOrchestrator.java:58)
	at org.junit.platform.launcher.core.EngineExecutionOrchestrator.withInterceptedStreams(EngineExecutionOrchestrator.java:141)
	at org.junit.platform.launcher.core.EngineExecutionOrchestrator.execute(EngineExecutionOrchestrator.java:57)
	at org.junit.platform.launcher.core.DefaultLauncher.execute(DefaultLauncher.java:103)
	at org.junit.platform.launcher.core.DefaultLauncher.execute(DefaultLauncher.java:85)
	at org.junit.platform.launcher.core.DelegatingLauncher.execute(DelegatingLauncher.java:47)
	at org.apache.maven.surefire.junitplatform.LazyLauncher.execute(LazyLauncher.java:56)
	at org.apache.maven.surefire.junitplatform.JUnitPlatformProvider.execute(JUnitPlatformProvider.java:184)
	at org.apache.maven.surefire.junitplatform.JUnitPlatformProvider.invokeAllTests(JUnitPlatformProvider.java:148)
	at org.apache.maven.surefire.junitplatform.JUnitPlatformProvider.invoke(JUnitPlatformProvider.java:122)
	at org.apache.maven.surefire.booter.ForkedBooter.runSuitesInProcess(ForkedBooter.java:385)
	at org.apache.maven.surefire.booter.ForkedBooter.execute(ForkedBooter.java:162)
	at org.apache.maven.surefire.booter.ForkedBooter.run(ForkedBooter.java:507)
	at org.apache.maven.surefire.booter.ForkedBooter.main(ForkedBooter.java:495)
2025-07-31 23:30:29.472 [main] ERROR c.ikkileague.data.core.FileConverter:99 - Erreur lors du traitement du champ pour la colonne 'ID' (type NUMERIC) à la ligne 1 : Format numérique invalide : 'ABCDEFGHIJ'.
com.ikkileague.data.exception.ConversionException: Format numérique invalide : 'ABCDEFGHIJ'.
	at com.ikkileague.data.formatter.DataFormatter.formatNumeric(DataFormatter.java:87)
	at com.ikkileague.data.formatter.DataFormatter.format(DataFormatter.java:38)
	at com.ikkileague.data.core.FileConverter.convert(FileConverter.java:90)
	at com.ikkileague.data.core.FileConverterTest.lambda$convert_invalidNumericFormatInInput_throwsException$4(FileConverterTest.java:156)
	at org.junit.jupiter.api.AssertThrows.assertThrows(AssertThrows.java:53)
	at org.junit.jupiter.api.AssertThrows.assertThrows(AssertThrows.java:35)
	at org.junit.jupiter.api.Assertions.assertThrows(Assertions.java:3111)
	at com.ikkileague.data.core.FileConverterTest.convert_invalidNumericFormatInInput_throwsException(FileConverterTest.java:155)
	at java.base/jdk.internal.reflect.NativeMethodAccessorImpl.invoke0(Native Method)
	at java.base/jdk.internal.reflect.NativeMethodAccessorImpl.invoke(NativeMethodAccessorImpl.java:77)
	at java.base/jdk.internal.reflect.DelegatingMethodAccessorImpl.invoke(DelegatingMethodAccessorImpl.java:43)
	at java.base/java.lang.reflect.Method.invoke(Method.java:568)
	at org.junit.platform.commons.util.ReflectionUtils.invokeMethod(ReflectionUtils.java:728)
	at org.junit.jupiter.engine.execution.MethodInvocation.proceed(MethodInvocation.java:60)
	at org.junit.jupiter.engine.execution.InvocationInterceptorChain$ValidatingInvocation.proceed(InvocationInterceptorChain.java:131)
	at org.junit.jupiter.engine.extension.TimeoutExtension.intercept(TimeoutExtension.java:156)
	at org.junit.jupiter.engine.extension.TimeoutExtension.interceptTestableMethod(TimeoutExtension.java:147)
	at org.junit.jupiter.engine.extension.TimeoutExtension.interceptTestMethod(TimeoutExtension.java:86)
	at org.junit.jupiter.engine.execution.InterceptingExecutableInvoker$ReflectiveInterceptorCall.lambda$ofVoidMethod$0(InterceptingExecutableInvoker.java:103)
	at org.junit.jupiter.engine.execution.InterceptingExecutableInvoker.lambda$invoke$0(InterceptingExecutableInvoker.java:93)
	at org.junit.jupiter.engine.execution.InvocationInterceptorChain$InterceptedInvocation.proceed(InvocationInterceptorChain.java:106)
	at org.junit.jupiter.engine.execution.InvocationInterceptorChain.proceed(InvocationInterceptorChain.java:64)
	at org.junit.jupiter.engine.execution.InvocationInterceptorChain.chainAndInvoke(InvocationInterceptorChain.java:45)
	at org.junit.jupiter.engine.execution.InvocationInterceptorChain.invoke(InvocationInterceptorChain.java:37)
	at org.junit.jupiter.engine.execution.InterceptingExecutableInvoker.invoke(InterceptingExecutableInvoker.java:92)
	at org.junit.jupiter.engine.execution.InterceptingExecutableInvoker.invoke(InterceptingExecutableInvoker.java:86)
	at org.junit.jupiter.engine.descriptor.TestMethodTestDescriptor.lambda$invokeTestMethod$7(TestMethodTestDescriptor.java:218)
	at org.junit.platform.engine.support.hierarchical.ThrowableCollector.execute(ThrowableCollector.java:73)
	at org.junit.jupiter.engine.descriptor.TestMethodTestDescriptor.invokeTestMethod(TestMethodTestDescriptor.java:214)
	at org.junit.jupiter.engine.descriptor.TestMethodTestDescriptor.execute(TestMethodTestDescriptor.java:139)
	at org.junit.jupiter.engine.descriptor.TestMethodTestDescriptor.execute(TestMethodTestDescriptor.java:69)
	at org.junit.platform.engine.support.hierarchical.NodeTestTask.lambda$executeRecursively$6(NodeTestTask.java:151)
	at org.junit.platform.engine.support.hierarchical.ThrowableCollector.execute(ThrowableCollector.java:73)
	at org.junit.platform.engine.support.hierarchical.NodeTestTask.lambda$executeRecursively$8(NodeTestTask.java:141)
	at org.junit.platform.engine.support.hierarchical.Node.around(Node.java:137)
	at org.junit.platform.engine.support.hierarchical.NodeTestTask.lambda$executeRecursively$9(NodeTestTask.java:139)
	at org.junit.platform.engine.support.hierarchical.ThrowableCollector.execute(ThrowableCollector.java:73)
	at org.junit.platform.engine.support.hierarchical.NodeTestTask.executeRecursively(NodeTestTask.java:138)
	at org.junit.platform.engine.support.hierarchical.NodeTestTask.execute(NodeTestTask.java:95)
	at java.base/java.util.ArrayList.forEach(ArrayList.java:1511)
	at org.junit.platform.engine.support.hierarchical.SameThreadHierarchicalTestExecutorService.invokeAll(SameThreadHierarchicalTestExecutorService.java:41)
	at org.junit.platform.engine.support.hierarchical.NodeTestTask.lambda$executeRecursively$6(NodeTestTask.java:155)
	at org.junit.platform.engine.support.hierarchical.ThrowableCollector.execute(ThrowableCollector.java:73)
	at org.junit.platform.engine.support.hierarchical.NodeTestTask.lambda$executeRecursively$8(NodeTestTask.java:141)
	at org.junit.platform.engine.support.hierarchical.Node.around(Node.java:137)
	at org.junit.platform.engine.support.hierarchical.NodeTestTask.lambda$executeRecursively$9(NodeTestTask.java:139)
	at org.junit.platform.engine.support.hierarchical.ThrowableCollector.execute(ThrowableCollector.java:73)
	at org.junit.platform.engine.support.hierarchical.NodeTestTask.executeRecursively(NodeTestTask.java:138)
	at org.junit.platform.engine.support.hierarchical.NodeTestTask.execute(NodeTestTask.java:95)
	at java.base/java.util.ArrayList.forEach(ArrayList.java:1511)
	at org.junit.platform.engine.support.hierarchical.SameThreadHierarchicalTestExecutorService.invokeAll(SameThreadHierarchicalTestExecutorService.java:41)
	at org.junit.platform.engine.support.hierarchical.NodeTestTask.lambda$executeRecursively$6(NodeTestTask.java:155)
	at org.junit.platform.engine.support.hierarchical.ThrowableCollector.execute(ThrowableCollector.java:73)
	at org.junit.platform.engine.support.hierarchical.NodeTestTask.lambda$executeRecursively$8(NodeTestTask.java:141)
	at org.junit.platform.engine.support.hierarchical.Node.around(Node.java:137)
	at org.junit.platform.engine.support.hierarchical.NodeTestTask.lambda$executeRecursively$9(NodeTestTask.java:139)
	at org.junit.platform.engine.support.hierarchical.ThrowableCollector.execute(ThrowableCollector.java:73)
	at org.junit.platform.engine.support.hierarchical.NodeTestTask.executeRecursively(NodeTestTask.java:138)
	at org.junit.platform.engine.support.hierarchical.NodeTestTask.execute(NodeTestTask.java:95)
	at org.junit.platform.engine.support.hierarchical.SameThreadHierarchicalTestExecutorService.submit(SameThreadHierarchicalTestExecutorService.java:35)
	at org.junit.platform.engine.support.hierarchical.HierarchicalTestExecutor.execute(HierarchicalTestExecutor.java:57)
	at org.junit.platform.engine.support.hierarchical.HierarchicalTestEngine.execute(HierarchicalTestEngine.java:54)
	at org.junit.platform.launcher.core.EngineExecutionOrchestrator.execute(EngineExecutionOrchestrator.java:198)
	at org.junit.platform.launcher.core.EngineExecutionOrchestrator.execute(EngineExecutionOrchestrator.java:169)
	at org.junit.platform.launcher.core.EngineExecutionOrchestrator.execute(EngineExecutionOrchestrator.java:93)
	at org.junit.platform.launcher.core.EngineExecutionOrchestrator.lambda$execute$0(EngineExecutionOrchestrator.java:58)
	at org.junit.platform.launcher.core.EngineExecutionOrchestrator.withInterceptedStreams(EngineExecutionOrchestrator.java:141)
	at org.junit.platform.launcher.core.EngineExecutionOrchestrator.execute(EngineExecutionOrchestrator.java:57)
	at org.junit.platform.launcher.core.DefaultLauncher.execute(DefaultLauncher.java:103)
	at org.junit.platform.launcher.core.DefaultLauncher.execute(DefaultLauncher.java:85)
	at org.junit.platform.launcher.core.DelegatingLauncher.execute(DelegatingLauncher.java:47)
	at org.apache.maven.surefire.junitplatform.LazyLauncher.execute(LazyLauncher.java:56)
	at org.apache.maven.surefire.junitplatform.JUnitPlatformProvider.execute(JUnitPlatformProvider.java:184)
	at org.apache.maven.surefire.junitplatform.JUnitPlatformProvider.invokeAllTests(JUnitPlatformProvider.java:148)
	at org.apache.maven.surefire.junitplatform.JUnitPlatformProvider.invoke(JUnitPlatformProvider.java:122)
	at org.apache.maven.surefire.booter.ForkedBooter.runSuitesInProcess(ForkedBooter.java:385)
	at org.apache.maven.surefire.booter.ForkedBooter.execute(ForkedBooter.java:162)
	at org.apache.maven.surefire.booter.ForkedBooter.run(ForkedBooter.java:507)
	at org.apache.maven.surefire.booter.ForkedBooter.main(ForkedBooter.java:495)
Caused by: java.lang.NumberFormatException: For input string: "ABCDEFGHIJ"
	at java.base/java.lang.NumberFormatException.forInputString(NumberFormatException.java:67)
	at java.base/java.lang.Integer.parseInt(Integer.java:668)
	at java.base/java.lang.Integer.parseInt(Integer.java:786)
	at com.ikkileague.data.formatter.DataFormatter.formatNumeric(DataFormatter.java:82)
	... 78 common frames omitted
2025-07-31 23:30:29.475 [main] INFO  c.ikkileague.data.writer.CsvWriter:58 - Closing CSV writer.
2025-07-31 23:30:29.476 [main] DEBUG c.i.data.core.FileConverterTest:159 - Invalid numeric format msg: Erreur lors du traitement du champ pour la colonne 'ID' (type NUMERIC) à la ligne 1 : Format numérique invalide : 'ABCDEFGHIJ'. 

2025-07-31 23:30:29.481 [main] INFO  c.i.data.core.FileConverterTest:36 - --- Initialisation d’un nouveau test FileConverter ---
2025-07-31 23:30:29.482 [main] DEBUG c.i.data.core.FileConverterTest:43 - Répertoire temporaire : C:\Users\nguye\AppData\Local\Temp\junit7779161299839103825
2025-07-31 23:30:29.482 [main] DEBUG c.i.data.core.FileConverterTest:44 - Chemin fichier d'entrée : C:\Users\nguye\AppData\Local\Temp\junit7779161299839103825\input_data.txt
2025-07-31 23:30:29.482 [main] DEBUG c.i.data.core.FileConverterTest:45 - Chemin fichier métadonnées : C:\Users\nguye\AppData\Local\Temp\junit7779161299839103825\metadata.csv
2025-07-31 23:30:29.482 [main] DEBUG c.i.data.core.FileConverterTest:46 - Chemin fichier de sortie : C:\Users\nguye\AppData\Local\Temp\junit7779161299839103825\output.csv
2025-07-31 23:30:29.483 [main] INFO  c.i.data.core.FileConverterTest:114 - Test : Fichier de métadonnées vide
2025-07-31 23:30:29.485 [main] INFO  c.ikkileague.data.core.FileConverter:42 - Début de la conversion : Fichier fixe 'C:\Users\nguye\AppData\Local\Temp\junit7779161299839103825\input_data.txt' + Métadonnées 'C:\Users\nguye\AppData\Local\Temp\junit7779161299839103825\metadata.csv' -> CSV 'C:\Users\nguye\AppData\Local\Temp\junit7779161299839103825\output.csv'
2025-07-31 23:30:29.486 [main] ERROR c.i.data.parser.MetadataParser:59 - Le fichier de métadonnées est vide ou ne contient aucune définition valide : C:\Users\nguye\AppData\Local\Temp\junit7779161299839103825\metadata.csv
2025-07-31 23:30:29.487 [main] DEBUG c.i.data.core.FileConverterTest:123 - File Matadata empty : 
Le fichier de métadonnées est vide ou ne contient aucune définition valide : C:\Users\nguye\AppData\Local\Temp\junit7779161299839103825\metadata.csv
2025-07-31 23:30:29.494 [main] INFO  c.i.data.core.FileConverterTest:36 - --- Initialisation d’un nouveau test FileConverter ---
2025-07-31 23:30:29.494 [main] DEBUG c.i.data.core.FileConverterTest:43 - Répertoire temporaire : C:\Users\nguye\AppData\Local\Temp\junit8425790228398419775
2025-07-31 23:30:29.495 [main] DEBUG c.i.data.core.FileConverterTest:44 - Chemin fichier d'entrée : C:\Users\nguye\AppData\Local\Temp\junit8425790228398419775\input_data.txt
2025-07-31 23:30:29.495 [main] DEBUG c.i.data.core.FileConverterTest:45 - Chemin fichier métadonnées : C:\Users\nguye\AppData\Local\Temp\junit8425790228398419775\metadata.csv
2025-07-31 23:30:29.495 [main] DEBUG c.i.data.core.FileConverterTest:46 - Chemin fichier de sortie : C:\Users\nguye\AppData\Local\Temp\junit8425790228398419775\output.csv
2025-07-31 23:30:29.495 [main] INFO  c.i.data.core.FileConverterTest:99 - Test : Métadonnées absentes
2025-07-31 23:30:29.496 [main] INFO  c.ikkileague.data.core.FileConverter:42 - Début de la conversion : Fichier fixe 'C:\Users\nguye\AppData\Local\Temp\junit8425790228398419775\input_data.txt' + Métadonnées 'C:\Users\nguye\AppData\Local\Temp\junit8425790228398419775\metadata.csv' -> CSV 'C:\Users\nguye\AppData\Local\Temp\junit8425790228398419775\output.csv'
2025-07-31 23:30:29.497 [main] ERROR c.i.data.parser.MetadataParser:38 - Le fichier de métadonnées n'existe pas ou n'est pas un fichier valide : C:\Users\nguye\AppData\Local\Temp\junit8425790228398419775\metadata.csv
2025-07-31 23:30:29.497 [main] DEBUG c.i.data.core.FileConverterTest:107 - File Matadata not found : 
Le fichier de métadonnées n'existe pas ou n'est pas un fichier valide : C:\Users\nguye\AppData\Local\Temp\junit8425790228398419775\metadata.csv
2025-07-31 23:30:29.507 [main] INFO  c.i.data.core.FileConverterTest:36 - --- Initialisation d’un nouveau test FileConverter ---
2025-07-31 23:30:29.508 [main] DEBUG c.i.data.core.FileConverterTest:43 - Répertoire temporaire : C:\Users\nguye\AppData\Local\Temp\junit12795212808570626201
2025-07-31 23:30:29.508 [main] DEBUG c.i.data.core.FileConverterTest:44 - Chemin fichier d'entrée : C:\Users\nguye\AppData\Local\Temp\junit12795212808570626201\input_data.txt
2025-07-31 23:30:29.508 [main] DEBUG c.i.data.core.FileConverterTest:45 - Chemin fichier métadonnées : C:\Users\nguye\AppData\Local\Temp\junit12795212808570626201\metadata.csv
2025-07-31 23:30:29.509 [main] DEBUG c.i.data.core.FileConverterTest:46 - Chemin fichier de sortie : C:\Users\nguye\AppData\Local\Temp\junit12795212808570626201\output.csv
2025-07-31 23:30:29.510 [main] INFO  c.i.data.core.FileConverterTest:82 - Test : Fichier d'entrée manquant
2025-07-31 23:30:29.512 [main] INFO  c.ikkileague.data.core.FileConverter:42 - Début de la conversion : Fichier fixe 'fichier_inexistant.txt' + Métadonnées 'C:\Users\nguye\AppData\Local\Temp\junit12795212808570626201\metadata.csv' -> CSV 'C:\Users\nguye\AppData\Local\Temp\junit12795212808570626201\output.csv'
2025-07-31 23:30:29.534 [main] DEBUG c.ikkileague.data.core.FileConverter:52 - Définitions de 3 colonnes extraites depuis les métadonnées.
2025-07-31 23:30:29.539 [main] DEBUG c.i.data.core.FileConverterTest:91 - File Data fixed not found : 
Fichier d'entrée manquant ou non valide: fichier_inexistant.txt
2025-07-31 23:30:29.544 [main] INFO  c.i.data.core.FileConverterTest:36 - --- Initialisation d’un nouveau test FileConverter ---
2025-07-31 23:30:29.544 [main] DEBUG c.i.data.core.FileConverterTest:43 - Répertoire temporaire : C:\Users\nguye\AppData\Local\Temp\junit4215125156183952176
2025-07-31 23:30:29.544 [main] DEBUG c.i.data.core.FileConverterTest:44 - Chemin fichier d'entrée : C:\Users\nguye\AppData\Local\Temp\junit4215125156183952176\input_data.txt
2025-07-31 23:30:29.545 [main] DEBUG c.i.data.core.FileConverterTest:45 - Chemin fichier métadonnées : C:\Users\nguye\AppData\Local\Temp\junit4215125156183952176\metadata.csv
2025-07-31 23:30:29.545 [main] DEBUG c.i.data.core.FileConverterTest:46 - Chemin fichier de sortie : C:\Users\nguye\AppData\Local\Temp\junit4215125156183952176\output.csv
2025-07-31 23:30:29.545 [main] INFO  c.i.data.core.FileConverterTest:131 - Test : Date au mauvais format
2025-07-31 23:30:29.547 [main] INFO  c.ikkileague.data.core.FileConverter:42 - Début de la conversion : Fichier fixe 'C:\Users\nguye\AppData\Local\Temp\junit4215125156183952176\input_data.txt' + Métadonnées 'C:\Users\nguye\AppData\Local\Temp\junit4215125156183952176\metadata.csv' -> CSV 'C:\Users\nguye\AppData\Local\Temp\junit4215125156183952176\output.csv'
2025-07-31 23:30:29.548 [main] DEBUG c.ikkileague.data.core.FileConverter:52 - Définitions de 2 colonnes extraites depuis les métadonnées.
2025-07-31 23:30:29.549 [main] INFO  c.ikkileague.data.writer.CsvWriter:27 - Initializing CSV writer for output file: C:\Users\nguye\AppData\Local\Temp\junit4215125156183952176\output.csv
2025-07-31 23:30:29.549 [main] DEBUG c.ikkileague.data.writer.CsvWriter:28 - CSV Headers: [ID, DateNaissance]
2025-07-31 23:30:29.550 [main] DEBUG c.i.data.parser.FixedRecordParser:37 - parseLine line 20 : 00000000011990/05/15
2025-07-31 23:30:29.551 [main] DEBUG c.i.data.parser.FixedRecordParser:38 - parseLine columnDefinitions 2 : [ColumnDefinition{name='ID', type='NUMERIC',  length=10}, ColumnDefinition{name='DateNaissance', type='DATE',  length=10}]
2025-07-31 23:30:29.553 [main] DEBUG c.i.data.parser.FixedRecordParser:57 - Champ extrait de longueur 10 : 0000000001
2025-07-31 23:30:29.554 [main] DEBUG c.i.data.parser.FixedRecordParser:57 - Champ extrait de longueur 10 : 1990/05/15
2025-07-31 23:30:29.555 [main] ERROR c.i.data.formatter.DataFormatter:61 - Format de date invalide : '1990/05/15'. Format attendu : YYYY-MM-DD.
java.time.format.DateTimeParseException: Text '1990/05/15' could not be parsed at index 4
	at java.base/java.time.format.DateTimeFormatter.parseResolved0(DateTimeFormatter.java:2052)
	at java.base/java.time.format.DateTimeFormatter.parse(DateTimeFormatter.java:1880)
	at com.ikkileague.data.formatter.DataFormatter.formatDate(DataFormatter.java:58)
	at com.ikkileague.data.formatter.DataFormatter.format(DataFormatter.java:36)
	at com.ikkileague.data.core.FileConverter.convert(FileConverter.java:90)
	at com.ikkileague.data.core.FileConverterTest.lambda$convert_invalidDateFormatInInput_throwsException$3(FileConverterTest.java:138)
	at org.junit.jupiter.api.AssertThrows.assertThrows(AssertThrows.java:53)
	at org.junit.jupiter.api.AssertThrows.assertThrows(AssertThrows.java:35)
	at org.junit.jupiter.api.Assertions.assertThrows(Assertions.java:3111)
	at com.ikkileague.data.core.FileConverterTest.convert_invalidDateFormatInInput_throwsException(FileConverterTest.java:137)
	at java.base/jdk.internal.reflect.NativeMethodAccessorImpl.invoke0(Native Method)
	at java.base/jdk.internal.reflect.NativeMethodAccessorImpl.invoke(NativeMethodAccessorImpl.java:77)
	at java.base/jdk.internal.reflect.DelegatingMethodAccessorImpl.invoke(DelegatingMethodAccessorImpl.java:43)
	at java.base/java.lang.reflect.Method.invoke(Method.java:568)
	at org.junit.platform.commons.util.ReflectionUtils.invokeMethod(ReflectionUtils.java:728)
	at org.junit.jupiter.engine.execution.MethodInvocation.proceed(MethodInvocation.java:60)
	at org.junit.jupiter.engine.execution.InvocationInterceptorChain$ValidatingInvocation.proceed(InvocationInterceptorChain.java:131)
	at org.junit.jupiter.engine.extension.TimeoutExtension.intercept(TimeoutExtension.java:156)
	at org.junit.jupiter.engine.extension.TimeoutExtension.interceptTestableMethod(TimeoutExtension.java:147)
	at org.junit.jupiter.engine.extension.TimeoutExtension.interceptTestMethod(TimeoutExtension.java:86)
	at org.junit.jupiter.engine.execution.InterceptingExecutableInvoker$ReflectiveInterceptorCall.lambda$ofVoidMethod$0(InterceptingExecutableInvoker.java:103)
	at org.junit.jupiter.engine.execution.InterceptingExecutableInvoker.lambda$invoke$0(InterceptingExecutableInvoker.java:93)
	at org.junit.jupiter.engine.execution.InvocationInterceptorChain$InterceptedInvocation.proceed(InvocationInterceptorChain.java:106)
	at org.junit.jupiter.engine.execution.InvocationInterceptorChain.proceed(InvocationInterceptorChain.java:64)
	at org.junit.jupiter.engine.execution.InvocationInterceptorChain.chainAndInvoke(InvocationInterceptorChain.java:45)
	at org.junit.jupiter.engine.execution.InvocationInterceptorChain.invoke(InvocationInterceptorChain.java:37)
	at org.junit.jupiter.engine.execution.InterceptingExecutableInvoker.invoke(InterceptingExecutableInvoker.java:92)
	at org.junit.jupiter.engine.execution.InterceptingExecutableInvoker.invoke(InterceptingExecutableInvoker.java:86)
	at org.junit.jupiter.engine.descriptor.TestMethodTestDescriptor.lambda$invokeTestMethod$7(TestMethodTestDescriptor.java:218)
	at org.junit.platform.engine.support.hierarchical.ThrowableCollector.execute(ThrowableCollector.java:73)
	at org.junit.jupiter.engine.descriptor.TestMethodTestDescriptor.invokeTestMethod(TestMethodTestDescriptor.java:214)
	at org.junit.jupiter.engine.descriptor.TestMethodTestDescriptor.execute(TestMethodTestDescriptor.java:139)
	at org.junit.jupiter.engine.descriptor.TestMethodTestDescriptor.execute(TestMethodTestDescriptor.java:69)
	at org.junit.platform.engine.support.hierarchical.NodeTestTask.lambda$executeRecursively$6(NodeTestTask.java:151)
	at org.junit.platform.engine.support.hierarchical.ThrowableCollector.execute(ThrowableCollector.java:73)
	at org.junit.platform.engine.support.hierarchical.NodeTestTask.lambda$executeRecursively$8(NodeTestTask.java:141)
	at org.junit.platform.engine.support.hierarchical.Node.around(Node.java:137)
	at org.junit.platform.engine.support.hierarchical.NodeTestTask.lambda$executeRecursively$9(NodeTestTask.java:139)
	at org.junit.platform.engine.support.hierarchical.ThrowableCollector.execute(ThrowableCollector.java:73)
	at org.junit.platform.engine.support.hierarchical.NodeTestTask.executeRecursively(NodeTestTask.java:138)
	at org.junit.platform.engine.support.hierarchical.NodeTestTask.execute(NodeTestTask.java:95)
	at java.base/java.util.ArrayList.forEach(ArrayList.java:1511)
	at org.junit.platform.engine.support.hierarchical.SameThreadHierarchicalTestExecutorService.invokeAll(SameThreadHierarchicalTestExecutorService.java:41)
	at org.junit.platform.engine.support.hierarchical.NodeTestTask.lambda$executeRecursively$6(NodeTestTask.java:155)
	at org.junit.platform.engine.support.hierarchical.ThrowableCollector.execute(ThrowableCollector.java:73)
	at org.junit.platform.engine.support.hierarchical.NodeTestTask.lambda$executeRecursively$8(NodeTestTask.java:141)
	at org.junit.platform.engine.support.hierarchical.Node.around(Node.java:137)
	at org.junit.platform.engine.support.hierarchical.NodeTestTask.lambda$executeRecursively$9(NodeTestTask.java:139)
	at org.junit.platform.engine.support.hierarchical.ThrowableCollector.execute(ThrowableCollector.java:73)
	at org.junit.platform.engine.support.hierarchical.NodeTestTask.executeRecursively(NodeTestTask.java:138)
	at org.junit.platform.engine.support.hierarchical.NodeTestTask.execute(NodeTestTask.java:95)
	at java.base/java.util.ArrayList.forEach(ArrayList.java:1511)
	at org.junit.platform.engine.support.hierarchical.SameThreadHierarchicalTestExecutorService.invokeAll(SameThreadHierarchicalTestExecutorService.java:41)
	at org.junit.platform.engine.support.hierarchical.NodeTestTask.lambda$executeRecursively$6(NodeTestTask.java:155)
	at org.junit.platform.engine.support.hierarchical.ThrowableCollector.execute(ThrowableCollector.java:73)
	at org.junit.platform.engine.support.hierarchical.NodeTestTask.lambda$executeRecursively$8(NodeTestTask.java:141)
	at org.junit.platform.engine.support.hierarchical.Node.around(Node.java:137)
	at org.junit.platform.engine.support.hierarchical.NodeTestTask.lambda$executeRecursively$9(NodeTestTask.java:139)
	at org.junit.platform.engine.support.hierarchical.ThrowableCollector.execute(ThrowableCollector.java:73)
	at org.junit.platform.engine.support.hierarchical.NodeTestTask.executeRecursively(NodeTestTask.java:138)
	at org.junit.platform.engine.support.hierarchical.NodeTestTask.execute(NodeTestTask.java:95)
	at org.junit.platform.engine.support.hierarchical.SameThreadHierarchicalTestExecutorService.submit(SameThreadHierarchicalTestExecutorService.java:35)
	at org.junit.platform.engine.support.hierarchical.HierarchicalTestExecutor.execute(HierarchicalTestExecutor.java:57)
	at org.junit.platform.engine.support.hierarchical.HierarchicalTestEngine.execute(HierarchicalTestEngine.java:54)
	at org.junit.platform.launcher.core.EngineExecutionOrchestrator.execute(EngineExecutionOrchestrator.java:198)
	at org.junit.platform.launcher.core.EngineExecutionOrchestrator.execute(EngineExecutionOrchestrator.java:169)
	at org.junit.platform.launcher.core.EngineExecutionOrchestrator.execute(EngineExecutionOrchestrator.java:93)
	at org.junit.platform.launcher.core.EngineExecutionOrchestrator.lambda$execute$0(EngineExecutionOrchestrator.java:58)
	at org.junit.platform.launcher.core.EngineExecutionOrchestrator.withInterceptedStreams(EngineExecutionOrchestrator.java:141)
	at org.junit.platform.launcher.core.EngineExecutionOrchestrator.execute(EngineExecutionOrchestrator.java:57)
	at org.junit.platform.launcher.core.DefaultLauncher.execute(DefaultLauncher.java:103)
	at org.junit.platform.launcher.core.DefaultLauncher.execute(DefaultLauncher.java:85)
	at org.junit.platform.launcher.core.DelegatingLauncher.execute(DelegatingLauncher.java:47)
	at org.apache.maven.surefire.junitplatform.LazyLauncher.execute(LazyLauncher.java:56)
	at org.apache.maven.surefire.junitplatform.JUnitPlatformProvider.execute(JUnitPlatformProvider.java:184)
	at org.apache.maven.surefire.junitplatform.JUnitPlatformProvider.invokeAllTests(JUnitPlatformProvider.java:148)
	at org.apache.maven.surefire.junitplatform.JUnitPlatformProvider.invoke(JUnitPlatformProvider.java:122)
	at org.apache.maven.surefire.booter.ForkedBooter.runSuitesInProcess(ForkedBooter.java:385)
	at org.apache.maven.surefire.booter.ForkedBooter.execute(ForkedBooter.java:162)
	at org.apache.maven.surefire.booter.ForkedBooter.run(ForkedBooter.java:507)
	at org.apache.maven.surefire.booter.ForkedBooter.main(ForkedBooter.java:495)
2025-07-31 23:30:29.558 [main] ERROR c.ikkileague.data.core.FileConverter:99 - Erreur lors du traitement du champ pour la colonne 'DateNaissance' (type DATE) à la ligne 1 : Format de date invalide : '1990/05/15'. Format attendu : YYYY-MM-DD.
com.ikkileague.data.exception.ConversionException: Format de date invalide : '1990/05/15'. Format attendu : YYYY-MM-DD.
	at com.ikkileague.data.formatter.DataFormatter.formatDate(DataFormatter.java:62)
	at com.ikkileague.data.formatter.DataFormatter.format(DataFormatter.java:36)
	at com.ikkileague.data.core.FileConverter.convert(FileConverter.java:90)
	at com.ikkileague.data.core.FileConverterTest.lambda$convert_invalidDateFormatInInput_throwsException$3(FileConverterTest.java:138)
	at org.junit.jupiter.api.AssertThrows.assertThrows(AssertThrows.java:53)
	at org.junit.jupiter.api.AssertThrows.assertThrows(AssertThrows.java:35)
	at org.junit.jupiter.api.Assertions.assertThrows(Assertions.java:3111)
	at com.ikkileague.data.core.FileConverterTest.convert_invalidDateFormatInInput_throwsException(FileConverterTest.java:137)
	at java.base/jdk.internal.reflect.NativeMethodAccessorImpl.invoke0(Native Method)
	at java.base/jdk.internal.reflect.NativeMethodAccessorImpl.invoke(NativeMethodAccessorImpl.java:77)
	at java.base/jdk.internal.reflect.DelegatingMethodAccessorImpl.invoke(DelegatingMethodAccessorImpl.java:43)
	at java.base/java.lang.reflect.Method.invoke(Method.java:568)
	at org.junit.platform.commons.util.ReflectionUtils.invokeMethod(ReflectionUtils.java:728)
	at org.junit.jupiter.engine.execution.MethodInvocation.proceed(MethodInvocation.java:60)
	at org.junit.jupiter.engine.execution.InvocationInterceptorChain$ValidatingInvocation.proceed(InvocationInterceptorChain.java:131)
	at org.junit.jupiter.engine.extension.TimeoutExtension.intercept(TimeoutExtension.java:156)
	at org.junit.jupiter.engine.extension.TimeoutExtension.interceptTestableMethod(TimeoutExtension.java:147)
	at org.junit.jupiter.engine.extension.TimeoutExtension.interceptTestMethod(TimeoutExtension.java:86)
	at org.junit.jupiter.engine.execution.InterceptingExecutableInvoker$ReflectiveInterceptorCall.lambda$ofVoidMethod$0(InterceptingExecutableInvoker.java:103)
	at org.junit.jupiter.engine.execution.InterceptingExecutableInvoker.lambda$invoke$0(InterceptingExecutableInvoker.java:93)
	at org.junit.jupiter.engine.execution.InvocationInterceptorChain$InterceptedInvocation.proceed(InvocationInterceptorChain.java:106)
	at org.junit.jupiter.engine.execution.InvocationInterceptorChain.proceed(InvocationInterceptorChain.java:64)
	at org.junit.jupiter.engine.execution.InvocationInterceptorChain.chainAndInvoke(InvocationInterceptorChain.java:45)
	at org.junit.jupiter.engine.execution.InvocationInterceptorChain.invoke(InvocationInterceptorChain.java:37)
	at org.junit.jupiter.engine.execution.InterceptingExecutableInvoker.invoke(InterceptingExecutableInvoker.java:92)
	at org.junit.jupiter.engine.execution.InterceptingExecutableInvoker.invoke(InterceptingExecutableInvoker.java:86)
	at org.junit.jupiter.engine.descriptor.TestMethodTestDescriptor.lambda$invokeTestMethod$7(TestMethodTestDescriptor.java:218)
	at org.junit.platform.engine.support.hierarchical.ThrowableCollector.execute(ThrowableCollector.java:73)
	at org.junit.jupiter.engine.descriptor.TestMethodTestDescriptor.invokeTestMethod(TestMethodTestDescriptor.java:214)
	at org.junit.jupiter.engine.descriptor.TestMethodTestDescriptor.execute(TestMethodTestDescriptor.java:139)
	at org.junit.jupiter.engine.descriptor.TestMethodTestDescriptor.execute(TestMethodTestDescriptor.java:69)
	at org.junit.platform.engine.support.hierarchical.NodeTestTask.lambda$executeRecursively$6(NodeTestTask.java:151)
	at org.junit.platform.engine.support.hierarchical.ThrowableCollector.execute(ThrowableCollector.java:73)
	at org.junit.platform.engine.support.hierarchical.NodeTestTask.lambda$executeRecursively$8(NodeTestTask.java:141)
	at org.junit.platform.engine.support.hierarchical.Node.around(Node.java:137)
	at org.junit.platform.engine.support.hierarchical.NodeTestTask.lambda$executeRecursively$9(NodeTestTask.java:139)
	at org.junit.platform.engine.support.hierarchical.ThrowableCollector.execute(ThrowableCollector.java:73)
	at org.junit.platform.engine.support.hierarchical.NodeTestTask.executeRecursively(NodeTestTask.java:138)
	at org.junit.platform.engine.support.hierarchical.NodeTestTask.execute(NodeTestTask.java:95)
	at java.base/java.util.ArrayList.forEach(ArrayList.java:1511)
	at org.junit.platform.engine.support.hierarchical.SameThreadHierarchicalTestExecutorService.invokeAll(SameThreadHierarchicalTestExecutorService.java:41)
	at org.junit.platform.engine.support.hierarchical.NodeTestTask.lambda$executeRecursively$6(NodeTestTask.java:155)
	at org.junit.platform.engine.support.hierarchical.ThrowableCollector.execute(ThrowableCollector.java:73)
	at org.junit.platform.engine.support.hierarchical.NodeTestTask.lambda$executeRecursively$8(NodeTestTask.java:141)
	at org.junit.platform.engine.support.hierarchical.Node.around(Node.java:137)
	at org.junit.platform.engine.support.hierarchical.NodeTestTask.lambda$executeRecursively$9(NodeTestTask.java:139)
	at org.junit.platform.engine.support.hierarchical.ThrowableCollector.execute(ThrowableCollector.java:73)
	at org.junit.platform.engine.support.hierarchical.NodeTestTask.executeRecursively(NodeTestTask.java:138)
	at org.junit.platform.engine.support.hierarchical.NodeTestTask.execute(NodeTestTask.java:95)
	at java.base/java.util.ArrayList.forEach(ArrayList.java:1511)
	at org.junit.platform.engine.support.hierarchical.SameThreadHierarchicalTestExecutorService.invokeAll(SameThreadHierarchicalTestExecutorService.java:41)
	at org.junit.platform.engine.support.hierarchical.NodeTestTask.lambda$executeRecursively$6(NodeTestTask.java:155)
	at org.junit.platform.engine.support.hierarchical.ThrowableCollector.execute(ThrowableCollector.java:73)
	at org.junit.platform.engine.support.hierarchical.NodeTestTask.lambda$executeRecursively$8(NodeTestTask.java:141)
	at org.junit.platform.engine.support.hierarchical.Node.around(Node.java:137)
	at org.junit.platform.engine.support.hierarchical.NodeTestTask.lambda$executeRecursively$9(NodeTestTask.java:139)
	at org.junit.platform.engine.support.hierarchical.ThrowableCollector.execute(ThrowableCollector.java:73)
	at org.junit.platform.engine.support.hierarchical.NodeTestTask.executeRecursively(NodeTestTask.java:138)
	at org.junit.platform.engine.support.hierarchical.NodeTestTask.execute(NodeTestTask.java:95)
	at org.junit.platform.engine.support.hierarchical.SameThreadHierarchicalTestExecutorService.submit(SameThreadHierarchicalTestExecutorService.java:35)
	at org.junit.platform.engine.support.hierarchical.HierarchicalTestExecutor.execute(HierarchicalTestExecutor.java:57)
	at org.junit.platform.engine.support.hierarchical.HierarchicalTestEngine.execute(HierarchicalTestEngine.java:54)
	at org.junit.platform.launcher.core.EngineExecutionOrchestrator.execute(EngineExecutionOrchestrator.java:198)
	at org.junit.platform.launcher.core.EngineExecutionOrchestrator.execute(EngineExecutionOrchestrator.java:169)
	at org.junit.platform.launcher.core.EngineExecutionOrchestrator.execute(EngineExecutionOrchestrator.java:93)
	at org.junit.platform.launcher.core.EngineExecutionOrchestrator.lambda$execute$0(EngineExecutionOrchestrator.java:58)
	at org.junit.platform.launcher.core.EngineExecutionOrchestrator.withInterceptedStreams(EngineExecutionOrchestrator.java:141)
	at org.junit.platform.launcher.core.EngineExecutionOrchestrator.execute(EngineExecutionOrchestrator.java:57)
	at org.junit.platform.launcher.core.DefaultLauncher.execute(DefaultLauncher.java:103)
	at org.junit.platform.launcher.core.DefaultLauncher.execute(DefaultLauncher.java:85)
	at org.junit.platform.launcher.core.DelegatingLauncher.execute(DelegatingLauncher.java:47)
	at org.apache.maven.surefire.junitplatform.LazyLauncher.execute(LazyLauncher.java:56)
	at org.apache.maven.surefire.junitplatform.JUnitPlatformProvider.execute(JUnitPlatformProvider.java:184)
	at org.apache.maven.surefire.junitplatform.JUnitPlatformProvider.invokeAllTests(JUnitPlatformProvider.java:148)
	at org.apache.maven.surefire.junitplatform.JUnitPlatformProvider.invoke(JUnitPlatformProvider.java:122)
	at org.apache.maven.surefire.booter.ForkedBooter.runSuitesInProcess(ForkedBooter.java:385)
	at org.apache.maven.surefire.booter.ForkedBooter.execute(ForkedBooter.java:162)
	at org.apache.maven.surefire.booter.ForkedBooter.run(ForkedBooter.java:507)
	at org.apache.maven.surefire.booter.ForkedBooter.main(ForkedBooter.java:495)
Caused by: java.time.format.DateTimeParseException: Text '1990/05/15' could not be parsed at index 4
	at java.base/java.time.format.DateTimeFormatter.parseResolved0(DateTimeFormatter.java:2052)
	at java.base/java.time.format.DateTimeFormatter.parse(DateTimeFormatter.java:1880)
	at com.ikkileague.data.formatter.DataFormatter.formatDate(DataFormatter.java:58)
	... 78 common frames omitted
2025-07-31 23:30:29.564 [main] INFO  c.ikkileague.data.writer.CsvWriter:58 - Closing CSV writer.
2025-07-31 23:30:29.565 [main] DEBUG c.i.data.core.FileConverterTest:141 - Invalid date format : Erreur lors du traitement du champ pour la colonne 'DateNaissance' (type DATE) à la ligne 1 : Format de date invalide : '1990/05/15'. Format attendu : YYYY-MM-DD. 

2025-07-31 23:30:29.605 [main] DEBUG c.i.data.formatter.DataFormatterTest:21 - --- Préparation de DataFormatterTest pour un nouveau test ---
2025-07-31 23:30:29.606 [main] DEBUG c.i.data.formatter.DataFormatterTest:30 - Démarrage du test: format_validDate_returnsFormattedString
2025-07-31 23:30:29.610 [main] DEBUG c.i.data.formatter.DataFormatterTest:37 - Test passé: Date valide formatée correctement.
2025-07-31 23:30:29.614 [main] DEBUG c.i.data.formatter.DataFormatterTest:21 - --- Préparation de DataFormatterTest pour un nouveau test ---
2025-07-31 23:30:29.614 [main] DEBUG c.i.data.formatter.DataFormatterTest:90 - Démarrage du test: format_validDecimalNumeric_returnsString
2025-07-31 23:30:29.616 [main] DEBUG c.i.data.formatter.DataFormatterTest:21 - --- Préparation de DataFormatterTest pour un nouveau test ---
2025-07-31 23:30:29.619 [main] DEBUG c.i.data.formatter.DataFormatterTest:103 - Démarrage du test: format_emptyNumeric_returnsEmptyString
2025-07-31 23:30:29.623 [main] DEBUG c.i.data.formatter.DataFormatterTest:21 - --- Préparation de DataFormatterTest pour un nouveau test ---
2025-07-31 23:30:29.624 [main] DEBUG c.i.data.formatter.DataFormatterTest:75 - Démarrage du test: format_validIntegerNumeric_returnsString
2025-07-31 23:30:29.626 [main] DEBUG c.i.data.formatter.DataFormatterTest:21 - --- Préparation de DataFormatterTest pour un nouveau test ---
2025-07-31 23:30:29.627 [main] DEBUG c.i.data.formatter.DataFormatterTest:148 - Démarrage du test: format_plainString_returnsSameString
2025-07-31 23:30:29.629 [main] DEBUG c.i.data.formatter.DataFormatterTest:21 - --- Préparation de DataFormatterTest pour un nouveau test ---
2025-07-31 23:30:29.629 [main] DEBUG c.i.data.formatter.DataFormatterTest:173 - Démarrage du test: format_stringWithForbiddenCharacters_throwsConversionException
2025-07-31 23:30:29.630 [main] ERROR c.i.data.formatter.DataFormatter:101 - Le champ texte contient des caractères interdits (CR or LF) : 'Première ligneDeuxième ligne'.
2025-07-31 23:30:29.630 [main] DEBUG c.i.data.formatter.DataFormatterTest:184 - Caractères interdits (CR) :
 Le champ texte contient des caractères interdits (CR or LF) : 'Première ligneDeuxième ligne'.
2025-07-31 23:30:29.631 [main] ERROR c.i.data.formatter.DataFormatter:101 - Le champ texte contient des caractères interdits (CR or LF) : 'Première ligne
Deuxième ligne'.
2025-07-31 23:30:29.631 [main] DEBUG c.i.data.formatter.DataFormatterTest:193 - Caractères interdits (LF) :
 Le champ texte contient des caractères interdits (CR or LF) : 'Première ligneDeuxième ligne'.
2025-07-31 23:30:29.644 [main] DEBUG c.i.data.formatter.DataFormatterTest:21 - --- Préparation de DataFormatterTest pour un nouveau test ---
2025-07-31 23:30:29.645 [main] DEBUG c.i.data.formatter.DataFormatterTest:56 - Démarrage du test: format_invalidDateFormat_throwsConversionException
2025-07-31 23:30:29.648 [main] ERROR c.i.data.formatter.DataFormatter:61 - Format de date invalide : '26/10/2023'. Format attendu : YYYY-MM-DD.
java.time.format.DateTimeParseException: Text '26/10/2023' could not be parsed at index 0
	at java.base/java.time.format.DateTimeFormatter.parseResolved0(DateTimeFormatter.java:2052)
	at java.base/java.time.format.DateTimeFormatter.parse(DateTimeFormatter.java:1880)
	at com.ikkileague.data.formatter.DataFormatter.formatDate(DataFormatter.java:58)
	at com.ikkileague.data.formatter.DataFormatter.format(DataFormatter.java:36)
	at com.ikkileague.data.formatter.DataFormatterTest.lambda$format_invalidDateFormat_throwsConversionException$0(DataFormatterTest.java:62)
	at org.junit.jupiter.api.AssertThrows.assertThrows(AssertThrows.java:53)
	at org.junit.jupiter.api.AssertThrows.assertThrows(AssertThrows.java:39)
	at org.junit.jupiter.api.Assertions.assertThrows(Assertions.java:3127)
	at com.ikkileague.data.formatter.DataFormatterTest.format_invalidDateFormat_throwsConversionException(DataFormatterTest.java:61)
	at java.base/jdk.internal.reflect.NativeMethodAccessorImpl.invoke0(Native Method)
	at java.base/jdk.internal.reflect.NativeMethodAccessorImpl.invoke(NativeMethodAccessorImpl.java:77)
	at java.base/jdk.internal.reflect.DelegatingMethodAccessorImpl.invoke(DelegatingMethodAccessorImpl.java:43)
	at java.base/java.lang.reflect.Method.invoke(Method.java:568)
	at org.junit.platform.commons.util.ReflectionUtils.invokeMethod(ReflectionUtils.java:728)
	at org.junit.jupiter.engine.execution.MethodInvocation.proceed(MethodInvocation.java:60)
	at org.junit.jupiter.engine.execution.InvocationInterceptorChain$ValidatingInvocation.proceed(InvocationInterceptorChain.java:131)
	at org.junit.jupiter.engine.extension.TimeoutExtension.intercept(TimeoutExtension.java:156)
	at org.junit.jupiter.engine.extension.TimeoutExtension.interceptTestableMethod(TimeoutExtension.java:147)
	at org.junit.jupiter.engine.extension.TimeoutExtension.interceptTestMethod(TimeoutExtension.java:86)
	at org.junit.jupiter.engine.execution.InterceptingExecutableInvoker$ReflectiveInterceptorCall.lambda$ofVoidMethod$0(InterceptingExecutableInvoker.java:103)
	at org.junit.jupiter.engine.execution.InterceptingExecutableInvoker.lambda$invoke$0(InterceptingExecutableInvoker.java:93)
	at org.junit.jupiter.engine.execution.InvocationInterceptorChain$InterceptedInvocation.proceed(InvocationInterceptorChain.java:106)
	at org.junit.jupiter.engine.execution.InvocationInterceptorChain.proceed(InvocationInterceptorChain.java:64)
	at org.junit.jupiter.engine.execution.InvocationInterceptorChain.chainAndInvoke(InvocationInterceptorChain.java:45)
	at org.junit.jupiter.engine.execution.InvocationInterceptorChain.invoke(InvocationInterceptorChain.java:37)
	at org.junit.jupiter.engine.execution.InterceptingExecutableInvoker.invoke(InterceptingExecutableInvoker.java:92)
	at org.junit.jupiter.engine.execution.InterceptingExecutableInvoker.invoke(InterceptingExecutableInvoker.java:86)
	at org.junit.jupiter.engine.descriptor.TestMethodTestDescriptor.lambda$invokeTestMethod$7(TestMethodTestDescriptor.java:218)
	at org.junit.platform.engine.support.hierarchical.ThrowableCollector.execute(ThrowableCollector.java:73)
	at org.junit.jupiter.engine.descriptor.TestMethodTestDescriptor.invokeTestMethod(TestMethodTestDescriptor.java:214)
	at org.junit.jupiter.engine.descriptor.TestMethodTestDescriptor.execute(TestMethodTestDescriptor.java:139)
	at org.junit.jupiter.engine.descriptor.TestMethodTestDescriptor.execute(TestMethodTestDescriptor.java:69)
	at org.junit.platform.engine.support.hierarchical.NodeTestTask.lambda$executeRecursively$6(NodeTestTask.java:151)
	at org.junit.platform.engine.support.hierarchical.ThrowableCollector.execute(ThrowableCollector.java:73)
	at org.junit.platform.engine.support.hierarchical.NodeTestTask.lambda$executeRecursively$8(NodeTestTask.java:141)
	at org.junit.platform.engine.support.hierarchical.Node.around(Node.java:137)
	at org.junit.platform.engine.support.hierarchical.NodeTestTask.lambda$executeRecursively$9(NodeTestTask.java:139)
	at org.junit.platform.engine.support.hierarchical.ThrowableCollector.execute(ThrowableCollector.java:73)
	at org.junit.platform.engine.support.hierarchical.NodeTestTask.executeRecursively(NodeTestTask.java:138)
	at org.junit.platform.engine.support.hierarchical.NodeTestTask.execute(NodeTestTask.java:95)
	at java.base/java.util.ArrayList.forEach(ArrayList.java:1511)
	at org.junit.platform.engine.support.hierarchical.SameThreadHierarchicalTestExecutorService.invokeAll(SameThreadHierarchicalTestExecutorService.java:41)
	at org.junit.platform.engine.support.hierarchical.NodeTestTask.lambda$executeRecursively$6(NodeTestTask.java:155)
	at org.junit.platform.engine.support.hierarchical.ThrowableCollector.execute(ThrowableCollector.java:73)
	at org.junit.platform.engine.support.hierarchical.NodeTestTask.lambda$executeRecursively$8(NodeTestTask.java:141)
	at org.junit.platform.engine.support.hierarchical.Node.around(Node.java:137)
	at org.junit.platform.engine.support.hierarchical.NodeTestTask.lambda$executeRecursively$9(NodeTestTask.java:139)
	at org.junit.platform.engine.support.hierarchical.ThrowableCollector.execute(ThrowableCollector.java:73)
	at org.junit.platform.engine.support.hierarchical.NodeTestTask.executeRecursively(NodeTestTask.java:138)
	at org.junit.platform.engine.support.hierarchical.NodeTestTask.execute(NodeTestTask.java:95)
	at java.base/java.util.ArrayList.forEach(ArrayList.java:1511)
	at org.junit.platform.engine.support.hierarchical.SameThreadHierarchicalTestExecutorService.invokeAll(SameThreadHierarchicalTestExecutorService.java:41)
	at org.junit.platform.engine.support.hierarchical.NodeTestTask.lambda$executeRecursively$6(NodeTestTask.java:155)
	at org.junit.platform.engine.support.hierarchical.ThrowableCollector.execute(ThrowableCollector.java:73)
	at org.junit.platform.engine.support.hierarchical.NodeTestTask.lambda$executeRecursively$8(NodeTestTask.java:141)
	at org.junit.platform.engine.support.hierarchical.Node.around(Node.java:137)
	at org.junit.platform.engine.support.hierarchical.NodeTestTask.lambda$executeRecursively$9(NodeTestTask.java:139)
	at org.junit.platform.engine.support.hierarchical.ThrowableCollector.execute(ThrowableCollector.java:73)
	at org.junit.platform.engine.support.hierarchical.NodeTestTask.executeRecursively(NodeTestTask.java:138)
	at org.junit.platform.engine.support.hierarchical.NodeTestTask.execute(NodeTestTask.java:95)
	at org.junit.platform.engine.support.hierarchical.SameThreadHierarchicalTestExecutorService.submit(SameThreadHierarchicalTestExecutorService.java:35)
	at org.junit.platform.engine.support.hierarchical.HierarchicalTestExecutor.execute(HierarchicalTestExecutor.java:57)
	at org.junit.platform.engine.support.hierarchical.HierarchicalTestEngine.execute(HierarchicalTestEngine.java:54)
	at org.junit.platform.launcher.core.EngineExecutionOrchestrator.execute(EngineExecutionOrchestrator.java:198)
	at org.junit.platform.launcher.core.EngineExecutionOrchestrator.execute(EngineExecutionOrchestrator.java:169)
	at org.junit.platform.launcher.core.EngineExecutionOrchestrator.execute(EngineExecutionOrchestrator.java:93)
	at org.junit.platform.launcher.core.EngineExecutionOrchestrator.lambda$execute$0(EngineExecutionOrchestrator.java:58)
	at org.junit.platform.launcher.core.EngineExecutionOrchestrator.withInterceptedStreams(EngineExecutionOrchestrator.java:141)
	at org.junit.platform.launcher.core.EngineExecutionOrchestrator.execute(EngineExecutionOrchestrator.java:57)
	at org.junit.platform.launcher.core.DefaultLauncher.execute(DefaultLauncher.java:103)
	at org.junit.platform.launcher.core.DefaultLauncher.execute(DefaultLauncher.java:85)
	at org.junit.platform.launcher.core.DelegatingLauncher.execute(DelegatingLauncher.java:47)
	at org.apache.maven.surefire.junitplatform.LazyLauncher.execute(LazyLauncher.java:56)
	at org.apache.maven.surefire.junitplatform.JUnitPlatformProvider.execute(JUnitPlatformProvider.java:184)
	at org.apache.maven.surefire.junitplatform.JUnitPlatformProvider.invokeAllTests(JUnitPlatformProvider.java:148)
	at org.apache.maven.surefire.junitplatform.JUnitPlatformProvider.invoke(JUnitPlatformProvider.java:122)
	at org.apache.maven.surefire.booter.ForkedBooter.runSuitesInProcess(ForkedBooter.java:385)
	at org.apache.maven.surefire.booter.ForkedBooter.execute(ForkedBooter.java:162)
	at org.apache.maven.surefire.booter.ForkedBooter.run(ForkedBooter.java:507)
	at org.apache.maven.surefire.booter.ForkedBooter.main(ForkedBooter.java:495)
2025-07-31 23:30:29.655 [main] DEBUG c.i.data.formatter.DataFormatterTest:64 - Format de date error msg : Format de date invalide : '26/10/2023'. Format attendu : YYYY-MM-DD.
2025-07-31 23:30:29.659 [main] DEBUG c.i.data.formatter.DataFormatterTest:21 - --- Préparation de DataFormatterTest pour un nouveau test ---
2025-07-31 23:30:29.659 [main] DEBUG c.i.data.formatter.DataFormatterTest:43 - Démarrage du test: format_emptyDate_returnsEmptyString
2025-07-31 23:30:29.660 [main] DEBUG c.i.data.formatter.DataFormatterTest:50 - Test passé: Date vide gérée correctement.
2025-07-31 23:30:29.661 [main] DEBUG c.i.data.formatter.DataFormatterTest:21 - --- Préparation de DataFormatterTest pour un nouveau test ---
2025-07-31 23:30:29.662 [main] DEBUG c.i.data.formatter.DataFormatterTest:116 - Démarrage du test: format_invalidNumericFormat_throwsConversionException
2025-07-31 23:30:29.662 [main] ERROR c.i.data.formatter.DataFormatter:86 - Format numérique invalide : 'abc'.
java.lang.NumberFormatException: For input string: "abc"
	at java.base/java.lang.NumberFormatException.forInputString(NumberFormatException.java:67)
	at java.base/java.lang.Integer.parseInt(Integer.java:668)
	at java.base/java.lang.Integer.parseInt(Integer.java:786)
	at com.ikkileague.data.formatter.DataFormatter.formatNumeric(DataFormatter.java:82)
	at com.ikkileague.data.formatter.DataFormatter.format(DataFormatter.java:38)
	at com.ikkileague.data.formatter.DataFormatterTest.lambda$format_invalidNumericFormat_throwsConversionException$1(DataFormatterTest.java:122)
	at org.junit.jupiter.api.AssertThrows.assertThrows(AssertThrows.java:53)
	at org.junit.jupiter.api.AssertThrows.assertThrows(AssertThrows.java:39)
	at org.junit.jupiter.api.Assertions.assertThrows(Assertions.java:3127)
	at com.ikkileague.data.formatter.DataFormatterTest.format_invalidNumericFormat_throwsConversionException(DataFormatterTest.java:121)
	at java.base/jdk.internal.reflect.NativeMethodAccessorImpl.invoke0(Native Method)
	at java.base/jdk.internal.reflect.NativeMethodAccessorImpl.invoke(NativeMethodAccessorImpl.java:77)
	at java.base/jdk.internal.reflect.DelegatingMethodAccessorImpl.invoke(DelegatingMethodAccessorImpl.java:43)
	at java.base/java.lang.reflect.Method.invoke(Method.java:568)
	at org.junit.platform.commons.util.ReflectionUtils.invokeMethod(ReflectionUtils.java:728)
	at org.junit.jupiter.engine.execution.MethodInvocation.proceed(MethodInvocation.java:60)
	at org.junit.jupiter.engine.execution.InvocationInterceptorChain$ValidatingInvocation.proceed(InvocationInterceptorChain.java:131)
	at org.junit.jupiter.engine.extension.TimeoutExtension.intercept(TimeoutExtension.java:156)
	at org.junit.jupiter.engine.extension.TimeoutExtension.interceptTestableMethod(TimeoutExtension.java:147)
	at org.junit.jupiter.engine.extension.TimeoutExtension.interceptTestMethod(TimeoutExtension.java:86)
	at org.junit.jupiter.engine.execution.InterceptingExecutableInvoker$ReflectiveInterceptorCall.lambda$ofVoidMethod$0(InterceptingExecutableInvoker.java:103)
	at org.junit.jupiter.engine.execution.InterceptingExecutableInvoker.lambda$invoke$0(InterceptingExecutableInvoker.java:93)
	at org.junit.jupiter.engine.execution.InvocationInterceptorChain$InterceptedInvocation.proceed(InvocationInterceptorChain.java:106)
	at org.junit.jupiter.engine.execution.InvocationInterceptorChain.proceed(InvocationInterceptorChain.java:64)
	at org.junit.jupiter.engine.execution.InvocationInterceptorChain.chainAndInvoke(InvocationInterceptorChain.java:45)
	at org.junit.jupiter.engine.execution.InvocationInterceptorChain.invoke(InvocationInterceptorChain.java:37)
	at org.junit.jupiter.engine.execution.InterceptingExecutableInvoker.invoke(InterceptingExecutableInvoker.java:92)
	at org.junit.jupiter.engine.execution.InterceptingExecutableInvoker.invoke(InterceptingExecutableInvoker.java:86)
	at org.junit.jupiter.engine.descriptor.TestMethodTestDescriptor.lambda$invokeTestMethod$7(TestMethodTestDescriptor.java:218)
	at org.junit.platform.engine.support.hierarchical.ThrowableCollector.execute(ThrowableCollector.java:73)
	at org.junit.jupiter.engine.descriptor.TestMethodTestDescriptor.invokeTestMethod(TestMethodTestDescriptor.java:214)
	at org.junit.jupiter.engine.descriptor.TestMethodTestDescriptor.execute(TestMethodTestDescriptor.java:139)
	at org.junit.jupiter.engine.descriptor.TestMethodTestDescriptor.execute(TestMethodTestDescriptor.java:69)
	at org.junit.platform.engine.support.hierarchical.NodeTestTask.lambda$executeRecursively$6(NodeTestTask.java:151)
	at org.junit.platform.engine.support.hierarchical.ThrowableCollector.execute(ThrowableCollector.java:73)
	at org.junit.platform.engine.support.hierarchical.NodeTestTask.lambda$executeRecursively$8(NodeTestTask.java:141)
	at org.junit.platform.engine.support.hierarchical.Node.around(Node.java:137)
	at org.junit.platform.engine.support.hierarchical.NodeTestTask.lambda$executeRecursively$9(NodeTestTask.java:139)
	at org.junit.platform.engine.support.hierarchical.ThrowableCollector.execute(ThrowableCollector.java:73)
	at org.junit.platform.engine.support.hierarchical.NodeTestTask.executeRecursively(NodeTestTask.java:138)
	at org.junit.platform.engine.support.hierarchical.NodeTestTask.execute(NodeTestTask.java:95)
	at java.base/java.util.ArrayList.forEach(ArrayList.java:1511)
	at org.junit.platform.engine.support.hierarchical.SameThreadHierarchicalTestExecutorService.invokeAll(SameThreadHierarchicalTestExecutorService.java:41)
	at org.junit.platform.engine.support.hierarchical.NodeTestTask.lambda$executeRecursively$6(NodeTestTask.java:155)
	at org.junit.platform.engine.support.hierarchical.ThrowableCollector.execute(ThrowableCollector.java:73)
	at org.junit.platform.engine.support.hierarchical.NodeTestTask.lambda$executeRecursively$8(NodeTestTask.java:141)
	at org.junit.platform.engine.support.hierarchical.Node.around(Node.java:137)
	at org.junit.platform.engine.support.hierarchical.NodeTestTask.lambda$executeRecursively$9(NodeTestTask.java:139)
	at org.junit.platform.engine.support.hierarchical.ThrowableCollector.execute(ThrowableCollector.java:73)
	at org.junit.platform.engine.support.hierarchical.NodeTestTask.executeRecursively(NodeTestTask.java:138)
	at org.junit.platform.engine.support.hierarchical.NodeTestTask.execute(NodeTestTask.java:95)
	at java.base/java.util.ArrayList.forEach(ArrayList.java:1511)
	at org.junit.platform.engine.support.hierarchical.SameThreadHierarchicalTestExecutorService.invokeAll(SameThreadHierarchicalTestExecutorService.java:41)
	at org.junit.platform.engine.support.hierarchical.NodeTestTask.lambda$executeRecursively$6(NodeTestTask.java:155)
	at org.junit.platform.engine.support.hierarchical.ThrowableCollector.execute(ThrowableCollector.java:73)
	at org.junit.platform.engine.support.hierarchical.NodeTestTask.lambda$executeRecursively$8(NodeTestTask.java:141)
	at org.junit.platform.engine.support.hierarchical.Node.around(Node.java:137)
	at org.junit.platform.engine.support.hierarchical.NodeTestTask.lambda$executeRecursively$9(NodeTestTask.java:139)
	at org.junit.platform.engine.support.hierarchical.ThrowableCollector.execute(ThrowableCollector.java:73)
	at org.junit.platform.engine.support.hierarchical.NodeTestTask.executeRecursively(NodeTestTask.java:138)
	at org.junit.platform.engine.support.hierarchical.NodeTestTask.execute(NodeTestTask.java:95)
	at org.junit.platform.engine.support.hierarchical.SameThreadHierarchicalTestExecutorService.submit(SameThreadHierarchicalTestExecutorService.java:35)
	at org.junit.platform.engine.support.hierarchical.HierarchicalTestExecutor.execute(HierarchicalTestExecutor.java:57)
	at org.junit.platform.engine.support.hierarchical.HierarchicalTestEngine.execute(HierarchicalTestEngine.java:54)
	at org.junit.platform.launcher.core.EngineExecutionOrchestrator.execute(EngineExecutionOrchestrator.java:198)
	at org.junit.platform.launcher.core.EngineExecutionOrchestrator.execute(EngineExecutionOrchestrator.java:169)
	at org.junit.platform.launcher.core.EngineExecutionOrchestrator.execute(EngineExecutionOrchestrator.java:93)
	at org.junit.platform.launcher.core.EngineExecutionOrchestrator.lambda$execute$0(EngineExecutionOrchestrator.java:58)
	at org.junit.platform.launcher.core.EngineExecutionOrchestrator.withInterceptedStreams(EngineExecutionOrchestrator.java:141)
	at org.junit.platform.launcher.core.EngineExecutionOrchestrator.execute(EngineExecutionOrchestrator.java:57)
	at org.junit.platform.launcher.core.DefaultLauncher.execute(DefaultLauncher.java:103)
	at org.junit.platform.launcher.core.DefaultLauncher.execute(DefaultLauncher.java:85)
	at org.junit.platform.launcher.core.DelegatingLauncher.execute(DelegatingLauncher.java:47)
	at org.apache.maven.surefire.junitplatform.LazyLauncher.execute(LazyLauncher.java:56)
	at org.apache.maven.surefire.junitplatform.JUnitPlatformProvider.execute(JUnitPlatformProvider.java:184)
	at org.apache.maven.surefire.junitplatform.JUnitPlatformProvider.invokeAllTests(JUnitPlatformProvider.java:148)
	at org.apache.maven.surefire.junitplatform.JUnitPlatformProvider.invoke(JUnitPlatformProvider.java:122)
	at org.apache.maven.surefire.booter.ForkedBooter.runSuitesInProcess(ForkedBooter.java:385)
	at org.apache.maven.surefire.booter.ForkedBooter.execute(ForkedBooter.java:162)
	at org.apache.maven.surefire.booter.ForkedBooter.run(ForkedBooter.java:507)
	at org.apache.maven.surefire.booter.ForkedBooter.main(ForkedBooter.java:495)
2025-07-31 23:30:29.664 [main] DEBUG c.i.data.formatter.DataFormatterTest:125 - format numérique invalide msg : Format numérique invalide : 'abc'. 
2025-07-31 23:30:29.666 [main] DEBUG c.i.data.formatter.DataFormatterTest:21 - --- Préparation de DataFormatterTest pour un nouveau test ---
2025-07-31 23:30:29.666 [main] DEBUG c.i.data.formatter.DataFormatterTest:160 - Démarrage du test: format_emptyString_returnsEmptyString
2025-07-31 23:30:29.674 [main] DEBUG c.i.data.formatter.DataFormatterTest:21 - --- Préparation de DataFormatterTest pour un nouveau test ---
2025-07-31 23:30:29.674 [main] DEBUG c.i.data.formatter.DataFormatterTest:136 - Démarrage du test: format_validStringWithTrailingSpaces_returnsTrimmedString
2025-07-31 23:30:29.703 [main] INFO  c.i.d.parser.FixedRecordParserTest:29 - --- Setting up FixedRecordParserTest for a new test ---
2025-07-31 23:30:29.703 [main] INFO  c.i.d.parser.FixedRecordParserTest:137 - Starting test: parseLine_emptyDefinitions_returnsEmptyList
2025-07-31 23:30:29.703 [main] DEBUG c.i.d.parser.FixedRecordParserTest:142 - Given empty definitions list. Fixed line: ''
2025-07-31 23:30:29.704 [main] DEBUG c.i.data.parser.FixedRecordParser:37 - parseLine line 0 : 
2025-07-31 23:30:29.704 [main] DEBUG c.i.data.parser.FixedRecordParser:38 - parseLine columnDefinitions 0 : []
2025-07-31 23:30:29.705 [main] DEBUG c.i.d.parser.FixedRecordParserTest:146 - Parsed fields: []
2025-07-31 23:30:29.706 [main] INFO  c.i.d.parser.FixedRecordParserTest:151 - Test passed: Handled empty definitions list correctly.
2025-07-31 23:30:29.708 [main] INFO  c.i.d.parser.FixedRecordParserTest:29 - --- Setting up FixedRecordParserTest for a new test ---
2025-07-31 23:30:29.709 [main] INFO  c.i.d.parser.FixedRecordParserTest:89 - Starting test: parseLine_lineTooShort_throwsException
2025-07-31 23:30:29.709 [main] DEBUG c.i.d.parser.FixedRecordParserTest:97 - Given definitions: [ColumnDefinition{name='Name', type='STRING',  length=10}, ColumnDefinition{name='Age', type='NUMERIC',  length=3}]
2025-07-31 23:30:29.709 [main] DEBUG c.i.d.parser.FixedRecordParserTest:98 - Given short fixed line: 'NGUYEN 20'
2025-07-31 23:30:29.710 [main] DEBUG c.i.data.parser.FixedRecordParser:37 - parseLine line 9 : NGUYEN 20
2025-07-31 23:30:29.711 [main] DEBUG c.i.data.parser.FixedRecordParser:38 - parseLine columnDefinitions 2 : [ColumnDefinition{name='Name', type='STRING',  length=10}, ColumnDefinition{name='Age', type='NUMERIC',  length=3}]
2025-07-31 23:30:29.711 [main] ERROR c.i.data.parser.FixedRecordParser:46 - Ligne 5 : la longueur (9) ne correspond pas à la longueur attendue (13). Ligne : 'NGUYEN 20'
2025-07-31 23:30:29.711 [main] DEBUG c.i.d.parser.FixedRecordParserTest:103 - Exception caught: Ligne 5 : la longueur (9) ne correspond pas à la longueur attendue (13). Ligne : 'NGUYEN 20'
2025-07-31 23:30:29.711 [main] INFO  c.i.d.parser.FixedRecordParserTest:107 - Test passed: Correctly threw exception for line too short.
2025-07-31 23:30:29.716 [main] INFO  c.i.d.parser.FixedRecordParserTest:29 - --- Setting up FixedRecordParserTest for a new test ---
2025-07-31 23:30:29.716 [main] INFO  c.i.d.parser.FixedRecordParserTest:113 - Starting test: parseLine_lineTooLong_throwsException
2025-07-31 23:30:29.717 [main] DEBUG c.i.d.parser.FixedRecordParserTest:121 - Given definitions: [ColumnDefinition{name='Nom', type='STRING',  length=5}, ColumnDefinition{name='Prenom', type='STRING',  length=10}]
2025-07-31 23:30:29.718 [main] DEBUG c.i.d.parser.FixedRecordParserTest:122 - Given fixed line for column length exceed: 'Rémi            Martin Martin'
2025-07-31 23:30:29.720 [main] DEBUG c.i.data.parser.FixedRecordParser:37 - parseLine line 29 : Rémi            Martin Martin
2025-07-31 23:30:29.721 [main] DEBUG c.i.data.parser.FixedRecordParser:38 - parseLine columnDefinitions 2 : [ColumnDefinition{name='Nom', type='STRING',  length=5}, ColumnDefinition{name='Prenom', type='STRING',  length=10}]
2025-07-31 23:30:29.723 [main] ERROR c.i.data.parser.FixedRecordParser:46 - Ligne 3 : la longueur (29) ne correspond pas à la longueur attendue (15). Ligne : 'Rémi            Martin Martin'
2025-07-31 23:30:29.724 [main] DEBUG c.i.d.parser.FixedRecordParserTest:127 - Exception lineTooLong caught: Ligne 3 : la longueur (29) ne correspond pas à la longueur attendue (15). Ligne : 'Rémi            Martin Martin'
2025-07-31 23:30:29.724 [main] INFO  c.i.d.parser.FixedRecordParserTest:131 - Test passed: Correctly threw exception for line too short.
2025-07-31 23:30:29.726 [main] INFO  c.i.d.parser.FixedRecordParserTest:29 - --- Setting up FixedRecordParserTest for a new test ---
2025-07-31 23:30:29.726 [main] INFO  c.i.d.parser.FixedRecordParserTest:35 - Starting test: parseLine_validLine_returnsCorrectFields
2025-07-31 23:30:29.726 [main] DEBUG c.i.d.parser.FixedRecordParserTest:44 - Given definitions: [ColumnDefinition{name='Date', type='DATE',  length=10}, ColumnDefinition{name='FullName', type='STRING',  length=15}, ColumnDefinition{name='Weight', type='NUMERIC',  length=5}]
2025-07-31 23:30:29.727 [main] DEBUG c.i.d.parser.FixedRecordParserTest:45 - Given fixed line: '1970-01-01John Smith     81.5 '
2025-07-31 23:30:29.728 [main] DEBUG c.i.data.parser.FixedRecordParser:37 - parseLine line 30 : 1970-01-01John Smith     81.5 
2025-07-31 23:30:29.728 [main] DEBUG c.i.data.parser.FixedRecordParser:38 - parseLine columnDefinitions 3 : [ColumnDefinition{name='Date', type='DATE',  length=10}, ColumnDefinition{name='FullName', type='STRING',  length=15}, ColumnDefinition{name='Weight', type='NUMERIC',  length=5}]
2025-07-31 23:30:29.728 [main] DEBUG c.i.data.parser.FixedRecordParser:57 - Champ extrait de longueur 10 : 1970-01-01
2025-07-31 23:30:29.729 [main] DEBUG c.i.data.parser.FixedRecordParser:57 - Champ extrait de longueur 15 : John Smith     
2025-07-31 23:30:29.729 [main] DEBUG c.i.data.parser.FixedRecordParser:57 - Champ extrait de longueur 5 : 81.5 
2025-07-31 23:30:29.729 [main] DEBUG c.i.d.parser.FixedRecordParserTest:49 - Parsed fields: [1970-01-01, John Smith     , 81.5 ]
2025-07-31 23:30:29.729 [main] INFO  c.i.d.parser.FixedRecordParserTest:57 - Test passed: Successfully parsed valid line.
2025-07-31 23:30:29.731 [main] INFO  c.i.d.parser.FixedRecordParserTest:29 - --- Setting up FixedRecordParserTest for a new test ---
2025-07-31 23:30:29.731 [main] INFO  c.i.d.parser.FixedRecordParserTest:63 - Starting test: parseLine_withUtf8Chars_returnsCorrectFields
2025-07-31 23:30:29.732 [main] DEBUG c.i.d.parser.FixedRecordParserTest:71 - Given definitions: [ColumnDefinition{name='City', type='STRING',  length=10}, ColumnDefinition{name='Name', type='STRING',  length=10}]
2025-07-31 23:30:29.732 [main] DEBUG c.i.d.parser.FixedRecordParserTest:72 - Given fixed line with UTF-8: 'éèçà$ïî   Rémi      '
2025-07-31 23:30:29.732 [main] DEBUG c.i.data.parser.FixedRecordParser:37 - parseLine line 20 : éèçà$ïî   Rémi      
2025-07-31 23:30:29.732 [main] DEBUG c.i.data.parser.FixedRecordParser:38 - parseLine columnDefinitions 2 : [ColumnDefinition{name='City', type='STRING',  length=10}, ColumnDefinition{name='Name', type='STRING',  length=10}]
2025-07-31 23:30:29.733 [main] DEBUG c.i.data.parser.FixedRecordParser:57 - Champ extrait de longueur 10 : éèçà$ïî   
2025-07-31 23:30:29.733 [main] DEBUG c.i.data.parser.FixedRecordParser:57 - Champ extrait de longueur 10 : Rémi      
2025-07-31 23:30:29.734 [main] DEBUG c.i.d.parser.FixedRecordParserTest:76 - Parsed fields with UTF-8: [éèçà$ïî   , Rémi      ]
2025-07-31 23:30:29.739 [main] INFO  c.i.d.parser.FixedRecordParserTest:83 - Test passed: Handled UTF-8 characters correctly.
2025-07-31 23:30:29.750 [main] INFO  c.i.data.parser.MetadataParserTest:63 - *** Starting test: Should correctly parse a valid metadata file ***
2025-07-31 23:30:29.753 [main] DEBUG c.i.data.parser.MetadataParserTest:77 - Parsed column: ColumnDefinition{name='Date de naissance', type='DATE',  length=10}
2025-07-31 23:30:29.754 [main] DEBUG c.i.data.parser.MetadataParserTest:77 - Parsed column: ColumnDefinition{name='Prénom', type='STRING',  length=15}
2025-07-31 23:30:29.754 [main] DEBUG c.i.data.parser.MetadataParserTest:77 - Parsed column: ColumnDefinition{name='Poids', type='NUMERIC',  length=5}
2025-07-31 23:30:29.759 [main] INFO  c.i.data.parser.MetadataParserTest:147 - *** Démarrage du test : Devrait lancer une exception si la longueur est négative ou zéro ***
2025-07-31 23:30:29.762 [main] DEBUG c.i.data.parser.MetadataParserTest:160 - Exception capturée : Longueur de colonne invalide à la ligne 1 : la longueur doit être un entier strictement positif. Ligne : '[Name, -1, chaîne]'
2025-07-31 23:30:29.763 [main] DEBUG c.i.data.parser.MetadataParserTest:163 - La longueur est négative Exception : Longueur de colonne invalide à la ligne 1 : la longueur doit être un entier strictement positif. Ligne : '[Name, -1, chaîne]'
2025-07-31 23:30:29.767 [main] INFO  c.i.data.parser.MetadataParserTest:128 - *** Starting test:Should throw exception for non-integer length in metadatafile ***
2025-07-31 23:30:29.770 [main] DEBUG c.i.data.parser.MetadataParserTest:139 - Not a valid integer Exception : Longueur de colonne invalide à la ligne 1 : valeur non numérique. Ligne : '[Name, 0.5, string]'
2025-07-31 23:30:29.775 [main] INFO  c.i.data.parser.MetadataParserTest:109 - *** Starting test:Should throw exception for unknown column type in metadatafile ***
2025-07-31 23:30:29.777 [main] DEBUG c.i.data.parser.MetadataParserTest:121 - Unknown column Exception : Type de colonne invalide à la ligne 1 : type inconnu 'undefined'. Types attendus : '[date, chaîne, numérique]'. Ligne : '[Name, 10, undefined]'
2025-07-31 23:30:29.781 [main] INFO  c.i.data.parser.MetadataParserTest:173 - *** Démarrage du test : Devrait lancer une exception si le fichier de métadonnées est vide ***
2025-07-31 23:30:29.783 [main] ERROR c.i.data.parser.MetadataParser:59 - Le fichier de métadonnées est vide ou ne contient aucune définition valide : C:\Users\nguye\AppData\Local\Temp\junit8502331437303172542\empty_metadata.csv
2025-07-31 23:30:29.783 [main] DEBUG c.i.data.parser.MetadataParserTest:184 - Exception capturée : Le fichier de métadonnées est vide ou ne contient aucune définition valide : C:\Users\nguye\AppData\Local\Temp\junit8502331437303172542\empty_metadata.csv
2025-07-31 23:30:29.784 [main] INFO  c.i.data.parser.MetadataParserTest:189 - Test passed: Correctement lancé l'exception pour un fichier de métadonnées vide.
2025-07-31 23:30:29.792 [main] INFO  c.i.data.parser.MetadataParserTest:91 - *** Starting test: Should throw exception for invalid number of columns inmetadata file ***
2025-07-31 23:30:29.795 [main] DEBUG c.i.data.parser.MetadataParserTest:102 - Invalid metadata Exception : Format de ligne invalide à la ligne 2 : 3 éléments attendus (nom, longueur, type), 2 trouvés. Ligne : '[Age, 5]'
2025-07-31 23:30:29.809 [main] INFO  c.i.data.parser.MetadataParserTest:195 - *** Démarrage du test : Devrait lancer une exception si le fichier de métadonnées n'existe pas ***
2025-07-31 23:30:29.813 [main] ERROR c.i.data.parser.MetadataParser:38 - Le fichier de métadonnées n'existe pas ou n'est pas un fichier valide : C:\Users\nguye\AppData\Local\Temp\junit1105852222460768805\non_existent_metadata.csv
2025-07-31 23:30:29.813 [main] DEBUG c.i.data.parser.MetadataParserTest:206 - Exception capturée : Le fichier de métadonnées n'existe pas ou n'est pas un fichier valide : C:\Users\nguye\AppData\Local\Temp\junit1105852222460768805\non_existent_metadata.csv
2025-07-31 23:30:29.814 [main] INFO  c.i.data.parser.MetadataParserTest:211 - Test passed: Correctement lancé l'exception pour un fichier de métadonnées inexistant.
2025-07-31 23:30:29.821 [main] INFO  c.i.data.parser.MetadataParserTest:34 - *** Starting test: Should correctly parse a valid metadata file ***
2025-07-31 23:30:29.824 [main] DEBUG c.i.data.parser.MetadataParserTest:48 - Parsed column: ColumnDefinition{name='Date de naissance', type='DATE',  length=10}
2025-07-31 23:30:29.825 [main] DEBUG c.i.data.parser.MetadataParserTest:48 - Parsed column: ColumnDefinition{name='Prénom', type='STRING',  length=15}
2025-07-31 23:30:29.826 [main] DEBUG c.i.data.parser.MetadataParserTest:48 - Parsed column: ColumnDefinition{name='Nom de famille', type='STRING',  length=15}
2025-07-31 23:30:29.826 [main] DEBUG c.i.data.parser.MetadataParserTest:48 - Parsed column: ColumnDefinition{name='Poids', type='NUMERIC',  length=5}
2025-07-31 23:30:29.845 [main] INFO  c.ikkileague.data.writer.CsvWriter:27 - Initializing CSV writer for output file: C:\Users\nguye\AppData\Local\Temp\junit10965995231608144539\output_multiple_records.csv
2025-07-31 23:30:29.846 [main] DEBUG c.ikkileague.data.writer.CsvWriter:28 - CSV Headers: [Header1, Header2]
2025-07-31 23:30:29.847 [main] INFO  c.ikkileague.data.writer.CsvWriter:58 - Closing CSV writer.
2025-07-31 23:30:29.848 [main] DEBUG c.i.data.writer.CsvWriterTest:82 - Multiple records content csv : 
Header1,Header2
Value1A,Value1B
Value2A,Value2B

2025-07-31 23:30:29.854 [main] INFO  c.ikkileague.data.writer.CsvWriter:27 - Initializing CSV writer for output file: C:\Users\nguye\AppData\Local\Temp\junit10060381560060133142\output_comma_field.csv
2025-07-31 23:30:29.855 [main] DEBUG c.ikkileague.data.writer.CsvWriter:28 - CSV Headers: [Description]
2025-07-31 23:30:29.862 [main] INFO  c.ikkileague.data.writer.CsvWriter:58 - Closing CSV writer.
2025-07-31 23:30:29.870 [main] DEBUG c.i.data.writer.CsvWriterTest:104 - Content for item, with comma  : 
Description
"Item, with comma"

2025-07-31 23:30:29.883 [main] INFO  c.ikkileague.data.writer.CsvWriter:27 - Initializing CSV writer for output file: C:\Users\nguye\AppData\Local\Temp\junit11193394668811232236\output_fail_write.csv
2025-07-31 23:30:29.884 [main] DEBUG c.ikkileague.data.writer.CsvWriter:28 - CSV Headers: [H1]
2025-07-31 23:30:29.886 [main] INFO  c.ikkileague.data.writer.CsvWriter:58 - Closing CSV writer.
2025-07-31 23:30:29.887 [main] ERROR c.ikkileague.data.writer.CsvWriter:50 - Error writing record to CSV file: [R1]. Message: Stream closed
java.io.IOException: Stream closed
	at java.base/java.io.BufferedWriter.ensureOpen(BufferedWriter.java:107)
	at java.base/java.io.BufferedWriter.write(BufferedWriter.java:224)
	at java.base/java.io.Writer.write(Writer.java:249)
	at java.base/java.io.Writer.append(Writer.java:322)
	at java.base/java.io.Writer.append(Writer.java:366)
	at java.base/java.io.Writer.append(Writer.java:51)
	at org.apache.commons.csv.CSVFormat.printWithQuotes(CSVFormat.java:2132)
	at org.apache.commons.csv.CSVFormat.print(CSVFormat.java:1863)
	at org.apache.commons.csv.CSVFormat.print(CSVFormat.java:1850)
	at org.apache.commons.csv.CSVPrinter.print(CSVPrinter.java:169)
	at org.apache.commons.csv.CSVPrinter.printRecord(CSVPrinter.java:262)
	at com.ikkileague.data.writer.CsvWriter.writeRecord(CsvWriter.java:47)
	at com.ikkileague.data.writer.CsvWriterTest.lambda$writeRecord_ioException_throwsConversionException$0(CsvWriterTest.java:149)
	at org.junit.jupiter.api.AssertThrows.assertThrows(AssertThrows.java:53)
	at org.junit.jupiter.api.AssertThrows.assertThrows(AssertThrows.java:39)
	at org.junit.jupiter.api.Assertions.assertThrows(Assertions.java:3127)
	at com.ikkileague.data.writer.CsvWriterTest.writeRecord_ioException_throwsConversionException(CsvWriterTest.java:149)
	at java.base/jdk.internal.reflect.NativeMethodAccessorImpl.invoke0(Native Method)
	at java.base/jdk.internal.reflect.NativeMethodAccessorImpl.invoke(NativeMethodAccessorImpl.java:77)
	at java.base/jdk.internal.reflect.DelegatingMethodAccessorImpl.invoke(DelegatingMethodAccessorImpl.java:43)
	at java.base/java.lang.reflect.Method.invoke(Method.java:568)
	at org.junit.platform.commons.util.ReflectionUtils.invokeMethod(ReflectionUtils.java:728)
	at org.junit.jupiter.engine.execution.MethodInvocation.proceed(MethodInvocation.java:60)
	at org.junit.jupiter.engine.execution.InvocationInterceptorChain$ValidatingInvocation.proceed(InvocationInterceptorChain.java:131)
	at org.junit.jupiter.engine.extension.TimeoutExtension.intercept(TimeoutExtension.java:156)
	at org.junit.jupiter.engine.extension.TimeoutExtension.interceptTestableMethod(TimeoutExtension.java:147)
	at org.junit.jupiter.engine.extension.TimeoutExtension.interceptTestMethod(TimeoutExtension.java:86)
	at org.junit.jupiter.engine.execution.InterceptingExecutableInvoker$ReflectiveInterceptorCall.lambda$ofVoidMethod$0(InterceptingExecutableInvoker.java:103)
	at org.junit.jupiter.engine.execution.InterceptingExecutableInvoker.lambda$invoke$0(InterceptingExecutableInvoker.java:93)
	at org.junit.jupiter.engine.execution.InvocationInterceptorChain$InterceptedInvocation.proceed(InvocationInterceptorChain.java:106)
	at org.junit.jupiter.engine.execution.InvocationInterceptorChain.proceed(InvocationInterceptorChain.java:64)
	at org.junit.jupiter.engine.execution.InvocationInterceptorChain.chainAndInvoke(InvocationInterceptorChain.java:45)
	at org.junit.jupiter.engine.execution.InvocationInterceptorChain.invoke(InvocationInterceptorChain.java:37)
	at org.junit.jupiter.engine.execution.InterceptingExecutableInvoker.invoke(InterceptingExecutableInvoker.java:92)
	at org.junit.jupiter.engine.execution.InterceptingExecutableInvoker.invoke(InterceptingExecutableInvoker.java:86)
	at org.junit.jupiter.engine.descriptor.TestMethodTestDescriptor.lambda$invokeTestMethod$7(TestMethodTestDescriptor.java:218)
	at org.junit.platform.engine.support.hierarchical.ThrowableCollector.execute(ThrowableCollector.java:73)
	at org.junit.jupiter.engine.descriptor.TestMethodTestDescriptor.invokeTestMethod(TestMethodTestDescriptor.java:214)
	at org.junit.jupiter.engine.descriptor.TestMethodTestDescriptor.execute(TestMethodTestDescriptor.java:139)
	at org.junit.jupiter.engine.descriptor.TestMethodTestDescriptor.execute(TestMethodTestDescriptor.java:69)
	at org.junit.platform.engine.support.hierarchical.NodeTestTask.lambda$executeRecursively$6(NodeTestTask.java:151)
	at org.junit.platform.engine.support.hierarchical.ThrowableCollector.execute(ThrowableCollector.java:73)
	at org.junit.platform.engine.support.hierarchical.NodeTestTask.lambda$executeRecursively$8(NodeTestTask.java:141)
	at org.junit.platform.engine.support.hierarchical.Node.around(Node.java:137)
	at org.junit.platform.engine.support.hierarchical.NodeTestTask.lambda$executeRecursively$9(NodeTestTask.java:139)
	at org.junit.platform.engine.support.hierarchical.ThrowableCollector.execute(ThrowableCollector.java:73)
	at org.junit.platform.engine.support.hierarchical.NodeTestTask.executeRecursively(NodeTestTask.java:138)
	at org.junit.platform.engine.support.hierarchical.NodeTestTask.execute(NodeTestTask.java:95)
	at java.base/java.util.ArrayList.forEach(ArrayList.java:1511)
	at org.junit.platform.engine.support.hierarchical.SameThreadHierarchicalTestExecutorService.invokeAll(SameThreadHierarchicalTestExecutorService.java:41)
	at org.junit.platform.engine.support.hierarchical.NodeTestTask.lambda$executeRecursively$6(NodeTestTask.java:155)
	at org.junit.platform.engine.support.hierarchical.ThrowableCollector.execute(ThrowableCollector.java:73)
	at org.junit.platform.engine.support.hierarchical.NodeTestTask.lambda$executeRecursively$8(NodeTestTask.java:141)
	at org.junit.platform.engine.support.hierarchical.Node.around(Node.java:137)
	at org.junit.platform.engine.support.hierarchical.NodeTestTask.lambda$executeRecursively$9(NodeTestTask.java:139)
	at org.junit.platform.engine.support.hierarchical.ThrowableCollector.execute(ThrowableCollector.java:73)
	at org.junit.platform.engine.support.hierarchical.NodeTestTask.executeRecursively(NodeTestTask.java:138)
	at org.junit.platform.engine.support.hierarchical.NodeTestTask.execute(NodeTestTask.java:95)
	at java.base/java.util.ArrayList.forEach(ArrayList.java:1511)
	at org.junit.platform.engine.support.hierarchical.SameThreadHierarchicalTestExecutorService.invokeAll(SameThreadHierarchicalTestExecutorService.java:41)
	at org.junit.platform.engine.support.hierarchical.NodeTestTask.lambda$executeRecursively$6(NodeTestTask.java:155)
	at org.junit.platform.engine.support.hierarchical.ThrowableCollector.execute(ThrowableCollector.java:73)
	at org.junit.platform.engine.support.hierarchical.NodeTestTask.lambda$executeRecursively$8(NodeTestTask.java:141)
	at org.junit.platform.engine.support.hierarchical.Node.around(Node.java:137)
	at org.junit.platform.engine.support.hierarchical.NodeTestTask.lambda$executeRecursively$9(NodeTestTask.java:139)
	at org.junit.platform.engine.support.hierarchical.ThrowableCollector.execute(ThrowableCollector.java:73)
	at org.junit.platform.engine.support.hierarchical.NodeTestTask.executeRecursively(NodeTestTask.java:138)
	at org.junit.platform.engine.support.hierarchical.NodeTestTask.execute(NodeTestTask.java:95)
	at org.junit.platform.engine.support.hierarchical.SameThreadHierarchicalTestExecutorService.submit(SameThreadHierarchicalTestExecutorService.java:35)
	at org.junit.platform.engine.support.hierarchical.HierarchicalTestExecutor.execute(HierarchicalTestExecutor.java:57)
	at org.junit.platform.engine.support.hierarchical.HierarchicalTestEngine.execute(HierarchicalTestEngine.java:54)
	at org.junit.platform.launcher.core.EngineExecutionOrchestrator.execute(EngineExecutionOrchestrator.java:198)
	at org.junit.platform.launcher.core.EngineExecutionOrchestrator.execute(EngineExecutionOrchestrator.java:169)
	at org.junit.platform.launcher.core.EngineExecutionOrchestrator.execute(EngineExecutionOrchestrator.java:93)
	at org.junit.platform.launcher.core.EngineExecutionOrchestrator.lambda$execute$0(EngineExecutionOrchestrator.java:58)
	at org.junit.platform.launcher.core.EngineExecutionOrchestrator.withInterceptedStreams(EngineExecutionOrchestrator.java:141)
	at org.junit.platform.launcher.core.EngineExecutionOrchestrator.execute(EngineExecutionOrchestrator.java:57)
	at org.junit.platform.launcher.core.DefaultLauncher.execute(DefaultLauncher.java:103)
	at org.junit.platform.launcher.core.DefaultLauncher.execute(DefaultLauncher.java:85)
	at org.junit.platform.launcher.core.DelegatingLauncher.execute(DelegatingLauncher.java:47)
	at org.apache.maven.surefire.junitplatform.LazyLauncher.execute(LazyLauncher.java:56)
	at org.apache.maven.surefire.junitplatform.JUnitPlatformProvider.execute(JUnitPlatformProvider.java:184)
	at org.apache.maven.surefire.junitplatform.JUnitPlatformProvider.invokeAllTests(JUnitPlatformProvider.java:148)
	at org.apache.maven.surefire.junitplatform.JUnitPlatformProvider.invoke(JUnitPlatformProvider.java:122)
	at org.apache.maven.surefire.booter.ForkedBooter.runSuitesInProcess(ForkedBooter.java:385)
	at org.apache.maven.surefire.booter.ForkedBooter.execute(ForkedBooter.java:162)
	at org.apache.maven.surefire.booter.ForkedBooter.run(ForkedBooter.java:507)
	at org.apache.maven.surefire.booter.ForkedBooter.main(ForkedBooter.java:495)
2025-07-31 23:30:29.896 [main] INFO  c.ikkileague.data.writer.CsvWriter:27 - Initializing CSV writer for output file: C:\Users\nguye\AppData\Local\Temp\junit8734778615625556233\output_quote_field.csv
2025-07-31 23:30:29.897 [main] DEBUG c.ikkileague.data.writer.CsvWriter:28 - CSV Headers: [Text]
2025-07-31 23:30:29.897 [main] INFO  c.ikkileague.data.writer.CsvWriter:58 - Closing CSV writer.
2025-07-31 23:30:29.902 [main] DEBUG c.i.data.writer.CsvWriterTest:125 - Content for double quotes by escaping them, with comma  : 
Text
"He said ""Hello"""

2025-07-31 23:30:29.909 [main] INFO  c.ikkileague.data.writer.CsvWriter:27 - Initializing CSV writer for output file: C:\Users\nguye\AppData\Local\Temp\junit18399028397761976640\output_single_record.csv
2025-07-31 23:30:29.909 [main] DEBUG c.ikkileague.data.writer.CsvWriter:28 - CSV Headers: [Name, Age]
2025-07-31 23:30:29.910 [main] INFO  c.ikkileague.data.writer.CsvWriter:58 - Closing CSV writer.
2025-07-31 23:30:29.913 [main] DEBUG c.i.data.writer.CsvWriterTest:60 - One records content csv : 
Name,Age
Alice,30

2025-07-31 23:30:29.921 [main] INFO  c.ikkileague.data.writer.CsvWriter:27 - Initializing CSV writer for output file: C:\Users\nguye\AppData\Local\Temp\junit2752861628209739727\output_header.csv
2025-07-31 23:30:29.921 [main] DEBUG c.ikkileague.data.writer.CsvWriter:28 - CSV Headers: [Col1, Col2, Col3]
2025-07-31 23:30:29.923 [main] INFO  c.ikkileague.data.writer.CsvWriter:58 - Closing CSV writer.
2025-07-31 23:30:56.999 [main] INFO  c.i.data.core.FileConverterTest:36 - --- Initialisation d’un nouveau test FileConverter ---
2025-07-31 23:30:57.016 [main] DEBUG c.i.data.core.FileConverterTest:43 - Répertoire temporaire : C:\Users\nguye\AppData\Local\Temp\junit17211410556456125006
2025-07-31 23:30:57.020 [main] DEBUG c.i.data.core.FileConverterTest:44 - Chemin fichier d'entrée : C:\Users\nguye\AppData\Local\Temp\junit17211410556456125006\input_data.txt
2025-07-31 23:30:57.020 [main] DEBUG c.i.data.core.FileConverterTest:45 - Chemin fichier métadonnées : C:\Users\nguye\AppData\Local\Temp\junit17211410556456125006\metadata.csv
2025-07-31 23:30:57.021 [main] DEBUG c.i.data.core.FileConverterTest:46 - Chemin fichier de sortie : C:\Users\nguye\AppData\Local\Temp\junit17211410556456125006\output.csv
2025-07-31 23:30:57.023 [main] INFO  c.i.data.core.FileConverterTest:167 - Test : Ligne trop courte
2025-07-31 23:30:57.032 [main] INFO  c.ikkileague.data.core.FileConverter:42 - Début de la conversion : Fichier fixe 'C:\Users\nguye\AppData\Local\Temp\junit17211410556456125006\input_data.txt' + Métadonnées 'C:\Users\nguye\AppData\Local\Temp\junit17211410556456125006\metadata.csv' -> CSV 'C:\Users\nguye\AppData\Local\Temp\junit17211410556456125006\output.csv'
2025-07-31 23:30:57.047 [main] DEBUG c.ikkileague.data.core.FileConverter:52 - Définitions de 3 colonnes extraites depuis les métadonnées.
2025-07-31 23:30:57.049 [main] INFO  c.ikkileague.data.writer.CsvWriter:27 - Initializing CSV writer for output file: C:\Users\nguye\AppData\Local\Temp\junit17211410556456125006\output.csv
2025-07-31 23:30:57.050 [main] DEBUG c.ikkileague.data.writer.CsvWriter:28 - CSV Headers: [ID, Nom, DateNaissance]
2025-07-31 23:30:57.055 [main] DEBUG c.i.data.parser.FixedRecordParser:37 - parseLine line 10 : 0000000001
2025-07-31 23:30:57.055 [main] DEBUG c.i.data.parser.FixedRecordParser:38 - parseLine columnDefinitions 3 : [ColumnDefinition{name='ID', type='NUMERIC',  length=10}, ColumnDefinition{name='Nom', type='STRING',  length=25}, ColumnDefinition{name='DateNaissance', type='DATE',  length=10}]
2025-07-31 23:30:57.056 [main] ERROR c.i.data.parser.FixedRecordParser:46 - Ligne 1 : la longueur (10) ne correspond pas à la longueur attendue (45). Ligne : '0000000001'
2025-07-31 23:30:57.056 [main] INFO  c.ikkileague.data.writer.CsvWriter:58 - Closing CSV writer.
2025-07-31 23:30:57.057 [main] DEBUG c.i.data.core.FileConverterTest:178 - Line Too Short excep msg: Ligne 1 : la longueur (10) ne correspond pas à la longueur attendue (45). Ligne : '0000000001' 

2025-07-31 23:30:57.084 [main] INFO  c.i.data.core.FileConverterTest:36 - --- Initialisation d’un nouveau test FileConverter ---
2025-07-31 23:30:57.086 [main] DEBUG c.i.data.core.FileConverterTest:43 - Répertoire temporaire : C:\Users\nguye\AppData\Local\Temp\junit6875510227540068638
2025-07-31 23:30:57.086 [main] DEBUG c.i.data.core.FileConverterTest:44 - Chemin fichier d'entrée : C:\Users\nguye\AppData\Local\Temp\junit6875510227540068638\input_data.txt
2025-07-31 23:30:57.087 [main] DEBUG c.i.data.core.FileConverterTest:45 - Chemin fichier métadonnées : C:\Users\nguye\AppData\Local\Temp\junit6875510227540068638\metadata.csv
2025-07-31 23:30:57.087 [main] DEBUG c.i.data.core.FileConverterTest:46 - Chemin fichier de sortie : C:\Users\nguye\AppData\Local\Temp\junit6875510227540068638\output.csv
2025-07-31 23:30:57.088 [main] INFO  c.i.data.core.FileConverterTest:52 - Test : Conversion avec fichier et métadonnées valides
2025-07-31 23:30:57.090 [main] INFO  c.ikkileague.data.core.FileConverter:42 - Début de la conversion : Fichier fixe 'C:\Users\nguye\AppData\Local\Temp\junit6875510227540068638\input_data.txt' + Métadonnées 'C:\Users\nguye\AppData\Local\Temp\junit6875510227540068638\metadata.csv' -> CSV 'C:\Users\nguye\AppData\Local\Temp\junit6875510227540068638\output.csv'
2025-07-31 23:30:57.095 [main] DEBUG c.ikkileague.data.core.FileConverter:52 - Définitions de 3 colonnes extraites depuis les métadonnées.
2025-07-31 23:30:57.097 [main] INFO  c.ikkileague.data.writer.CsvWriter:27 - Initializing CSV writer for output file: C:\Users\nguye\AppData\Local\Temp\junit6875510227540068638\output.csv
2025-07-31 23:30:57.098 [main] DEBUG c.ikkileague.data.writer.CsvWriter:28 - CSV Headers: [ID, Nom, DateNaissance]
2025-07-31 23:30:57.099 [main] DEBUG c.i.data.parser.FixedRecordParser:37 - parseLine line 45 : 0000000001Jean Dupont              1990-05-15
2025-07-31 23:30:57.099 [main] DEBUG c.i.data.parser.FixedRecordParser:38 - parseLine columnDefinitions 3 : [ColumnDefinition{name='ID', type='NUMERIC',  length=10}, ColumnDefinition{name='Nom', type='STRING',  length=25}, ColumnDefinition{name='DateNaissance', type='DATE',  length=10}]
2025-07-31 23:30:57.100 [main] DEBUG c.i.data.parser.FixedRecordParser:57 - Champ extrait de longueur 10 : 0000000001
2025-07-31 23:30:57.101 [main] DEBUG c.i.data.parser.FixedRecordParser:57 - Champ extrait de longueur 25 : Jean Dupont              
2025-07-31 23:30:57.101 [main] DEBUG c.i.data.parser.FixedRecordParser:57 - Champ extrait de longueur 10 : 1990-05-15
2025-07-31 23:30:57.109 [main] DEBUG c.ikkileague.data.core.FileConverter:104 - Ligne 1 traitée et écrite avec succès dans le CSV.
2025-07-31 23:30:57.110 [main] DEBUG c.i.data.parser.FixedRecordParser:37 - parseLine line 45 : 0000000002Alice Smith              2000-11-30
2025-07-31 23:30:57.110 [main] DEBUG c.i.data.parser.FixedRecordParser:38 - parseLine columnDefinitions 3 : [ColumnDefinition{name='ID', type='NUMERIC',  length=10}, ColumnDefinition{name='Nom', type='STRING',  length=25}, ColumnDefinition{name='DateNaissance', type='DATE',  length=10}]
2025-07-31 23:30:57.111 [main] DEBUG c.i.data.parser.FixedRecordParser:57 - Champ extrait de longueur 10 : 0000000002
2025-07-31 23:30:57.111 [main] DEBUG c.i.data.parser.FixedRecordParser:57 - Champ extrait de longueur 25 : Alice Smith              
2025-07-31 23:30:57.111 [main] DEBUG c.i.data.parser.FixedRecordParser:57 - Champ extrait de longueur 10 : 2000-11-30
2025-07-31 23:30:57.111 [main] DEBUG c.ikkileague.data.core.FileConverter:104 - Ligne 2 traitée et écrite avec succès dans le CSV.
2025-07-31 23:30:57.112 [main] DEBUG c.i.data.parser.FixedRecordParser:37 - parseLine line 45 : 0000000003Bob Martin               1985-01-01
2025-07-31 23:30:57.112 [main] DEBUG c.i.data.parser.FixedRecordParser:38 - parseLine columnDefinitions 3 : [ColumnDefinition{name='ID', type='NUMERIC',  length=10}, ColumnDefinition{name='Nom', type='STRING',  length=25}, ColumnDefinition{name='DateNaissance', type='DATE',  length=10}]
2025-07-31 23:30:57.112 [main] DEBUG c.i.data.parser.FixedRecordParser:57 - Champ extrait de longueur 10 : 0000000003
2025-07-31 23:30:57.113 [main] DEBUG c.i.data.parser.FixedRecordParser:57 - Champ extrait de longueur 25 : Bob Martin               
2025-07-31 23:30:57.114 [main] DEBUG c.i.data.parser.FixedRecordParser:57 - Champ extrait de longueur 10 : 1985-01-01
2025-07-31 23:30:57.114 [main] DEBUG c.ikkileague.data.core.FileConverter:104 - Ligne 3 traitée et écrite avec succès dans le CSV.
2025-07-31 23:30:57.115 [main] INFO  c.ikkileague.data.core.FileConverter:106 - Fichier fixe entièrement traité. Nombre total de lignes : 3
2025-07-31 23:30:57.115 [main] INFO  c.ikkileague.data.writer.CsvWriter:58 - Closing CSV writer.
2025-07-31 23:30:57.132 [main] INFO  c.i.data.core.FileConverterTest:36 - --- Initialisation d’un nouveau test FileConverter ---
2025-07-31 23:30:57.132 [main] DEBUG c.i.data.core.FileConverterTest:43 - Répertoire temporaire : C:\Users\nguye\AppData\Local\Temp\junit10724590922074955747
2025-07-31 23:30:57.132 [main] DEBUG c.i.data.core.FileConverterTest:44 - Chemin fichier d'entrée : C:\Users\nguye\AppData\Local\Temp\junit10724590922074955747\input_data.txt
2025-07-31 23:30:57.133 [main] DEBUG c.i.data.core.FileConverterTest:45 - Chemin fichier métadonnées : C:\Users\nguye\AppData\Local\Temp\junit10724590922074955747\metadata.csv
2025-07-31 23:30:57.133 [main] DEBUG c.i.data.core.FileConverterTest:46 - Chemin fichier de sortie : C:\Users\nguye\AppData\Local\Temp\junit10724590922074955747\output.csv
2025-07-31 23:30:57.133 [main] INFO  c.i.data.core.FileConverterTest:149 - Test : Valeur numérique invalide
2025-07-31 23:30:57.135 [main] INFO  c.ikkileague.data.core.FileConverter:42 - Début de la conversion : Fichier fixe 'C:\Users\nguye\AppData\Local\Temp\junit10724590922074955747\input_data.txt' + Métadonnées 'C:\Users\nguye\AppData\Local\Temp\junit10724590922074955747\metadata.csv' -> CSV 'C:\Users\nguye\AppData\Local\Temp\junit10724590922074955747\output.csv'
2025-07-31 23:30:57.138 [main] DEBUG c.ikkileague.data.core.FileConverter:52 - Définitions de 2 colonnes extraites depuis les métadonnées.
2025-07-31 23:30:57.140 [main] INFO  c.ikkileague.data.writer.CsvWriter:27 - Initializing CSV writer for output file: C:\Users\nguye\AppData\Local\Temp\junit10724590922074955747\output.csv
2025-07-31 23:30:57.140 [main] DEBUG c.ikkileague.data.writer.CsvWriter:28 - CSV Headers: [ID, Nom]
2025-07-31 23:30:57.142 [main] DEBUG c.i.data.parser.FixedRecordParser:37 - parseLine line 35 : ABCDEFGHIJJean Dupont              
2025-07-31 23:30:57.142 [main] DEBUG c.i.data.parser.FixedRecordParser:38 - parseLine columnDefinitions 2 : [ColumnDefinition{name='ID', type='NUMERIC',  length=10}, ColumnDefinition{name='Nom', type='STRING',  length=25}]
2025-07-31 23:30:57.143 [main] DEBUG c.i.data.parser.FixedRecordParser:57 - Champ extrait de longueur 10 : ABCDEFGHIJ
2025-07-31 23:30:57.144 [main] DEBUG c.i.data.parser.FixedRecordParser:57 - Champ extrait de longueur 25 : Jean Dupont              
2025-07-31 23:30:57.145 [main] ERROR c.i.data.formatter.DataFormatter:86 - Format numérique invalide : 'ABCDEFGHIJ'.
java.lang.NumberFormatException: For input string: "ABCDEFGHIJ"
	at java.base/java.lang.NumberFormatException.forInputString(NumberFormatException.java:67)
	at java.base/java.lang.Integer.parseInt(Integer.java:668)
	at java.base/java.lang.Integer.parseInt(Integer.java:786)
	at com.ikkileague.data.formatter.DataFormatter.formatNumeric(DataFormatter.java:82)
	at com.ikkileague.data.formatter.DataFormatter.format(DataFormatter.java:38)
	at com.ikkileague.data.core.FileConverter.convert(FileConverter.java:90)
	at com.ikkileague.data.core.FileConverterTest.lambda$convert_invalidNumericFormatInInput_throwsException$4(FileConverterTest.java:156)
	at org.junit.jupiter.api.AssertThrows.assertThrows(AssertThrows.java:53)
	at org.junit.jupiter.api.AssertThrows.assertThrows(AssertThrows.java:35)
	at org.junit.jupiter.api.Assertions.assertThrows(Assertions.java:3111)
	at com.ikkileague.data.core.FileConverterTest.convert_invalidNumericFormatInInput_throwsException(FileConverterTest.java:155)
	at java.base/jdk.internal.reflect.NativeMethodAccessorImpl.invoke0(Native Method)
	at java.base/jdk.internal.reflect.NativeMethodAccessorImpl.invoke(NativeMethodAccessorImpl.java:77)
	at java.base/jdk.internal.reflect.DelegatingMethodAccessorImpl.invoke(DelegatingMethodAccessorImpl.java:43)
	at java.base/java.lang.reflect.Method.invoke(Method.java:568)
	at org.junit.platform.commons.util.ReflectionUtils.invokeMethod(ReflectionUtils.java:728)
	at org.junit.jupiter.engine.execution.MethodInvocation.proceed(MethodInvocation.java:60)
	at org.junit.jupiter.engine.execution.InvocationInterceptorChain$ValidatingInvocation.proceed(InvocationInterceptorChain.java:131)
	at org.junit.jupiter.engine.extension.TimeoutExtension.intercept(TimeoutExtension.java:156)
	at org.junit.jupiter.engine.extension.TimeoutExtension.interceptTestableMethod(TimeoutExtension.java:147)
	at org.junit.jupiter.engine.extension.TimeoutExtension.interceptTestMethod(TimeoutExtension.java:86)
	at org.junit.jupiter.engine.execution.InterceptingExecutableInvoker$ReflectiveInterceptorCall.lambda$ofVoidMethod$0(InterceptingExecutableInvoker.java:103)
	at org.junit.jupiter.engine.execution.InterceptingExecutableInvoker.lambda$invoke$0(InterceptingExecutableInvoker.java:93)
	at org.junit.jupiter.engine.execution.InvocationInterceptorChain$InterceptedInvocation.proceed(InvocationInterceptorChain.java:106)
	at org.junit.jupiter.engine.execution.InvocationInterceptorChain.proceed(InvocationInterceptorChain.java:64)
	at org.junit.jupiter.engine.execution.InvocationInterceptorChain.chainAndInvoke(InvocationInterceptorChain.java:45)
	at org.junit.jupiter.engine.execution.InvocationInterceptorChain.invoke(InvocationInterceptorChain.java:37)
	at org.junit.jupiter.engine.execution.InterceptingExecutableInvoker.invoke(InterceptingExecutableInvoker.java:92)
	at org.junit.jupiter.engine.execution.InterceptingExecutableInvoker.invoke(InterceptingExecutableInvoker.java:86)
	at org.junit.jupiter.engine.descriptor.TestMethodTestDescriptor.lambda$invokeTestMethod$7(TestMethodTestDescriptor.java:218)
	at org.junit.platform.engine.support.hierarchical.ThrowableCollector.execute(ThrowableCollector.java:73)
	at org.junit.jupiter.engine.descriptor.TestMethodTestDescriptor.invokeTestMethod(TestMethodTestDescriptor.java:214)
	at org.junit.jupiter.engine.descriptor.TestMethodTestDescriptor.execute(TestMethodTestDescriptor.java:139)
	at org.junit.jupiter.engine.descriptor.TestMethodTestDescriptor.execute(TestMethodTestDescriptor.java:69)
	at org.junit.platform.engine.support.hierarchical.NodeTestTask.lambda$executeRecursively$6(NodeTestTask.java:151)
	at org.junit.platform.engine.support.hierarchical.ThrowableCollector.execute(ThrowableCollector.java:73)
	at org.junit.platform.engine.support.hierarchical.NodeTestTask.lambda$executeRecursively$8(NodeTestTask.java:141)
	at org.junit.platform.engine.support.hierarchical.Node.around(Node.java:137)
	at org.junit.platform.engine.support.hierarchical.NodeTestTask.lambda$executeRecursively$9(NodeTestTask.java:139)
	at org.junit.platform.engine.support.hierarchical.ThrowableCollector.execute(ThrowableCollector.java:73)
	at org.junit.platform.engine.support.hierarchical.NodeTestTask.executeRecursively(NodeTestTask.java:138)
	at org.junit.platform.engine.support.hierarchical.NodeTestTask.execute(NodeTestTask.java:95)
	at java.base/java.util.ArrayList.forEach(ArrayList.java:1511)
	at org.junit.platform.engine.support.hierarchical.SameThreadHierarchicalTestExecutorService.invokeAll(SameThreadHierarchicalTestExecutorService.java:41)
	at org.junit.platform.engine.support.hierarchical.NodeTestTask.lambda$executeRecursively$6(NodeTestTask.java:155)
	at org.junit.platform.engine.support.hierarchical.ThrowableCollector.execute(ThrowableCollector.java:73)
	at org.junit.platform.engine.support.hierarchical.NodeTestTask.lambda$executeRecursively$8(NodeTestTask.java:141)
	at org.junit.platform.engine.support.hierarchical.Node.around(Node.java:137)
	at org.junit.platform.engine.support.hierarchical.NodeTestTask.lambda$executeRecursively$9(NodeTestTask.java:139)
	at org.junit.platform.engine.support.hierarchical.ThrowableCollector.execute(ThrowableCollector.java:73)
	at org.junit.platform.engine.support.hierarchical.NodeTestTask.executeRecursively(NodeTestTask.java:138)
	at org.junit.platform.engine.support.hierarchical.NodeTestTask.execute(NodeTestTask.java:95)
	at java.base/java.util.ArrayList.forEach(ArrayList.java:1511)
	at org.junit.platform.engine.support.hierarchical.SameThreadHierarchicalTestExecutorService.invokeAll(SameThreadHierarchicalTestExecutorService.java:41)
	at org.junit.platform.engine.support.hierarchical.NodeTestTask.lambda$executeRecursively$6(NodeTestTask.java:155)
	at org.junit.platform.engine.support.hierarchical.ThrowableCollector.execute(ThrowableCollector.java:73)
	at org.junit.platform.engine.support.hierarchical.NodeTestTask.lambda$executeRecursively$8(NodeTestTask.java:141)
	at org.junit.platform.engine.support.hierarchical.Node.around(Node.java:137)
	at org.junit.platform.engine.support.hierarchical.NodeTestTask.lambda$executeRecursively$9(NodeTestTask.java:139)
	at org.junit.platform.engine.support.hierarchical.ThrowableCollector.execute(ThrowableCollector.java:73)
	at org.junit.platform.engine.support.hierarchical.NodeTestTask.executeRecursively(NodeTestTask.java:138)
	at org.junit.platform.engine.support.hierarchical.NodeTestTask.execute(NodeTestTask.java:95)
	at org.junit.platform.engine.support.hierarchical.SameThreadHierarchicalTestExecutorService.submit(SameThreadHierarchicalTestExecutorService.java:35)
	at org.junit.platform.engine.support.hierarchical.HierarchicalTestExecutor.execute(HierarchicalTestExecutor.java:57)
	at org.junit.platform.engine.support.hierarchical.HierarchicalTestEngine.execute(HierarchicalTestEngine.java:54)
	at org.junit.platform.launcher.core.EngineExecutionOrchestrator.execute(EngineExecutionOrchestrator.java:198)
	at org.junit.platform.launcher.core.EngineExecutionOrchestrator.execute(EngineExecutionOrchestrator.java:169)
	at org.junit.platform.launcher.core.EngineExecutionOrchestrator.execute(EngineExecutionOrchestrator.java:93)
	at org.junit.platform.launcher.core.EngineExecutionOrchestrator.lambda$execute$0(EngineExecutionOrchestrator.java:58)
	at org.junit.platform.launcher.core.EngineExecutionOrchestrator.withInterceptedStreams(EngineExecutionOrchestrator.java:141)
	at org.junit.platform.launcher.core.EngineExecutionOrchestrator.execute(EngineExecutionOrchestrator.java:57)
	at org.junit.platform.launcher.core.DefaultLauncher.execute(DefaultLauncher.java:103)
	at org.junit.platform.launcher.core.DefaultLauncher.execute(DefaultLauncher.java:85)
	at org.junit.platform.launcher.core.DelegatingLauncher.execute(DelegatingLauncher.java:47)
	at org.apache.maven.surefire.junitplatform.LazyLauncher.execute(LazyLauncher.java:56)
	at org.apache.maven.surefire.junitplatform.JUnitPlatformProvider.execute(JUnitPlatformProvider.java:184)
	at org.apache.maven.surefire.junitplatform.JUnitPlatformProvider.invokeAllTests(JUnitPlatformProvider.java:148)
	at org.apache.maven.surefire.junitplatform.JUnitPlatformProvider.invoke(JUnitPlatformProvider.java:122)
	at org.apache.maven.surefire.booter.ForkedBooter.runSuitesInProcess(ForkedBooter.java:385)
	at org.apache.maven.surefire.booter.ForkedBooter.execute(ForkedBooter.java:162)
	at org.apache.maven.surefire.booter.ForkedBooter.run(ForkedBooter.java:507)
	at org.apache.maven.surefire.booter.ForkedBooter.main(ForkedBooter.java:495)
2025-07-31 23:30:57.157 [main] ERROR c.ikkileague.data.core.FileConverter:99 - Erreur lors du traitement du champ pour la colonne 'ID' (type NUMERIC) à la ligne 1 : Format numérique invalide : 'ABCDEFGHIJ'.
com.ikkileague.data.exception.ConversionException: Format numérique invalide : 'ABCDEFGHIJ'.
	at com.ikkileague.data.formatter.DataFormatter.formatNumeric(DataFormatter.java:87)
	at com.ikkileague.data.formatter.DataFormatter.format(DataFormatter.java:38)
	at com.ikkileague.data.core.FileConverter.convert(FileConverter.java:90)
	at com.ikkileague.data.core.FileConverterTest.lambda$convert_invalidNumericFormatInInput_throwsException$4(FileConverterTest.java:156)
	at org.junit.jupiter.api.AssertThrows.assertThrows(AssertThrows.java:53)
	at org.junit.jupiter.api.AssertThrows.assertThrows(AssertThrows.java:35)
	at org.junit.jupiter.api.Assertions.assertThrows(Assertions.java:3111)
	at com.ikkileague.data.core.FileConverterTest.convert_invalidNumericFormatInInput_throwsException(FileConverterTest.java:155)
	at java.base/jdk.internal.reflect.NativeMethodAccessorImpl.invoke0(Native Method)
	at java.base/jdk.internal.reflect.NativeMethodAccessorImpl.invoke(NativeMethodAccessorImpl.java:77)
	at java.base/jdk.internal.reflect.DelegatingMethodAccessorImpl.invoke(DelegatingMethodAccessorImpl.java:43)
	at java.base/java.lang.reflect.Method.invoke(Method.java:568)
	at org.junit.platform.commons.util.ReflectionUtils.invokeMethod(ReflectionUtils.java:728)
	at org.junit.jupiter.engine.execution.MethodInvocation.proceed(MethodInvocation.java:60)
	at org.junit.jupiter.engine.execution.InvocationInterceptorChain$ValidatingInvocation.proceed(InvocationInterceptorChain.java:131)
	at org.junit.jupiter.engine.extension.TimeoutExtension.intercept(TimeoutExtension.java:156)
	at org.junit.jupiter.engine.extension.TimeoutExtension.interceptTestableMethod(TimeoutExtension.java:147)
	at org.junit.jupiter.engine.extension.TimeoutExtension.interceptTestMethod(TimeoutExtension.java:86)
	at org.junit.jupiter.engine.execution.InterceptingExecutableInvoker$ReflectiveInterceptorCall.lambda$ofVoidMethod$0(InterceptingExecutableInvoker.java:103)
	at org.junit.jupiter.engine.execution.InterceptingExecutableInvoker.lambda$invoke$0(InterceptingExecutableInvoker.java:93)
	at org.junit.jupiter.engine.execution.InvocationInterceptorChain$InterceptedInvocation.proceed(InvocationInterceptorChain.java:106)
	at org.junit.jupiter.engine.execution.InvocationInterceptorChain.proceed(InvocationInterceptorChain.java:64)
	at org.junit.jupiter.engine.execution.InvocationInterceptorChain.chainAndInvoke(InvocationInterceptorChain.java:45)
	at org.junit.jupiter.engine.execution.InvocationInterceptorChain.invoke(InvocationInterceptorChain.java:37)
	at org.junit.jupiter.engine.execution.InterceptingExecutableInvoker.invoke(InterceptingExecutableInvoker.java:92)
	at org.junit.jupiter.engine.execution.InterceptingExecutableInvoker.invoke(InterceptingExecutableInvoker.java:86)
	at org.junit.jupiter.engine.descriptor.TestMethodTestDescriptor.lambda$invokeTestMethod$7(TestMethodTestDescriptor.java:218)
	at org.junit.platform.engine.support.hierarchical.ThrowableCollector.execute(ThrowableCollector.java:73)
	at org.junit.jupiter.engine.descriptor.TestMethodTestDescriptor.invokeTestMethod(TestMethodTestDescriptor.java:214)
	at org.junit.jupiter.engine.descriptor.TestMethodTestDescriptor.execute(TestMethodTestDescriptor.java:139)
	at org.junit.jupiter.engine.descriptor.TestMethodTestDescriptor.execute(TestMethodTestDescriptor.java:69)
	at org.junit.platform.engine.support.hierarchical.NodeTestTask.lambda$executeRecursively$6(NodeTestTask.java:151)
	at org.junit.platform.engine.support.hierarchical.ThrowableCollector.execute(ThrowableCollector.java:73)
	at org.junit.platform.engine.support.hierarchical.NodeTestTask.lambda$executeRecursively$8(NodeTestTask.java:141)
	at org.junit.platform.engine.support.hierarchical.Node.around(Node.java:137)
	at org.junit.platform.engine.support.hierarchical.NodeTestTask.lambda$executeRecursively$9(NodeTestTask.java:139)
	at org.junit.platform.engine.support.hierarchical.ThrowableCollector.execute(ThrowableCollector.java:73)
	at org.junit.platform.engine.support.hierarchical.NodeTestTask.executeRecursively(NodeTestTask.java:138)
	at org.junit.platform.engine.support.hierarchical.NodeTestTask.execute(NodeTestTask.java:95)
	at java.base/java.util.ArrayList.forEach(ArrayList.java:1511)
	at org.junit.platform.engine.support.hierarchical.SameThreadHierarchicalTestExecutorService.invokeAll(SameThreadHierarchicalTestExecutorService.java:41)
	at org.junit.platform.engine.support.hierarchical.NodeTestTask.lambda$executeRecursively$6(NodeTestTask.java:155)
	at org.junit.platform.engine.support.hierarchical.ThrowableCollector.execute(ThrowableCollector.java:73)
	at org.junit.platform.engine.support.hierarchical.NodeTestTask.lambda$executeRecursively$8(NodeTestTask.java:141)
	at org.junit.platform.engine.support.hierarchical.Node.around(Node.java:137)
	at org.junit.platform.engine.support.hierarchical.NodeTestTask.lambda$executeRecursively$9(NodeTestTask.java:139)
	at org.junit.platform.engine.support.hierarchical.ThrowableCollector.execute(ThrowableCollector.java:73)
	at org.junit.platform.engine.support.hierarchical.NodeTestTask.executeRecursively(NodeTestTask.java:138)
	at org.junit.platform.engine.support.hierarchical.NodeTestTask.execute(NodeTestTask.java:95)
	at java.base/java.util.ArrayList.forEach(ArrayList.java:1511)
	at org.junit.platform.engine.support.hierarchical.SameThreadHierarchicalTestExecutorService.invokeAll(SameThreadHierarchicalTestExecutorService.java:41)
	at org.junit.platform.engine.support.hierarchical.NodeTestTask.lambda$executeRecursively$6(NodeTestTask.java:155)
	at org.junit.platform.engine.support.hierarchical.ThrowableCollector.execute(ThrowableCollector.java:73)
	at org.junit.platform.engine.support.hierarchical.NodeTestTask.lambda$executeRecursively$8(NodeTestTask.java:141)
	at org.junit.platform.engine.support.hierarchical.Node.around(Node.java:137)
	at org.junit.platform.engine.support.hierarchical.NodeTestTask.lambda$executeRecursively$9(NodeTestTask.java:139)
	at org.junit.platform.engine.support.hierarchical.ThrowableCollector.execute(ThrowableCollector.java:73)
	at org.junit.platform.engine.support.hierarchical.NodeTestTask.executeRecursively(NodeTestTask.java:138)
	at org.junit.platform.engine.support.hierarchical.NodeTestTask.execute(NodeTestTask.java:95)
	at org.junit.platform.engine.support.hierarchical.SameThreadHierarchicalTestExecutorService.submit(SameThreadHierarchicalTestExecutorService.java:35)
	at org.junit.platform.engine.support.hierarchical.HierarchicalTestExecutor.execute(HierarchicalTestExecutor.java:57)
	at org.junit.platform.engine.support.hierarchical.HierarchicalTestEngine.execute(HierarchicalTestEngine.java:54)
	at org.junit.platform.launcher.core.EngineExecutionOrchestrator.execute(EngineExecutionOrchestrator.java:198)
	at org.junit.platform.launcher.core.EngineExecutionOrchestrator.execute(EngineExecutionOrchestrator.java:169)
	at org.junit.platform.launcher.core.EngineExecutionOrchestrator.execute(EngineExecutionOrchestrator.java:93)
	at org.junit.platform.launcher.core.EngineExecutionOrchestrator.lambda$execute$0(EngineExecutionOrchestrator.java:58)
	at org.junit.platform.launcher.core.EngineExecutionOrchestrator.withInterceptedStreams(EngineExecutionOrchestrator.java:141)
	at org.junit.platform.launcher.core.EngineExecutionOrchestrator.execute(EngineExecutionOrchestrator.java:57)
	at org.junit.platform.launcher.core.DefaultLauncher.execute(DefaultLauncher.java:103)
	at org.junit.platform.launcher.core.DefaultLauncher.execute(DefaultLauncher.java:85)
	at org.junit.platform.launcher.core.DelegatingLauncher.execute(DelegatingLauncher.java:47)
	at org.apache.maven.surefire.junitplatform.LazyLauncher.execute(LazyLauncher.java:56)
	at org.apache.maven.surefire.junitplatform.JUnitPlatformProvider.execute(JUnitPlatformProvider.java:184)
	at org.apache.maven.surefire.junitplatform.JUnitPlatformProvider.invokeAllTests(JUnitPlatformProvider.java:148)
	at org.apache.maven.surefire.junitplatform.JUnitPlatformProvider.invoke(JUnitPlatformProvider.java:122)
	at org.apache.maven.surefire.booter.ForkedBooter.runSuitesInProcess(ForkedBooter.java:385)
	at org.apache.maven.surefire.booter.ForkedBooter.execute(ForkedBooter.java:162)
	at org.apache.maven.surefire.booter.ForkedBooter.run(ForkedBooter.java:507)
	at org.apache.maven.surefire.booter.ForkedBooter.main(ForkedBooter.java:495)
Caused by: java.lang.NumberFormatException: For input string: "ABCDEFGHIJ"
	at java.base/java.lang.NumberFormatException.forInputString(NumberFormatException.java:67)
	at java.base/java.lang.Integer.parseInt(Integer.java:668)
	at java.base/java.lang.Integer.parseInt(Integer.java:786)
	at com.ikkileague.data.formatter.DataFormatter.formatNumeric(DataFormatter.java:82)
	... 78 common frames omitted
2025-07-31 23:30:57.161 [main] INFO  c.ikkileague.data.writer.CsvWriter:58 - Closing CSV writer.
2025-07-31 23:30:57.161 [main] DEBUG c.i.data.core.FileConverterTest:159 - Invalid numeric format msg: Erreur lors du traitement du champ pour la colonne 'ID' (type NUMERIC) à la ligne 1 : Format numérique invalide : 'ABCDEFGHIJ'. 

2025-07-31 23:30:57.175 [main] INFO  c.i.data.core.FileConverterTest:36 - --- Initialisation d’un nouveau test FileConverter ---
2025-07-31 23:30:57.176 [main] DEBUG c.i.data.core.FileConverterTest:43 - Répertoire temporaire : C:\Users\nguye\AppData\Local\Temp\junit11117049329619290078
2025-07-31 23:30:57.177 [main] DEBUG c.i.data.core.FileConverterTest:44 - Chemin fichier d'entrée : C:\Users\nguye\AppData\Local\Temp\junit11117049329619290078\input_data.txt
2025-07-31 23:30:57.177 [main] DEBUG c.i.data.core.FileConverterTest:45 - Chemin fichier métadonnées : C:\Users\nguye\AppData\Local\Temp\junit11117049329619290078\metadata.csv
2025-07-31 23:30:57.178 [main] DEBUG c.i.data.core.FileConverterTest:46 - Chemin fichier de sortie : C:\Users\nguye\AppData\Local\Temp\junit11117049329619290078\output.csv
2025-07-31 23:30:57.178 [main] INFO  c.i.data.core.FileConverterTest:114 - Test : Fichier de métadonnées vide
2025-07-31 23:30:57.181 [main] INFO  c.ikkileague.data.core.FileConverter:42 - Début de la conversion : Fichier fixe 'C:\Users\nguye\AppData\Local\Temp\junit11117049329619290078\input_data.txt' + Métadonnées 'C:\Users\nguye\AppData\Local\Temp\junit11117049329619290078\metadata.csv' -> CSV 'C:\Users\nguye\AppData\Local\Temp\junit11117049329619290078\output.csv'
2025-07-31 23:30:57.183 [main] ERROR c.i.data.parser.MetadataParser:59 - Le fichier de métadonnées est vide ou ne contient aucune définition valide : C:\Users\nguye\AppData\Local\Temp\junit11117049329619290078\metadata.csv
2025-07-31 23:30:57.189 [main] DEBUG c.i.data.core.FileConverterTest:123 - File Matadata empty : 
Le fichier de métadonnées est vide ou ne contient aucune définition valide : C:\Users\nguye\AppData\Local\Temp\junit11117049329619290078\metadata.csv
2025-07-31 23:30:57.212 [main] INFO  c.i.data.core.FileConverterTest:36 - --- Initialisation d’un nouveau test FileConverter ---
2025-07-31 23:30:57.216 [main] DEBUG c.i.data.core.FileConverterTest:43 - Répertoire temporaire : C:\Users\nguye\AppData\Local\Temp\junit15016856257873682205
2025-07-31 23:30:57.219 [main] DEBUG c.i.data.core.FileConverterTest:44 - Chemin fichier d'entrée : C:\Users\nguye\AppData\Local\Temp\junit15016856257873682205\input_data.txt
2025-07-31 23:30:57.219 [main] DEBUG c.i.data.core.FileConverterTest:45 - Chemin fichier métadonnées : C:\Users\nguye\AppData\Local\Temp\junit15016856257873682205\metadata.csv
2025-07-31 23:30:57.222 [main] DEBUG c.i.data.core.FileConverterTest:46 - Chemin fichier de sortie : C:\Users\nguye\AppData\Local\Temp\junit15016856257873682205\output.csv
2025-07-31 23:30:57.223 [main] INFO  c.i.data.core.FileConverterTest:99 - Test : Métadonnées absentes
2025-07-31 23:30:57.227 [main] INFO  c.ikkileague.data.core.FileConverter:42 - Début de la conversion : Fichier fixe 'C:\Users\nguye\AppData\Local\Temp\junit15016856257873682205\input_data.txt' + Métadonnées 'C:\Users\nguye\AppData\Local\Temp\junit15016856257873682205\metadata.csv' -> CSV 'C:\Users\nguye\AppData\Local\Temp\junit15016856257873682205\output.csv'
2025-07-31 23:30:57.229 [main] ERROR c.i.data.parser.MetadataParser:38 - Le fichier de métadonnées n'existe pas ou n'est pas un fichier valide : C:\Users\nguye\AppData\Local\Temp\junit15016856257873682205\metadata.csv
2025-07-31 23:30:57.230 [main] DEBUG c.i.data.core.FileConverterTest:107 - File Matadata not found : 
Le fichier de métadonnées n'existe pas ou n'est pas un fichier valide : C:\Users\nguye\AppData\Local\Temp\junit15016856257873682205\metadata.csv
2025-07-31 23:30:57.245 [main] INFO  c.i.data.core.FileConverterTest:36 - --- Initialisation d’un nouveau test FileConverter ---
2025-07-31 23:30:57.245 [main] DEBUG c.i.data.core.FileConverterTest:43 - Répertoire temporaire : C:\Users\nguye\AppData\Local\Temp\junit8743697927788102567
2025-07-31 23:30:57.245 [main] DEBUG c.i.data.core.FileConverterTest:44 - Chemin fichier d'entrée : C:\Users\nguye\AppData\Local\Temp\junit8743697927788102567\input_data.txt
2025-07-31 23:30:57.246 [main] DEBUG c.i.data.core.FileConverterTest:45 - Chemin fichier métadonnées : C:\Users\nguye\AppData\Local\Temp\junit8743697927788102567\metadata.csv
2025-07-31 23:30:57.246 [main] DEBUG c.i.data.core.FileConverterTest:46 - Chemin fichier de sortie : C:\Users\nguye\AppData\Local\Temp\junit8743697927788102567\output.csv
2025-07-31 23:30:57.246 [main] INFO  c.i.data.core.FileConverterTest:82 - Test : Fichier d'entrée manquant
2025-07-31 23:30:57.249 [main] INFO  c.ikkileague.data.core.FileConverter:42 - Début de la conversion : Fichier fixe 'fichier_inexistant.txt' + Métadonnées 'C:\Users\nguye\AppData\Local\Temp\junit8743697927788102567\metadata.csv' -> CSV 'C:\Users\nguye\AppData\Local\Temp\junit8743697927788102567\output.csv'
2025-07-31 23:30:57.257 [main] DEBUG c.ikkileague.data.core.FileConverter:52 - Définitions de 3 colonnes extraites depuis les métadonnées.
2025-07-31 23:30:57.259 [main] DEBUG c.i.data.core.FileConverterTest:91 - File Data fixed not found : 
Fichier d'entrée manquant ou non valide: fichier_inexistant.txt
2025-07-31 23:30:57.268 [main] INFO  c.i.data.core.FileConverterTest:36 - --- Initialisation d’un nouveau test FileConverter ---
2025-07-31 23:30:57.269 [main] DEBUG c.i.data.core.FileConverterTest:43 - Répertoire temporaire : C:\Users\nguye\AppData\Local\Temp\junit8628166417427825000
2025-07-31 23:30:57.270 [main] DEBUG c.i.data.core.FileConverterTest:44 - Chemin fichier d'entrée : C:\Users\nguye\AppData\Local\Temp\junit8628166417427825000\input_data.txt
2025-07-31 23:30:57.272 [main] DEBUG c.i.data.core.FileConverterTest:45 - Chemin fichier métadonnées : C:\Users\nguye\AppData\Local\Temp\junit8628166417427825000\metadata.csv
2025-07-31 23:30:57.274 [main] DEBUG c.i.data.core.FileConverterTest:46 - Chemin fichier de sortie : C:\Users\nguye\AppData\Local\Temp\junit8628166417427825000\output.csv
2025-07-31 23:30:57.275 [main] INFO  c.i.data.core.FileConverterTest:131 - Test : Date au mauvais format
2025-07-31 23:30:57.276 [main] INFO  c.ikkileague.data.core.FileConverter:42 - Début de la conversion : Fichier fixe 'C:\Users\nguye\AppData\Local\Temp\junit8628166417427825000\input_data.txt' + Métadonnées 'C:\Users\nguye\AppData\Local\Temp\junit8628166417427825000\metadata.csv' -> CSV 'C:\Users\nguye\AppData\Local\Temp\junit8628166417427825000\output.csv'
2025-07-31 23:30:57.277 [main] DEBUG c.ikkileague.data.core.FileConverter:52 - Définitions de 2 colonnes extraites depuis les métadonnées.
2025-07-31 23:30:57.278 [main] INFO  c.ikkileague.data.writer.CsvWriter:27 - Initializing CSV writer for output file: C:\Users\nguye\AppData\Local\Temp\junit8628166417427825000\output.csv
2025-07-31 23:30:57.280 [main] DEBUG c.ikkileague.data.writer.CsvWriter:28 - CSV Headers: [ID, DateNaissance]
2025-07-31 23:30:57.281 [main] DEBUG c.i.data.parser.FixedRecordParser:37 - parseLine line 20 : 00000000011990/05/15
2025-07-31 23:30:57.282 [main] DEBUG c.i.data.parser.FixedRecordParser:38 - parseLine columnDefinitions 2 : [ColumnDefinition{name='ID', type='NUMERIC',  length=10}, ColumnDefinition{name='DateNaissance', type='DATE',  length=10}]
2025-07-31 23:30:57.282 [main] DEBUG c.i.data.parser.FixedRecordParser:57 - Champ extrait de longueur 10 : 0000000001
2025-07-31 23:30:57.282 [main] DEBUG c.i.data.parser.FixedRecordParser:57 - Champ extrait de longueur 10 : 1990/05/15
2025-07-31 23:30:57.283 [main] ERROR c.i.data.formatter.DataFormatter:61 - Format de date invalide : '1990/05/15'. Format attendu : YYYY-MM-DD.
java.time.format.DateTimeParseException: Text '1990/05/15' could not be parsed at index 4
	at java.base/java.time.format.DateTimeFormatter.parseResolved0(DateTimeFormatter.java:2052)
	at java.base/java.time.format.DateTimeFormatter.parse(DateTimeFormatter.java:1880)
	at com.ikkileague.data.formatter.DataFormatter.formatDate(DataFormatter.java:58)
	at com.ikkileague.data.formatter.DataFormatter.format(DataFormatter.java:36)
	at com.ikkileague.data.core.FileConverter.convert(FileConverter.java:90)
	at com.ikkileague.data.core.FileConverterTest.lambda$convert_invalidDateFormatInInput_throwsException$3(FileConverterTest.java:138)
	at org.junit.jupiter.api.AssertThrows.assertThrows(AssertThrows.java:53)
	at org.junit.jupiter.api.AssertThrows.assertThrows(AssertThrows.java:35)
	at org.junit.jupiter.api.Assertions.assertThrows(Assertions.java:3111)
	at com.ikkileague.data.core.FileConverterTest.convert_invalidDateFormatInInput_throwsException(FileConverterTest.java:137)
	at java.base/jdk.internal.reflect.NativeMethodAccessorImpl.invoke0(Native Method)
	at java.base/jdk.internal.reflect.NativeMethodAccessorImpl.invoke(NativeMethodAccessorImpl.java:77)
	at java.base/jdk.internal.reflect.DelegatingMethodAccessorImpl.invoke(DelegatingMethodAccessorImpl.java:43)
	at java.base/java.lang.reflect.Method.invoke(Method.java:568)
	at org.junit.platform.commons.util.ReflectionUtils.invokeMethod(ReflectionUtils.java:728)
	at org.junit.jupiter.engine.execution.MethodInvocation.proceed(MethodInvocation.java:60)
	at org.junit.jupiter.engine.execution.InvocationInterceptorChain$ValidatingInvocation.proceed(InvocationInterceptorChain.java:131)
	at org.junit.jupiter.engine.extension.TimeoutExtension.intercept(TimeoutExtension.java:156)
	at org.junit.jupiter.engine.extension.TimeoutExtension.interceptTestableMethod(TimeoutExtension.java:147)
	at org.junit.jupiter.engine.extension.TimeoutExtension.interceptTestMethod(TimeoutExtension.java:86)
	at org.junit.jupiter.engine.execution.InterceptingExecutableInvoker$ReflectiveInterceptorCall.lambda$ofVoidMethod$0(InterceptingExecutableInvoker.java:103)
	at org.junit.jupiter.engine.execution.InterceptingExecutableInvoker.lambda$invoke$0(InterceptingExecutableInvoker.java:93)
	at org.junit.jupiter.engine.execution.InvocationInterceptorChain$InterceptedInvocation.proceed(InvocationInterceptorChain.java:106)
	at org.junit.jupiter.engine.execution.InvocationInterceptorChain.proceed(InvocationInterceptorChain.java:64)
	at org.junit.jupiter.engine.execution.InvocationInterceptorChain.chainAndInvoke(InvocationInterceptorChain.java:45)
	at org.junit.jupiter.engine.execution.InvocationInterceptorChain.invoke(InvocationInterceptorChain.java:37)
	at org.junit.jupiter.engine.execution.InterceptingExecutableInvoker.invoke(InterceptingExecutableInvoker.java:92)
	at org.junit.jupiter.engine.execution.InterceptingExecutableInvoker.invoke(InterceptingExecutableInvoker.java:86)
	at org.junit.jupiter.engine.descriptor.TestMethodTestDescriptor.lambda$invokeTestMethod$7(TestMethodTestDescriptor.java:218)
	at org.junit.platform.engine.support.hierarchical.ThrowableCollector.execute(ThrowableCollector.java:73)
	at org.junit.jupiter.engine.descriptor.TestMethodTestDescriptor.invokeTestMethod(TestMethodTestDescriptor.java:214)
	at org.junit.jupiter.engine.descriptor.TestMethodTestDescriptor.execute(TestMethodTestDescriptor.java:139)
	at org.junit.jupiter.engine.descriptor.TestMethodTestDescriptor.execute(TestMethodTestDescriptor.java:69)
	at org.junit.platform.engine.support.hierarchical.NodeTestTask.lambda$executeRecursively$6(NodeTestTask.java:151)
	at org.junit.platform.engine.support.hierarchical.ThrowableCollector.execute(ThrowableCollector.java:73)
	at org.junit.platform.engine.support.hierarchical.NodeTestTask.lambda$executeRecursively$8(NodeTestTask.java:141)
	at org.junit.platform.engine.support.hierarchical.Node.around(Node.java:137)
	at org.junit.platform.engine.support.hierarchical.NodeTestTask.lambda$executeRecursively$9(NodeTestTask.java:139)
	at org.junit.platform.engine.support.hierarchical.ThrowableCollector.execute(ThrowableCollector.java:73)
	at org.junit.platform.engine.support.hierarchical.NodeTestTask.executeRecursively(NodeTestTask.java:138)
	at org.junit.platform.engine.support.hierarchical.NodeTestTask.execute(NodeTestTask.java:95)
	at java.base/java.util.ArrayList.forEach(ArrayList.java:1511)
	at org.junit.platform.engine.support.hierarchical.SameThreadHierarchicalTestExecutorService.invokeAll(SameThreadHierarchicalTestExecutorService.java:41)
	at org.junit.platform.engine.support.hierarchical.NodeTestTask.lambda$executeRecursively$6(NodeTestTask.java:155)
	at org.junit.platform.engine.support.hierarchical.ThrowableCollector.execute(ThrowableCollector.java:73)
	at org.junit.platform.engine.support.hierarchical.NodeTestTask.lambda$executeRecursively$8(NodeTestTask.java:141)
	at org.junit.platform.engine.support.hierarchical.Node.around(Node.java:137)
	at org.junit.platform.engine.support.hierarchical.NodeTestTask.lambda$executeRecursively$9(NodeTestTask.java:139)
	at org.junit.platform.engine.support.hierarchical.ThrowableCollector.execute(ThrowableCollector.java:73)
	at org.junit.platform.engine.support.hierarchical.NodeTestTask.executeRecursively(NodeTestTask.java:138)
	at org.junit.platform.engine.support.hierarchical.NodeTestTask.execute(NodeTestTask.java:95)
	at java.base/java.util.ArrayList.forEach(ArrayList.java:1511)
	at org.junit.platform.engine.support.hierarchical.SameThreadHierarchicalTestExecutorService.invokeAll(SameThreadHierarchicalTestExecutorService.java:41)
	at org.junit.platform.engine.support.hierarchical.NodeTestTask.lambda$executeRecursively$6(NodeTestTask.java:155)
	at org.junit.platform.engine.support.hierarchical.ThrowableCollector.execute(ThrowableCollector.java:73)
	at org.junit.platform.engine.support.hierarchical.NodeTestTask.lambda$executeRecursively$8(NodeTestTask.java:141)
	at org.junit.platform.engine.support.hierarchical.Node.around(Node.java:137)
	at org.junit.platform.engine.support.hierarchical.NodeTestTask.lambda$executeRecursively$9(NodeTestTask.java:139)
	at org.junit.platform.engine.support.hierarchical.ThrowableCollector.execute(ThrowableCollector.java:73)
	at org.junit.platform.engine.support.hierarchical.NodeTestTask.executeRecursively(NodeTestTask.java:138)
	at org.junit.platform.engine.support.hierarchical.NodeTestTask.execute(NodeTestTask.java:95)
	at org.junit.platform.engine.support.hierarchical.SameThreadHierarchicalTestExecutorService.submit(SameThreadHierarchicalTestExecutorService.java:35)
	at org.junit.platform.engine.support.hierarchical.HierarchicalTestExecutor.execute(HierarchicalTestExecutor.java:57)
	at org.junit.platform.engine.support.hierarchical.HierarchicalTestEngine.execute(HierarchicalTestEngine.java:54)
	at org.junit.platform.launcher.core.EngineExecutionOrchestrator.execute(EngineExecutionOrchestrator.java:198)
	at org.junit.platform.launcher.core.EngineExecutionOrchestrator.execute(EngineExecutionOrchestrator.java:169)
	at org.junit.platform.launcher.core.EngineExecutionOrchestrator.execute(EngineExecutionOrchestrator.java:93)
	at org.junit.platform.launcher.core.EngineExecutionOrchestrator.lambda$execute$0(EngineExecutionOrchestrator.java:58)
	at org.junit.platform.launcher.core.EngineExecutionOrchestrator.withInterceptedStreams(EngineExecutionOrchestrator.java:141)
	at org.junit.platform.launcher.core.EngineExecutionOrchestrator.execute(EngineExecutionOrchestrator.java:57)
	at org.junit.platform.launcher.core.DefaultLauncher.execute(DefaultLauncher.java:103)
	at org.junit.platform.launcher.core.DefaultLauncher.execute(DefaultLauncher.java:85)
	at org.junit.platform.launcher.core.DelegatingLauncher.execute(DelegatingLauncher.java:47)
	at org.apache.maven.surefire.junitplatform.LazyLauncher.execute(LazyLauncher.java:56)
	at org.apache.maven.surefire.junitplatform.JUnitPlatformProvider.execute(JUnitPlatformProvider.java:184)
	at org.apache.maven.surefire.junitplatform.JUnitPlatformProvider.invokeAllTests(JUnitPlatformProvider.java:148)
	at org.apache.maven.surefire.junitplatform.JUnitPlatformProvider.invoke(JUnitPlatformProvider.java:122)
	at org.apache.maven.surefire.booter.ForkedBooter.runSuitesInProcess(ForkedBooter.java:385)
	at org.apache.maven.surefire.booter.ForkedBooter.execute(ForkedBooter.java:162)
	at org.apache.maven.surefire.booter.ForkedBooter.run(ForkedBooter.java:507)
	at org.apache.maven.surefire.booter.ForkedBooter.main(ForkedBooter.java:495)
2025-07-31 23:30:57.284 [main] ERROR c.ikkileague.data.core.FileConverter:99 - Erreur lors du traitement du champ pour la colonne 'DateNaissance' (type DATE) à la ligne 1 : Format de date invalide : '1990/05/15'. Format attendu : YYYY-MM-DD.
com.ikkileague.data.exception.ConversionException: Format de date invalide : '1990/05/15'. Format attendu : YYYY-MM-DD.
	at com.ikkileague.data.formatter.DataFormatter.formatDate(DataFormatter.java:62)
	at com.ikkileague.data.formatter.DataFormatter.format(DataFormatter.java:36)
	at com.ikkileague.data.core.FileConverter.convert(FileConverter.java:90)
	at com.ikkileague.data.core.FileConverterTest.lambda$convert_invalidDateFormatInInput_throwsException$3(FileConverterTest.java:138)
	at org.junit.jupiter.api.AssertThrows.assertThrows(AssertThrows.java:53)
	at org.junit.jupiter.api.AssertThrows.assertThrows(AssertThrows.java:35)
	at org.junit.jupiter.api.Assertions.assertThrows(Assertions.java:3111)
	at com.ikkileague.data.core.FileConverterTest.convert_invalidDateFormatInInput_throwsException(FileConverterTest.java:137)
	at java.base/jdk.internal.reflect.NativeMethodAccessorImpl.invoke0(Native Method)
	at java.base/jdk.internal.reflect.NativeMethodAccessorImpl.invoke(NativeMethodAccessorImpl.java:77)
	at java.base/jdk.internal.reflect.DelegatingMethodAccessorImpl.invoke(DelegatingMethodAccessorImpl.java:43)
	at java.base/java.lang.reflect.Method.invoke(Method.java:568)
	at org.junit.platform.commons.util.ReflectionUtils.invokeMethod(ReflectionUtils.java:728)
	at org.junit.jupiter.engine.execution.MethodInvocation.proceed(MethodInvocation.java:60)
	at org.junit.jupiter.engine.execution.InvocationInterceptorChain$ValidatingInvocation.proceed(InvocationInterceptorChain.java:131)
	at org.junit.jupiter.engine.extension.TimeoutExtension.intercept(TimeoutExtension.java:156)
	at org.junit.jupiter.engine.extension.TimeoutExtension.interceptTestableMethod(TimeoutExtension.java:147)
	at org.junit.jupiter.engine.extension.TimeoutExtension.interceptTestMethod(TimeoutExtension.java:86)
	at org.junit.jupiter.engine.execution.InterceptingExecutableInvoker$ReflectiveInterceptorCall.lambda$ofVoidMethod$0(InterceptingExecutableInvoker.java:103)
	at org.junit.jupiter.engine.execution.InterceptingExecutableInvoker.lambda$invoke$0(InterceptingExecutableInvoker.java:93)
	at org.junit.jupiter.engine.execution.InvocationInterceptorChain$InterceptedInvocation.proceed(InvocationInterceptorChain.java:106)
	at org.junit.jupiter.engine.execution.InvocationInterceptorChain.proceed(InvocationInterceptorChain.java:64)
	at org.junit.jupiter.engine.execution.InvocationInterceptorChain.chainAndInvoke(InvocationInterceptorChain.java:45)
	at org.junit.jupiter.engine.execution.InvocationInterceptorChain.invoke(InvocationInterceptorChain.java:37)
	at org.junit.jupiter.engine.execution.InterceptingExecutableInvoker.invoke(InterceptingExecutableInvoker.java:92)
	at org.junit.jupiter.engine.execution.InterceptingExecutableInvoker.invoke(InterceptingExecutableInvoker.java:86)
	at org.junit.jupiter.engine.descriptor.TestMethodTestDescriptor.lambda$invokeTestMethod$7(TestMethodTestDescriptor.java:218)
	at org.junit.platform.engine.support.hierarchical.ThrowableCollector.execute(ThrowableCollector.java:73)
	at org.junit.jupiter.engine.descriptor.TestMethodTestDescriptor.invokeTestMethod(TestMethodTestDescriptor.java:214)
	at org.junit.jupiter.engine.descriptor.TestMethodTestDescriptor.execute(TestMethodTestDescriptor.java:139)
	at org.junit.jupiter.engine.descriptor.TestMethodTestDescriptor.execute(TestMethodTestDescriptor.java:69)
	at org.junit.platform.engine.support.hierarchical.NodeTestTask.lambda$executeRecursively$6(NodeTestTask.java:151)
	at org.junit.platform.engine.support.hierarchical.ThrowableCollector.execute(ThrowableCollector.java:73)
	at org.junit.platform.engine.support.hierarchical.NodeTestTask.lambda$executeRecursively$8(NodeTestTask.java:141)
	at org.junit.platform.engine.support.hierarchical.Node.around(Node.java:137)
	at org.junit.platform.engine.support.hierarchical.NodeTestTask.lambda$executeRecursively$9(NodeTestTask.java:139)
	at org.junit.platform.engine.support.hierarchical.ThrowableCollector.execute(ThrowableCollector.java:73)
	at org.junit.platform.engine.support.hierarchical.NodeTestTask.executeRecursively(NodeTestTask.java:138)
	at org.junit.platform.engine.support.hierarchical.NodeTestTask.execute(NodeTestTask.java:95)
	at java.base/java.util.ArrayList.forEach(ArrayList.java:1511)
	at org.junit.platform.engine.support.hierarchical.SameThreadHierarchicalTestExecutorService.invokeAll(SameThreadHierarchicalTestExecutorService.java:41)
	at org.junit.platform.engine.support.hierarchical.NodeTestTask.lambda$executeRecursively$6(NodeTestTask.java:155)
	at org.junit.platform.engine.support.hierarchical.ThrowableCollector.execute(ThrowableCollector.java:73)
	at org.junit.platform.engine.support.hierarchical.NodeTestTask.lambda$executeRecursively$8(NodeTestTask.java:141)
	at org.junit.platform.engine.support.hierarchical.Node.around(Node.java:137)
	at org.junit.platform.engine.support.hierarchical.NodeTestTask.lambda$executeRecursively$9(NodeTestTask.java:139)
	at org.junit.platform.engine.support.hierarchical.ThrowableCollector.execute(ThrowableCollector.java:73)
	at org.junit.platform.engine.support.hierarchical.NodeTestTask.executeRecursively(NodeTestTask.java:138)
	at org.junit.platform.engine.support.hierarchical.NodeTestTask.execute(NodeTestTask.java:95)
	at java.base/java.util.ArrayList.forEach(ArrayList.java:1511)
	at org.junit.platform.engine.support.hierarchical.SameThreadHierarchicalTestExecutorService.invokeAll(SameThreadHierarchicalTestExecutorService.java:41)
	at org.junit.platform.engine.support.hierarchical.NodeTestTask.lambda$executeRecursively$6(NodeTestTask.java:155)
	at org.junit.platform.engine.support.hierarchical.ThrowableCollector.execute(ThrowableCollector.java:73)
	at org.junit.platform.engine.support.hierarchical.NodeTestTask.lambda$executeRecursively$8(NodeTestTask.java:141)
	at org.junit.platform.engine.support.hierarchical.Node.around(Node.java:137)
	at org.junit.platform.engine.support.hierarchical.NodeTestTask.lambda$executeRecursively$9(NodeTestTask.java:139)
	at org.junit.platform.engine.support.hierarchical.ThrowableCollector.execute(ThrowableCollector.java:73)
	at org.junit.platform.engine.support.hierarchical.NodeTestTask.executeRecursively(NodeTestTask.java:138)
	at org.junit.platform.engine.support.hierarchical.NodeTestTask.execute(NodeTestTask.java:95)
	at org.junit.platform.engine.support.hierarchical.SameThreadHierarchicalTestExecutorService.submit(SameThreadHierarchicalTestExecutorService.java:35)
	at org.junit.platform.engine.support.hierarchical.HierarchicalTestExecutor.execute(HierarchicalTestExecutor.java:57)
	at org.junit.platform.engine.support.hierarchical.HierarchicalTestEngine.execute(HierarchicalTestEngine.java:54)
	at org.junit.platform.launcher.core.EngineExecutionOrchestrator.execute(EngineExecutionOrchestrator.java:198)
	at org.junit.platform.launcher.core.EngineExecutionOrchestrator.execute(EngineExecutionOrchestrator.java:169)
	at org.junit.platform.launcher.core.EngineExecutionOrchestrator.execute(EngineExecutionOrchestrator.java:93)
	at org.junit.platform.launcher.core.EngineExecutionOrchestrator.lambda$execute$0(EngineExecutionOrchestrator.java:58)
	at org.junit.platform.launcher.core.EngineExecutionOrchestrator.withInterceptedStreams(EngineExecutionOrchestrator.java:141)
	at org.junit.platform.launcher.core.EngineExecutionOrchestrator.execute(EngineExecutionOrchestrator.java:57)
	at org.junit.platform.launcher.core.DefaultLauncher.execute(DefaultLauncher.java:103)
	at org.junit.platform.launcher.core.DefaultLauncher.execute(DefaultLauncher.java:85)
	at org.junit.platform.launcher.core.DelegatingLauncher.execute(DelegatingLauncher.java:47)
	at org.apache.maven.surefire.junitplatform.LazyLauncher.execute(LazyLauncher.java:56)
	at org.apache.maven.surefire.junitplatform.JUnitPlatformProvider.execute(JUnitPlatformProvider.java:184)
	at org.apache.maven.surefire.junitplatform.JUnitPlatformProvider.invokeAllTests(JUnitPlatformProvider.java:148)
	at org.apache.maven.surefire.junitplatform.JUnitPlatformProvider.invoke(JUnitPlatformProvider.java:122)
	at org.apache.maven.surefire.booter.ForkedBooter.runSuitesInProcess(ForkedBooter.java:385)
	at org.apache.maven.surefire.booter.ForkedBooter.execute(ForkedBooter.java:162)
	at org.apache.maven.surefire.booter.ForkedBooter.run(ForkedBooter.java:507)
	at org.apache.maven.surefire.booter.ForkedBooter.main(ForkedBooter.java:495)
Caused by: java.time.format.DateTimeParseException: Text '1990/05/15' could not be parsed at index 4
	at java.base/java.time.format.DateTimeFormatter.parseResolved0(DateTimeFormatter.java:2052)
	at java.base/java.time.format.DateTimeFormatter.parse(DateTimeFormatter.java:1880)
	at com.ikkileague.data.formatter.DataFormatter.formatDate(DataFormatter.java:58)
	... 78 common frames omitted
2025-07-31 23:30:57.287 [main] INFO  c.ikkileague.data.writer.CsvWriter:58 - Closing CSV writer.
2025-07-31 23:30:57.288 [main] DEBUG c.i.data.core.FileConverterTest:141 - Invalid date format : Erreur lors du traitement du champ pour la colonne 'DateNaissance' (type DATE) à la ligne 1 : Format de date invalide : '1990/05/15'. Format attendu : YYYY-MM-DD. 

2025-07-31 23:30:57.317 [main] DEBUG c.i.data.formatter.DataFormatterTest:21 - --- Préparation de DataFormatterTest pour un nouveau test ---
2025-07-31 23:30:57.317 [main] DEBUG c.i.data.formatter.DataFormatterTest:30 - Démarrage du test: format_validDate_returnsFormattedString
2025-07-31 23:30:57.331 [main] DEBUG c.i.data.formatter.DataFormatterTest:37 - Test passé: Date valide formatée correctement.
2025-07-31 23:30:57.344 [main] DEBUG c.i.data.formatter.DataFormatterTest:21 - --- Préparation de DataFormatterTest pour un nouveau test ---
2025-07-31 23:30:57.345 [main] DEBUG c.i.data.formatter.DataFormatterTest:90 - Démarrage du test: format_validDecimalNumeric_returnsString
2025-07-31 23:30:57.349 [main] DEBUG c.i.data.formatter.DataFormatterTest:21 - --- Préparation de DataFormatterTest pour un nouveau test ---
2025-07-31 23:30:57.359 [main] DEBUG c.i.data.formatter.DataFormatterTest:103 - Démarrage du test: format_emptyNumeric_returnsEmptyString
2025-07-31 23:30:57.366 [main] DEBUG c.i.data.formatter.DataFormatterTest:21 - --- Préparation de DataFormatterTest pour un nouveau test ---
2025-07-31 23:30:57.367 [main] DEBUG c.i.data.formatter.DataFormatterTest:75 - Démarrage du test: format_validIntegerNumeric_returnsString
2025-07-31 23:30:57.377 [main] DEBUG c.i.data.formatter.DataFormatterTest:21 - --- Préparation de DataFormatterTest pour un nouveau test ---
2025-07-31 23:30:57.378 [main] DEBUG c.i.data.formatter.DataFormatterTest:148 - Démarrage du test: format_plainString_returnsSameString
2025-07-31 23:30:57.380 [main] DEBUG c.i.data.formatter.DataFormatterTest:21 - --- Préparation de DataFormatterTest pour un nouveau test ---
2025-07-31 23:30:57.381 [main] DEBUG c.i.data.formatter.DataFormatterTest:173 - Démarrage du test: format_stringWithForbiddenCharacters_throwsConversionException
2025-07-31 23:30:57.384 [main] ERROR c.i.data.formatter.DataFormatter:101 - Le champ texte contient des caractères interdits (CR or LF) : 'Première ligneDeuxième ligne'.
2025-07-31 23:30:57.389 [main] DEBUG c.i.data.formatter.DataFormatterTest:184 - Caractères interdits (CR) :
 Le champ texte contient des caractères interdits (CR or LF) : 'Première ligneDeuxième ligne'.
2025-07-31 23:30:57.392 [main] ERROR c.i.data.formatter.DataFormatter:101 - Le champ texte contient des caractères interdits (CR or LF) : 'Première ligne
Deuxième ligne'.
2025-07-31 23:30:57.392 [main] DEBUG c.i.data.formatter.DataFormatterTest:193 - Caractères interdits (LF) :
 Le champ texte contient des caractères interdits (CR or LF) : 'Première ligneDeuxième ligne'.
2025-07-31 23:30:57.396 [main] DEBUG c.i.data.formatter.DataFormatterTest:21 - --- Préparation de DataFormatterTest pour un nouveau test ---
2025-07-31 23:30:57.396 [main] DEBUG c.i.data.formatter.DataFormatterTest:56 - Démarrage du test: format_invalidDateFormat_throwsConversionException
2025-07-31 23:30:57.397 [main] ERROR c.i.data.formatter.DataFormatter:61 - Format de date invalide : '26/10/2023'. Format attendu : YYYY-MM-DD.
java.time.format.DateTimeParseException: Text '26/10/2023' could not be parsed at index 0
	at java.base/java.time.format.DateTimeFormatter.parseResolved0(DateTimeFormatter.java:2052)
	at java.base/java.time.format.DateTimeFormatter.parse(DateTimeFormatter.java:1880)
	at com.ikkileague.data.formatter.DataFormatter.formatDate(DataFormatter.java:58)
	at com.ikkileague.data.formatter.DataFormatter.format(DataFormatter.java:36)
	at com.ikkileague.data.formatter.DataFormatterTest.lambda$format_invalidDateFormat_throwsConversionException$0(DataFormatterTest.java:62)
	at org.junit.jupiter.api.AssertThrows.assertThrows(AssertThrows.java:53)
	at org.junit.jupiter.api.AssertThrows.assertThrows(AssertThrows.java:39)
	at org.junit.jupiter.api.Assertions.assertThrows(Assertions.java:3127)
	at com.ikkileague.data.formatter.DataFormatterTest.format_invalidDateFormat_throwsConversionException(DataFormatterTest.java:61)
	at java.base/jdk.internal.reflect.NativeMethodAccessorImpl.invoke0(Native Method)
	at java.base/jdk.internal.reflect.NativeMethodAccessorImpl.invoke(NativeMethodAccessorImpl.java:77)
	at java.base/jdk.internal.reflect.DelegatingMethodAccessorImpl.invoke(DelegatingMethodAccessorImpl.java:43)
	at java.base/java.lang.reflect.Method.invoke(Method.java:568)
	at org.junit.platform.commons.util.ReflectionUtils.invokeMethod(ReflectionUtils.java:728)
	at org.junit.jupiter.engine.execution.MethodInvocation.proceed(MethodInvocation.java:60)
	at org.junit.jupiter.engine.execution.InvocationInterceptorChain$ValidatingInvocation.proceed(InvocationInterceptorChain.java:131)
	at org.junit.jupiter.engine.extension.TimeoutExtension.intercept(TimeoutExtension.java:156)
	at org.junit.jupiter.engine.extension.TimeoutExtension.interceptTestableMethod(TimeoutExtension.java:147)
	at org.junit.jupiter.engine.extension.TimeoutExtension.interceptTestMethod(TimeoutExtension.java:86)
	at org.junit.jupiter.engine.execution.InterceptingExecutableInvoker$ReflectiveInterceptorCall.lambda$ofVoidMethod$0(InterceptingExecutableInvoker.java:103)
	at org.junit.jupiter.engine.execution.InterceptingExecutableInvoker.lambda$invoke$0(InterceptingExecutableInvoker.java:93)
	at org.junit.jupiter.engine.execution.InvocationInterceptorChain$InterceptedInvocation.proceed(InvocationInterceptorChain.java:106)
	at org.junit.jupiter.engine.execution.InvocationInterceptorChain.proceed(InvocationInterceptorChain.java:64)
	at org.junit.jupiter.engine.execution.InvocationInterceptorChain.chainAndInvoke(InvocationInterceptorChain.java:45)
	at org.junit.jupiter.engine.execution.InvocationInterceptorChain.invoke(InvocationInterceptorChain.java:37)
	at org.junit.jupiter.engine.execution.InterceptingExecutableInvoker.invoke(InterceptingExecutableInvoker.java:92)
	at org.junit.jupiter.engine.execution.InterceptingExecutableInvoker.invoke(InterceptingExecutableInvoker.java:86)
	at org.junit.jupiter.engine.descriptor.TestMethodTestDescriptor.lambda$invokeTestMethod$7(TestMethodTestDescriptor.java:218)
	at org.junit.platform.engine.support.hierarchical.ThrowableCollector.execute(ThrowableCollector.java:73)
	at org.junit.jupiter.engine.descriptor.TestMethodTestDescriptor.invokeTestMethod(TestMethodTestDescriptor.java:214)
	at org.junit.jupiter.engine.descriptor.TestMethodTestDescriptor.execute(TestMethodTestDescriptor.java:139)
	at org.junit.jupiter.engine.descriptor.TestMethodTestDescriptor.execute(TestMethodTestDescriptor.java:69)
	at org.junit.platform.engine.support.hierarchical.NodeTestTask.lambda$executeRecursively$6(NodeTestTask.java:151)
	at org.junit.platform.engine.support.hierarchical.ThrowableCollector.execute(ThrowableCollector.java:73)
	at org.junit.platform.engine.support.hierarchical.NodeTestTask.lambda$executeRecursively$8(NodeTestTask.java:141)
	at org.junit.platform.engine.support.hierarchical.Node.around(Node.java:137)
	at org.junit.platform.engine.support.hierarchical.NodeTestTask.lambda$executeRecursively$9(NodeTestTask.java:139)
	at org.junit.platform.engine.support.hierarchical.ThrowableCollector.execute(ThrowableCollector.java:73)
	at org.junit.platform.engine.support.hierarchical.NodeTestTask.executeRecursively(NodeTestTask.java:138)
	at org.junit.platform.engine.support.hierarchical.NodeTestTask.execute(NodeTestTask.java:95)
	at java.base/java.util.ArrayList.forEach(ArrayList.java:1511)
	at org.junit.platform.engine.support.hierarchical.SameThreadHierarchicalTestExecutorService.invokeAll(SameThreadHierarchicalTestExecutorService.java:41)
	at org.junit.platform.engine.support.hierarchical.NodeTestTask.lambda$executeRecursively$6(NodeTestTask.java:155)
	at org.junit.platform.engine.support.hierarchical.ThrowableCollector.execute(ThrowableCollector.java:73)
	at org.junit.platform.engine.support.hierarchical.NodeTestTask.lambda$executeRecursively$8(NodeTestTask.java:141)
	at org.junit.platform.engine.support.hierarchical.Node.around(Node.java:137)
	at org.junit.platform.engine.support.hierarchical.NodeTestTask.lambda$executeRecursively$9(NodeTestTask.java:139)
	at org.junit.platform.engine.support.hierarchical.ThrowableCollector.execute(ThrowableCollector.java:73)
	at org.junit.platform.engine.support.hierarchical.NodeTestTask.executeRecursively(NodeTestTask.java:138)
	at org.junit.platform.engine.support.hierarchical.NodeTestTask.execute(NodeTestTask.java:95)
	at java.base/java.util.ArrayList.forEach(ArrayList.java:1511)
	at org.junit.platform.engine.support.hierarchical.SameThreadHierarchicalTestExecutorService.invokeAll(SameThreadHierarchicalTestExecutorService.java:41)
	at org.junit.platform.engine.support.hierarchical.NodeTestTask.lambda$executeRecursively$6(NodeTestTask.java:155)
	at org.junit.platform.engine.support.hierarchical.ThrowableCollector.execute(ThrowableCollector.java:73)
	at org.junit.platform.engine.support.hierarchical.NodeTestTask.lambda$executeRecursively$8(NodeTestTask.java:141)
	at org.junit.platform.engine.support.hierarchical.Node.around(Node.java:137)
	at org.junit.platform.engine.support.hierarchical.NodeTestTask.lambda$executeRecursively$9(NodeTestTask.java:139)
	at org.junit.platform.engine.support.hierarchical.ThrowableCollector.execute(ThrowableCollector.java:73)
	at org.junit.platform.engine.support.hierarchical.NodeTestTask.executeRecursively(NodeTestTask.java:138)
	at org.junit.platform.engine.support.hierarchical.NodeTestTask.execute(NodeTestTask.java:95)
	at org.junit.platform.engine.support.hierarchical.SameThreadHierarchicalTestExecutorService.submit(SameThreadHierarchicalTestExecutorService.java:35)
	at org.junit.platform.engine.support.hierarchical.HierarchicalTestExecutor.execute(HierarchicalTestExecutor.java:57)
	at org.junit.platform.engine.support.hierarchical.HierarchicalTestEngine.execute(HierarchicalTestEngine.java:54)
	at org.junit.platform.launcher.core.EngineExecutionOrchestrator.execute(EngineExecutionOrchestrator.java:198)
	at org.junit.platform.launcher.core.EngineExecutionOrchestrator.execute(EngineExecutionOrchestrator.java:169)
	at org.junit.platform.launcher.core.EngineExecutionOrchestrator.execute(EngineExecutionOrchestrator.java:93)
	at org.junit.platform.launcher.core.EngineExecutionOrchestrator.lambda$execute$0(EngineExecutionOrchestrator.java:58)
	at org.junit.platform.launcher.core.EngineExecutionOrchestrator.withInterceptedStreams(EngineExecutionOrchestrator.java:141)
	at org.junit.platform.launcher.core.EngineExecutionOrchestrator.execute(EngineExecutionOrchestrator.java:57)
	at org.junit.platform.launcher.core.DefaultLauncher.execute(DefaultLauncher.java:103)
	at org.junit.platform.launcher.core.DefaultLauncher.execute(DefaultLauncher.java:85)
	at org.junit.platform.launcher.core.DelegatingLauncher.execute(DelegatingLauncher.java:47)
	at org.apache.maven.surefire.junitplatform.LazyLauncher.execute(LazyLauncher.java:56)
	at org.apache.maven.surefire.junitplatform.JUnitPlatformProvider.execute(JUnitPlatformProvider.java:184)
	at org.apache.maven.surefire.junitplatform.JUnitPlatformProvider.invokeAllTests(JUnitPlatformProvider.java:148)
	at org.apache.maven.surefire.junitplatform.JUnitPlatformProvider.invoke(JUnitPlatformProvider.java:122)
	at org.apache.maven.surefire.booter.ForkedBooter.runSuitesInProcess(ForkedBooter.java:385)
	at org.apache.maven.surefire.booter.ForkedBooter.execute(ForkedBooter.java:162)
	at org.apache.maven.surefire.booter.ForkedBooter.run(ForkedBooter.java:507)
	at org.apache.maven.surefire.booter.ForkedBooter.main(ForkedBooter.java:495)
2025-07-31 23:30:57.397 [main] DEBUG c.i.data.formatter.DataFormatterTest:64 - Format de date error msg : Format de date invalide : '26/10/2023'. Format attendu : YYYY-MM-DD.
2025-07-31 23:30:57.399 [main] DEBUG c.i.data.formatter.DataFormatterTest:21 - --- Préparation de DataFormatterTest pour un nouveau test ---
2025-07-31 23:30:57.400 [main] DEBUG c.i.data.formatter.DataFormatterTest:43 - Démarrage du test: format_emptyDate_returnsEmptyString
2025-07-31 23:30:57.400 [main] DEBUG c.i.data.formatter.DataFormatterTest:50 - Test passé: Date vide gérée correctement.
2025-07-31 23:30:57.402 [main] DEBUG c.i.data.formatter.DataFormatterTest:21 - --- Préparation de DataFormatterTest pour un nouveau test ---
2025-07-31 23:30:57.406 [main] DEBUG c.i.data.formatter.DataFormatterTest:116 - Démarrage du test: format_invalidNumericFormat_throwsConversionException
2025-07-31 23:30:57.407 [main] ERROR c.i.data.formatter.DataFormatter:86 - Format numérique invalide : 'abc'.
java.lang.NumberFormatException: For input string: "abc"
	at java.base/java.lang.NumberFormatException.forInputString(NumberFormatException.java:67)
	at java.base/java.lang.Integer.parseInt(Integer.java:668)
	at java.base/java.lang.Integer.parseInt(Integer.java:786)
	at com.ikkileague.data.formatter.DataFormatter.formatNumeric(DataFormatter.java:82)
	at com.ikkileague.data.formatter.DataFormatter.format(DataFormatter.java:38)
	at com.ikkileague.data.formatter.DataFormatterTest.lambda$format_invalidNumericFormat_throwsConversionException$1(DataFormatterTest.java:122)
	at org.junit.jupiter.api.AssertThrows.assertThrows(AssertThrows.java:53)
	at org.junit.jupiter.api.AssertThrows.assertThrows(AssertThrows.java:39)
	at org.junit.jupiter.api.Assertions.assertThrows(Assertions.java:3127)
	at com.ikkileague.data.formatter.DataFormatterTest.format_invalidNumericFormat_throwsConversionException(DataFormatterTest.java:121)
	at java.base/jdk.internal.reflect.NativeMethodAccessorImpl.invoke0(Native Method)
	at java.base/jdk.internal.reflect.NativeMethodAccessorImpl.invoke(NativeMethodAccessorImpl.java:77)
	at java.base/jdk.internal.reflect.DelegatingMethodAccessorImpl.invoke(DelegatingMethodAccessorImpl.java:43)
	at java.base/java.lang.reflect.Method.invoke(Method.java:568)
	at org.junit.platform.commons.util.ReflectionUtils.invokeMethod(ReflectionUtils.java:728)
	at org.junit.jupiter.engine.execution.MethodInvocation.proceed(MethodInvocation.java:60)
	at org.junit.jupiter.engine.execution.InvocationInterceptorChain$ValidatingInvocation.proceed(InvocationInterceptorChain.java:131)
	at org.junit.jupiter.engine.extension.TimeoutExtension.intercept(TimeoutExtension.java:156)
	at org.junit.jupiter.engine.extension.TimeoutExtension.interceptTestableMethod(TimeoutExtension.java:147)
	at org.junit.jupiter.engine.extension.TimeoutExtension.interceptTestMethod(TimeoutExtension.java:86)
	at org.junit.jupiter.engine.execution.InterceptingExecutableInvoker$ReflectiveInterceptorCall.lambda$ofVoidMethod$0(InterceptingExecutableInvoker.java:103)
	at org.junit.jupiter.engine.execution.InterceptingExecutableInvoker.lambda$invoke$0(InterceptingExecutableInvoker.java:93)
	at org.junit.jupiter.engine.execution.InvocationInterceptorChain$InterceptedInvocation.proceed(InvocationInterceptorChain.java:106)
	at org.junit.jupiter.engine.execution.InvocationInterceptorChain.proceed(InvocationInterceptorChain.java:64)
	at org.junit.jupiter.engine.execution.InvocationInterceptorChain.chainAndInvoke(InvocationInterceptorChain.java:45)
	at org.junit.jupiter.engine.execution.InvocationInterceptorChain.invoke(InvocationInterceptorChain.java:37)
	at org.junit.jupiter.engine.execution.InterceptingExecutableInvoker.invoke(InterceptingExecutableInvoker.java:92)
	at org.junit.jupiter.engine.execution.InterceptingExecutableInvoker.invoke(InterceptingExecutableInvoker.java:86)
	at org.junit.jupiter.engine.descriptor.TestMethodTestDescriptor.lambda$invokeTestMethod$7(TestMethodTestDescriptor.java:218)
	at org.junit.platform.engine.support.hierarchical.ThrowableCollector.execute(ThrowableCollector.java:73)
	at org.junit.jupiter.engine.descriptor.TestMethodTestDescriptor.invokeTestMethod(TestMethodTestDescriptor.java:214)
	at org.junit.jupiter.engine.descriptor.TestMethodTestDescriptor.execute(TestMethodTestDescriptor.java:139)
	at org.junit.jupiter.engine.descriptor.TestMethodTestDescriptor.execute(TestMethodTestDescriptor.java:69)
	at org.junit.platform.engine.support.hierarchical.NodeTestTask.lambda$executeRecursively$6(NodeTestTask.java:151)
	at org.junit.platform.engine.support.hierarchical.ThrowableCollector.execute(ThrowableCollector.java:73)
	at org.junit.platform.engine.support.hierarchical.NodeTestTask.lambda$executeRecursively$8(NodeTestTask.java:141)
	at org.junit.platform.engine.support.hierarchical.Node.around(Node.java:137)
	at org.junit.platform.engine.support.hierarchical.NodeTestTask.lambda$executeRecursively$9(NodeTestTask.java:139)
	at org.junit.platform.engine.support.hierarchical.ThrowableCollector.execute(ThrowableCollector.java:73)
	at org.junit.platform.engine.support.hierarchical.NodeTestTask.executeRecursively(NodeTestTask.java:138)
	at org.junit.platform.engine.support.hierarchical.NodeTestTask.execute(NodeTestTask.java:95)
	at java.base/java.util.ArrayList.forEach(ArrayList.java:1511)
	at org.junit.platform.engine.support.hierarchical.SameThreadHierarchicalTestExecutorService.invokeAll(SameThreadHierarchicalTestExecutorService.java:41)
	at org.junit.platform.engine.support.hierarchical.NodeTestTask.lambda$executeRecursively$6(NodeTestTask.java:155)
	at org.junit.platform.engine.support.hierarchical.ThrowableCollector.execute(ThrowableCollector.java:73)
	at org.junit.platform.engine.support.hierarchical.NodeTestTask.lambda$executeRecursively$8(NodeTestTask.java:141)
	at org.junit.platform.engine.support.hierarchical.Node.around(Node.java:137)
	at org.junit.platform.engine.support.hierarchical.NodeTestTask.lambda$executeRecursively$9(NodeTestTask.java:139)
	at org.junit.platform.engine.support.hierarchical.ThrowableCollector.execute(ThrowableCollector.java:73)
	at org.junit.platform.engine.support.hierarchical.NodeTestTask.executeRecursively(NodeTestTask.java:138)
	at org.junit.platform.engine.support.hierarchical.NodeTestTask.execute(NodeTestTask.java:95)
	at java.base/java.util.ArrayList.forEach(ArrayList.java:1511)
	at org.junit.platform.engine.support.hierarchical.SameThreadHierarchicalTestExecutorService.invokeAll(SameThreadHierarchicalTestExecutorService.java:41)
	at org.junit.platform.engine.support.hierarchical.NodeTestTask.lambda$executeRecursively$6(NodeTestTask.java:155)
	at org.junit.platform.engine.support.hierarchical.ThrowableCollector.execute(ThrowableCollector.java:73)
	at org.junit.platform.engine.support.hierarchical.NodeTestTask.lambda$executeRecursively$8(NodeTestTask.java:141)
	at org.junit.platform.engine.support.hierarchical.Node.around(Node.java:137)
	at org.junit.platform.engine.support.hierarchical.NodeTestTask.lambda$executeRecursively$9(NodeTestTask.java:139)
	at org.junit.platform.engine.support.hierarchical.ThrowableCollector.execute(ThrowableCollector.java:73)
	at org.junit.platform.engine.support.hierarchical.NodeTestTask.executeRecursively(NodeTestTask.java:138)
	at org.junit.platform.engine.support.hierarchical.NodeTestTask.execute(NodeTestTask.java:95)
	at org.junit.platform.engine.support.hierarchical.SameThreadHierarchicalTestExecutorService.submit(SameThreadHierarchicalTestExecutorService.java:35)
	at org.junit.platform.engine.support.hierarchical.HierarchicalTestExecutor.execute(HierarchicalTestExecutor.java:57)
	at org.junit.platform.engine.support.hierarchical.HierarchicalTestEngine.execute(HierarchicalTestEngine.java:54)
	at org.junit.platform.launcher.core.EngineExecutionOrchestrator.execute(EngineExecutionOrchestrator.java:198)
	at org.junit.platform.launcher.core.EngineExecutionOrchestrator.execute(EngineExecutionOrchestrator.java:169)
	at org.junit.platform.launcher.core.EngineExecutionOrchestrator.execute(EngineExecutionOrchestrator.java:93)
	at org.junit.platform.launcher.core.EngineExecutionOrchestrator.lambda$execute$0(EngineExecutionOrchestrator.java:58)
	at org.junit.platform.launcher.core.EngineExecutionOrchestrator.withInterceptedStreams(EngineExecutionOrchestrator.java:141)
	at org.junit.platform.launcher.core.EngineExecutionOrchestrator.execute(EngineExecutionOrchestrator.java:57)
	at org.junit.platform.launcher.core.DefaultLauncher.execute(DefaultLauncher.java:103)
	at org.junit.platform.launcher.core.DefaultLauncher.execute(DefaultLauncher.java:85)
	at org.junit.platform.launcher.core.DelegatingLauncher.execute(DelegatingLauncher.java:47)
	at org.apache.maven.surefire.junitplatform.LazyLauncher.execute(LazyLauncher.java:56)
	at org.apache.maven.surefire.junitplatform.JUnitPlatformProvider.execute(JUnitPlatformProvider.java:184)
	at org.apache.maven.surefire.junitplatform.JUnitPlatformProvider.invokeAllTests(JUnitPlatformProvider.java:148)
	at org.apache.maven.surefire.junitplatform.JUnitPlatformProvider.invoke(JUnitPlatformProvider.java:122)
	at org.apache.maven.surefire.booter.ForkedBooter.runSuitesInProcess(ForkedBooter.java:385)
	at org.apache.maven.surefire.booter.ForkedBooter.execute(ForkedBooter.java:162)
	at org.apache.maven.surefire.booter.ForkedBooter.run(ForkedBooter.java:507)
	at org.apache.maven.surefire.booter.ForkedBooter.main(ForkedBooter.java:495)
2025-07-31 23:30:57.415 [main] DEBUG c.i.data.formatter.DataFormatterTest:125 - format numérique invalide msg : Format numérique invalide : 'abc'. 
2025-07-31 23:30:57.429 [main] DEBUG c.i.data.formatter.DataFormatterTest:21 - --- Préparation de DataFormatterTest pour un nouveau test ---
2025-07-31 23:30:57.429 [main] DEBUG c.i.data.formatter.DataFormatterTest:160 - Démarrage du test: format_emptyString_returnsEmptyString
2025-07-31 23:30:57.433 [main] DEBUG c.i.data.formatter.DataFormatterTest:21 - --- Préparation de DataFormatterTest pour un nouveau test ---
2025-07-31 23:30:57.433 [main] DEBUG c.i.data.formatter.DataFormatterTest:136 - Démarrage du test: format_validStringWithTrailingSpaces_returnsTrimmedString
2025-07-31 23:30:57.450 [main] INFO  c.i.d.parser.FixedRecordParserTest:29 - --- Setting up FixedRecordParserTest for a new test ---
2025-07-31 23:30:57.451 [main] INFO  c.i.d.parser.FixedRecordParserTest:137 - Starting test: parseLine_emptyDefinitions_returnsEmptyList
2025-07-31 23:30:57.452 [main] DEBUG c.i.d.parser.FixedRecordParserTest:142 - Given empty definitions list. Fixed line: ''
2025-07-31 23:30:57.452 [main] DEBUG c.i.data.parser.FixedRecordParser:37 - parseLine line 0 : 
2025-07-31 23:30:57.453 [main] DEBUG c.i.data.parser.FixedRecordParser:38 - parseLine columnDefinitions 0 : []
2025-07-31 23:30:57.453 [main] DEBUG c.i.d.parser.FixedRecordParserTest:146 - Parsed fields: []
2025-07-31 23:30:57.454 [main] INFO  c.i.d.parser.FixedRecordParserTest:151 - Test passed: Handled empty definitions list correctly.
2025-07-31 23:30:57.457 [main] INFO  c.i.d.parser.FixedRecordParserTest:29 - --- Setting up FixedRecordParserTest for a new test ---
2025-07-31 23:30:57.457 [main] INFO  c.i.d.parser.FixedRecordParserTest:89 - Starting test: parseLine_lineTooShort_throwsException
2025-07-31 23:30:57.458 [main] DEBUG c.i.d.parser.FixedRecordParserTest:97 - Given definitions: [ColumnDefinition{name='Name', type='STRING',  length=10}, ColumnDefinition{name='Age', type='NUMERIC',  length=3}]
2025-07-31 23:30:57.459 [main] DEBUG c.i.d.parser.FixedRecordParserTest:98 - Given short fixed line: 'NGUYEN 20'
2025-07-31 23:30:57.460 [main] DEBUG c.i.data.parser.FixedRecordParser:37 - parseLine line 9 : NGUYEN 20
2025-07-31 23:30:57.460 [main] DEBUG c.i.data.parser.FixedRecordParser:38 - parseLine columnDefinitions 2 : [ColumnDefinition{name='Name', type='STRING',  length=10}, ColumnDefinition{name='Age', type='NUMERIC',  length=3}]
2025-07-31 23:30:57.460 [main] ERROR c.i.data.parser.FixedRecordParser:46 - Ligne 5 : la longueur (9) ne correspond pas à la longueur attendue (13). Ligne : 'NGUYEN 20'
2025-07-31 23:30:57.460 [main] DEBUG c.i.d.parser.FixedRecordParserTest:103 - Exception caught: Ligne 5 : la longueur (9) ne correspond pas à la longueur attendue (13). Ligne : 'NGUYEN 20'
2025-07-31 23:30:57.461 [main] INFO  c.i.d.parser.FixedRecordParserTest:107 - Test passed: Correctly threw exception for line too short.
2025-07-31 23:30:57.463 [main] INFO  c.i.d.parser.FixedRecordParserTest:29 - --- Setting up FixedRecordParserTest for a new test ---
2025-07-31 23:30:57.464 [main] INFO  c.i.d.parser.FixedRecordParserTest:113 - Starting test: parseLine_lineTooLong_throwsException
2025-07-31 23:30:57.464 [main] DEBUG c.i.d.parser.FixedRecordParserTest:121 - Given definitions: [ColumnDefinition{name='Nom', type='STRING',  length=5}, ColumnDefinition{name='Prenom', type='STRING',  length=10}]
2025-07-31 23:30:57.464 [main] DEBUG c.i.d.parser.FixedRecordParserTest:122 - Given fixed line for column length exceed: 'Rémi            Martin Martin'
2025-07-31 23:30:57.465 [main] DEBUG c.i.data.parser.FixedRecordParser:37 - parseLine line 29 : Rémi            Martin Martin
2025-07-31 23:30:57.466 [main] DEBUG c.i.data.parser.FixedRecordParser:38 - parseLine columnDefinitions 2 : [ColumnDefinition{name='Nom', type='STRING',  length=5}, ColumnDefinition{name='Prenom', type='STRING',  length=10}]
2025-07-31 23:30:57.470 [main] ERROR c.i.data.parser.FixedRecordParser:46 - Ligne 3 : la longueur (29) ne correspond pas à la longueur attendue (15). Ligne : 'Rémi            Martin Martin'
2025-07-31 23:30:57.471 [main] DEBUG c.i.d.parser.FixedRecordParserTest:127 - Exception lineTooLong caught: Ligne 3 : la longueur (29) ne correspond pas à la longueur attendue (15). Ligne : 'Rémi            Martin Martin'
2025-07-31 23:30:57.471 [main] INFO  c.i.d.parser.FixedRecordParserTest:131 - Test passed: Correctly threw exception for line too short.
2025-07-31 23:30:57.472 [main] INFO  c.i.d.parser.FixedRecordParserTest:29 - --- Setting up FixedRecordParserTest for a new test ---
2025-07-31 23:30:57.473 [main] INFO  c.i.d.parser.FixedRecordParserTest:35 - Starting test: parseLine_validLine_returnsCorrectFields
2025-07-31 23:30:57.473 [main] DEBUG c.i.d.parser.FixedRecordParserTest:44 - Given definitions: [ColumnDefinition{name='Date', type='DATE',  length=10}, ColumnDefinition{name='FullName', type='STRING',  length=15}, ColumnDefinition{name='Weight', type='NUMERIC',  length=5}]
2025-07-31 23:30:57.473 [main] DEBUG c.i.d.parser.FixedRecordParserTest:45 - Given fixed line: '1970-01-01John Smith     81.5 '
2025-07-31 23:30:57.474 [main] DEBUG c.i.data.parser.FixedRecordParser:37 - parseLine line 30 : 1970-01-01John Smith     81.5 
2025-07-31 23:30:57.474 [main] DEBUG c.i.data.parser.FixedRecordParser:38 - parseLine columnDefinitions 3 : [ColumnDefinition{name='Date', type='DATE',  length=10}, ColumnDefinition{name='FullName', type='STRING',  length=15}, ColumnDefinition{name='Weight', type='NUMERIC',  length=5}]
2025-07-31 23:30:57.474 [main] DEBUG c.i.data.parser.FixedRecordParser:57 - Champ extrait de longueur 10 : 1970-01-01
2025-07-31 23:30:57.474 [main] DEBUG c.i.data.parser.FixedRecordParser:57 - Champ extrait de longueur 15 : John Smith     
2025-07-31 23:30:57.474 [main] DEBUG c.i.data.parser.FixedRecordParser:57 - Champ extrait de longueur 5 : 81.5 
2025-07-31 23:30:57.475 [main] DEBUG c.i.d.parser.FixedRecordParserTest:49 - Parsed fields: [1970-01-01, John Smith     , 81.5 ]
2025-07-31 23:30:57.475 [main] INFO  c.i.d.parser.FixedRecordParserTest:57 - Test passed: Successfully parsed valid line.
2025-07-31 23:30:57.476 [main] INFO  c.i.d.parser.FixedRecordParserTest:29 - --- Setting up FixedRecordParserTest for a new test ---
2025-07-31 23:30:57.477 [main] INFO  c.i.d.parser.FixedRecordParserTest:63 - Starting test: parseLine_withUtf8Chars_returnsCorrectFields
2025-07-31 23:30:57.477 [main] DEBUG c.i.d.parser.FixedRecordParserTest:71 - Given definitions: [ColumnDefinition{name='City', type='STRING',  length=10}, ColumnDefinition{name='Name', type='STRING',  length=10}]
2025-07-31 23:30:57.477 [main] DEBUG c.i.d.parser.FixedRecordParserTest:72 - Given fixed line with UTF-8: 'éèçà$ïî   Rémi      '
2025-07-31 23:30:57.481 [main] DEBUG c.i.data.parser.FixedRecordParser:37 - parseLine line 20 : éèçà$ïî   Rémi      
2025-07-31 23:30:57.481 [main] DEBUG c.i.data.parser.FixedRecordParser:38 - parseLine columnDefinitions 2 : [ColumnDefinition{name='City', type='STRING',  length=10}, ColumnDefinition{name='Name', type='STRING',  length=10}]
2025-07-31 23:30:57.482 [main] DEBUG c.i.data.parser.FixedRecordParser:57 - Champ extrait de longueur 10 : éèçà$ïî   
2025-07-31 23:30:57.482 [main] DEBUG c.i.data.parser.FixedRecordParser:57 - Champ extrait de longueur 10 : Rémi      
2025-07-31 23:30:57.482 [main] DEBUG c.i.d.parser.FixedRecordParserTest:76 - Parsed fields with UTF-8: [éèçà$ïî   , Rémi      ]
2025-07-31 23:30:57.482 [main] INFO  c.i.d.parser.FixedRecordParserTest:83 - Test passed: Handled UTF-8 characters correctly.
2025-07-31 23:30:57.490 [main] INFO  c.i.data.parser.MetadataParserTest:63 - *** Starting test: Should correctly parse a valid metadata file ***
2025-07-31 23:30:57.494 [main] DEBUG c.i.data.parser.MetadataParserTest:77 - Parsed column: ColumnDefinition{name='Date de naissance', type='DATE',  length=10}
2025-07-31 23:30:57.494 [main] DEBUG c.i.data.parser.MetadataParserTest:77 - Parsed column: ColumnDefinition{name='Prénom', type='STRING',  length=15}
2025-07-31 23:30:57.495 [main] DEBUG c.i.data.parser.MetadataParserTest:77 - Parsed column: ColumnDefinition{name='Poids', type='NUMERIC',  length=5}
2025-07-31 23:30:57.500 [main] INFO  c.i.data.parser.MetadataParserTest:147 - *** Démarrage du test : Devrait lancer une exception si la longueur est négative ou zéro ***
2025-07-31 23:30:57.505 [main] DEBUG c.i.data.parser.MetadataParserTest:160 - Exception capturée : Longueur de colonne invalide à la ligne 1 : la longueur doit être un entier strictement positif. Ligne : '[Name, -1, chaîne]'
2025-07-31 23:30:57.506 [main] DEBUG c.i.data.parser.MetadataParserTest:163 - La longueur est négative Exception : Longueur de colonne invalide à la ligne 1 : la longueur doit être un entier strictement positif. Ligne : '[Name, -1, chaîne]'
2025-07-31 23:30:57.511 [main] INFO  c.i.data.parser.MetadataParserTest:128 - *** Starting test:Should throw exception for non-integer length in metadatafile ***
2025-07-31 23:30:57.515 [main] DEBUG c.i.data.parser.MetadataParserTest:139 - Not a valid integer Exception : Longueur de colonne invalide à la ligne 1 : valeur non numérique. Ligne : '[Name, 0.5, string]'
2025-07-31 23:30:57.519 [main] INFO  c.i.data.parser.MetadataParserTest:109 - *** Starting test:Should throw exception for unknown column type in metadatafile ***
2025-07-31 23:30:57.522 [main] DEBUG c.i.data.parser.MetadataParserTest:121 - Unknown column Exception : Type de colonne invalide à la ligne 1 : type inconnu 'undefined'. Types attendus : '[date, chaîne, numérique]'. Ligne : '[Name, 10, undefined]'
2025-07-31 23:30:57.526 [main] INFO  c.i.data.parser.MetadataParserTest:173 - *** Démarrage du test : Devrait lancer une exception si le fichier de métadonnées est vide ***
2025-07-31 23:30:57.527 [main] ERROR c.i.data.parser.MetadataParser:59 - Le fichier de métadonnées est vide ou ne contient aucune définition valide : C:\Users\nguye\AppData\Local\Temp\junit6461617480528219203\empty_metadata.csv
2025-07-31 23:30:57.527 [main] DEBUG c.i.data.parser.MetadataParserTest:184 - Exception capturée : Le fichier de métadonnées est vide ou ne contient aucune définition valide : C:\Users\nguye\AppData\Local\Temp\junit6461617480528219203\empty_metadata.csv
2025-07-31 23:30:57.529 [main] INFO  c.i.data.parser.MetadataParserTest:189 - Test passed: Correctement lancé l'exception pour un fichier de métadonnées vide.
2025-07-31 23:30:57.535 [main] INFO  c.i.data.parser.MetadataParserTest:91 - *** Starting test: Should throw exception for invalid number of columns inmetadata file ***
2025-07-31 23:30:57.540 [main] DEBUG c.i.data.parser.MetadataParserTest:102 - Invalid metadata Exception : Format de ligne invalide à la ligne 2 : 3 éléments attendus (nom, longueur, type), 2 trouvés. Ligne : '[Age, 5]'
2025-07-31 23:30:57.544 [main] INFO  c.i.data.parser.MetadataParserTest:195 - *** Démarrage du test : Devrait lancer une exception si le fichier de métadonnées n'existe pas ***
2025-07-31 23:30:57.545 [main] ERROR c.i.data.parser.MetadataParser:38 - Le fichier de métadonnées n'existe pas ou n'est pas un fichier valide : C:\Users\nguye\AppData\Local\Temp\junit8970643334111083394\non_existent_metadata.csv
2025-07-31 23:30:57.545 [main] DEBUG c.i.data.parser.MetadataParserTest:206 - Exception capturée : Le fichier de métadonnées n'existe pas ou n'est pas un fichier valide : C:\Users\nguye\AppData\Local\Temp\junit8970643334111083394\non_existent_metadata.csv
2025-07-31 23:30:57.546 [main] INFO  c.i.data.parser.MetadataParserTest:211 - Test passed: Correctement lancé l'exception pour un fichier de métadonnées inexistant.
2025-07-31 23:30:57.549 [main] INFO  c.i.data.parser.MetadataParserTest:34 - *** Starting test: Should correctly parse a valid metadata file ***
2025-07-31 23:30:57.551 [main] DEBUG c.i.data.parser.MetadataParserTest:48 - Parsed column: ColumnDefinition{name='Date de naissance', type='DATE',  length=10}
2025-07-31 23:30:57.552 [main] DEBUG c.i.data.parser.MetadataParserTest:48 - Parsed column: ColumnDefinition{name='Prénom', type='STRING',  length=15}
2025-07-31 23:30:57.553 [main] DEBUG c.i.data.parser.MetadataParserTest:48 - Parsed column: ColumnDefinition{name='Nom de famille', type='STRING',  length=15}
2025-07-31 23:30:57.553 [main] DEBUG c.i.data.parser.MetadataParserTest:48 - Parsed column: ColumnDefinition{name='Poids', type='NUMERIC',  length=5}
2025-07-31 23:30:57.561 [main] INFO  c.ikkileague.data.writer.CsvWriter:27 - Initializing CSV writer for output file: C:\Users\nguye\AppData\Local\Temp\junit8651246701910440956\output_multiple_records.csv
2025-07-31 23:30:57.562 [main] DEBUG c.ikkileague.data.writer.CsvWriter:28 - CSV Headers: [Header1, Header2]
2025-07-31 23:30:57.562 [main] INFO  c.ikkileague.data.writer.CsvWriter:58 - Closing CSV writer.
2025-07-31 23:30:57.563 [main] DEBUG c.i.data.writer.CsvWriterTest:82 - Multiple records content csv : 
Header1,Header2
Value1A,Value1B
Value2A,Value2B

2025-07-31 23:30:57.566 [main] INFO  c.ikkileague.data.writer.CsvWriter:27 - Initializing CSV writer for output file: C:\Users\nguye\AppData\Local\Temp\junit2991222589501093873\output_comma_field.csv
2025-07-31 23:30:57.567 [main] DEBUG c.ikkileague.data.writer.CsvWriter:28 - CSV Headers: [Description]
2025-07-31 23:30:57.568 [main] INFO  c.ikkileague.data.writer.CsvWriter:58 - Closing CSV writer.
2025-07-31 23:30:57.569 [main] DEBUG c.i.data.writer.CsvWriterTest:104 - Content for item, with comma  : 
Description
"Item, with comma"

2025-07-31 23:30:57.577 [main] INFO  c.ikkileague.data.writer.CsvWriter:27 - Initializing CSV writer for output file: C:\Users\nguye\AppData\Local\Temp\junit6484729529810935137\output_fail_write.csv
2025-07-31 23:30:57.577 [main] DEBUG c.ikkileague.data.writer.CsvWriter:28 - CSV Headers: [H1]
2025-07-31 23:30:57.578 [main] INFO  c.ikkileague.data.writer.CsvWriter:58 - Closing CSV writer.
2025-07-31 23:30:57.579 [main] ERROR c.ikkileague.data.writer.CsvWriter:50 - Error writing record to CSV file: [R1]. Message: Stream closed
java.io.IOException: Stream closed
	at java.base/java.io.BufferedWriter.ensureOpen(BufferedWriter.java:107)
	at java.base/java.io.BufferedWriter.write(BufferedWriter.java:224)
	at java.base/java.io.Writer.write(Writer.java:249)
	at java.base/java.io.Writer.append(Writer.java:322)
	at java.base/java.io.Writer.append(Writer.java:366)
	at java.base/java.io.Writer.append(Writer.java:51)
	at org.apache.commons.csv.CSVFormat.printWithQuotes(CSVFormat.java:2132)
	at org.apache.commons.csv.CSVFormat.print(CSVFormat.java:1863)
	at org.apache.commons.csv.CSVFormat.print(CSVFormat.java:1850)
	at org.apache.commons.csv.CSVPrinter.print(CSVPrinter.java:169)
	at org.apache.commons.csv.CSVPrinter.printRecord(CSVPrinter.java:262)
	at com.ikkileague.data.writer.CsvWriter.writeRecord(CsvWriter.java:47)
	at com.ikkileague.data.writer.CsvWriterTest.lambda$writeRecord_ioException_throwsConversionException$0(CsvWriterTest.java:149)
	at org.junit.jupiter.api.AssertThrows.assertThrows(AssertThrows.java:53)
	at org.junit.jupiter.api.AssertThrows.assertThrows(AssertThrows.java:39)
	at org.junit.jupiter.api.Assertions.assertThrows(Assertions.java:3127)
	at com.ikkileague.data.writer.CsvWriterTest.writeRecord_ioException_throwsConversionException(CsvWriterTest.java:149)
	at java.base/jdk.internal.reflect.NativeMethodAccessorImpl.invoke0(Native Method)
	at java.base/jdk.internal.reflect.NativeMethodAccessorImpl.invoke(NativeMethodAccessorImpl.java:77)
	at java.base/jdk.internal.reflect.DelegatingMethodAccessorImpl.invoke(DelegatingMethodAccessorImpl.java:43)
	at java.base/java.lang.reflect.Method.invoke(Method.java:568)
	at org.junit.platform.commons.util.ReflectionUtils.invokeMethod(ReflectionUtils.java:728)
	at org.junit.jupiter.engine.execution.MethodInvocation.proceed(MethodInvocation.java:60)
	at org.junit.jupiter.engine.execution.InvocationInterceptorChain$ValidatingInvocation.proceed(InvocationInterceptorChain.java:131)
	at org.junit.jupiter.engine.extension.TimeoutExtension.intercept(TimeoutExtension.java:156)
	at org.junit.jupiter.engine.extension.TimeoutExtension.interceptTestableMethod(TimeoutExtension.java:147)
	at org.junit.jupiter.engine.extension.TimeoutExtension.interceptTestMethod(TimeoutExtension.java:86)
	at org.junit.jupiter.engine.execution.InterceptingExecutableInvoker$ReflectiveInterceptorCall.lambda$ofVoidMethod$0(InterceptingExecutableInvoker.java:103)
	at org.junit.jupiter.engine.execution.InterceptingExecutableInvoker.lambda$invoke$0(InterceptingExecutableInvoker.java:93)
	at org.junit.jupiter.engine.execution.InvocationInterceptorChain$InterceptedInvocation.proceed(InvocationInterceptorChain.java:106)
	at org.junit.jupiter.engine.execution.InvocationInterceptorChain.proceed(InvocationInterceptorChain.java:64)
	at org.junit.jupiter.engine.execution.InvocationInterceptorChain.chainAndInvoke(InvocationInterceptorChain.java:45)
	at org.junit.jupiter.engine.execution.InvocationInterceptorChain.invoke(InvocationInterceptorChain.java:37)
	at org.junit.jupiter.engine.execution.InterceptingExecutableInvoker.invoke(InterceptingExecutableInvoker.java:92)
	at org.junit.jupiter.engine.execution.InterceptingExecutableInvoker.invoke(InterceptingExecutableInvoker.java:86)
	at org.junit.jupiter.engine.descriptor.TestMethodTestDescriptor.lambda$invokeTestMethod$7(TestMethodTestDescriptor.java:218)
	at org.junit.platform.engine.support.hierarchical.ThrowableCollector.execute(ThrowableCollector.java:73)
	at org.junit.jupiter.engine.descriptor.TestMethodTestDescriptor.invokeTestMethod(TestMethodTestDescriptor.java:214)
	at org.junit.jupiter.engine.descriptor.TestMethodTestDescriptor.execute(TestMethodTestDescriptor.java:139)
	at org.junit.jupiter.engine.descriptor.TestMethodTestDescriptor.execute(TestMethodTestDescriptor.java:69)
	at org.junit.platform.engine.support.hierarchical.NodeTestTask.lambda$executeRecursively$6(NodeTestTask.java:151)
	at org.junit.platform.engine.support.hierarchical.ThrowableCollector.execute(ThrowableCollector.java:73)
	at org.junit.platform.engine.support.hierarchical.NodeTestTask.lambda$executeRecursively$8(NodeTestTask.java:141)
	at org.junit.platform.engine.support.hierarchical.Node.around(Node.java:137)
	at org.junit.platform.engine.support.hierarchical.NodeTestTask.lambda$executeRecursively$9(NodeTestTask.java:139)
	at org.junit.platform.engine.support.hierarchical.ThrowableCollector.execute(ThrowableCollector.java:73)
	at org.junit.platform.engine.support.hierarchical.NodeTestTask.executeRecursively(NodeTestTask.java:138)
	at org.junit.platform.engine.support.hierarchical.NodeTestTask.execute(NodeTestTask.java:95)
	at java.base/java.util.ArrayList.forEach(ArrayList.java:1511)
	at org.junit.platform.engine.support.hierarchical.SameThreadHierarchicalTestExecutorService.invokeAll(SameThreadHierarchicalTestExecutorService.java:41)
	at org.junit.platform.engine.support.hierarchical.NodeTestTask.lambda$executeRecursively$6(NodeTestTask.java:155)
	at org.junit.platform.engine.support.hierarchical.ThrowableCollector.execute(ThrowableCollector.java:73)
	at org.junit.platform.engine.support.hierarchical.NodeTestTask.lambda$executeRecursively$8(NodeTestTask.java:141)
	at org.junit.platform.engine.support.hierarchical.Node.around(Node.java:137)
	at org.junit.platform.engine.support.hierarchical.NodeTestTask.lambda$executeRecursively$9(NodeTestTask.java:139)
	at org.junit.platform.engine.support.hierarchical.ThrowableCollector.execute(ThrowableCollector.java:73)
	at org.junit.platform.engine.support.hierarchical.NodeTestTask.executeRecursively(NodeTestTask.java:138)
	at org.junit.platform.engine.support.hierarchical.NodeTestTask.execute(NodeTestTask.java:95)
	at java.base/java.util.ArrayList.forEach(ArrayList.java:1511)
	at org.junit.platform.engine.support.hierarchical.SameThreadHierarchicalTestExecutorService.invokeAll(SameThreadHierarchicalTestExecutorService.java:41)
	at org.junit.platform.engine.support.hierarchical.NodeTestTask.lambda$executeRecursively$6(NodeTestTask.java:155)
	at org.junit.platform.engine.support.hierarchical.ThrowableCollector.execute(ThrowableCollector.java:73)
	at org.junit.platform.engine.support.hierarchical.NodeTestTask.lambda$executeRecursively$8(NodeTestTask.java:141)
	at org.junit.platform.engine.support.hierarchical.Node.around(Node.java:137)
	at org.junit.platform.engine.support.hierarchical.NodeTestTask.lambda$executeRecursively$9(NodeTestTask.java:139)
	at org.junit.platform.engine.support.hierarchical.ThrowableCollector.execute(ThrowableCollector.java:73)
	at org.junit.platform.engine.support.hierarchical.NodeTestTask.executeRecursively(NodeTestTask.java:138)
	at org.junit.platform.engine.support.hierarchical.NodeTestTask.execute(NodeTestTask.java:95)
	at org.junit.platform.engine.support.hierarchical.SameThreadHierarchicalTestExecutorService.submit(SameThreadHierarchicalTestExecutorService.java:35)
	at org.junit.platform.engine.support.hierarchical.HierarchicalTestExecutor.execute(HierarchicalTestExecutor.java:57)
	at org.junit.platform.engine.support.hierarchical.HierarchicalTestEngine.execute(HierarchicalTestEngine.java:54)
	at org.junit.platform.launcher.core.EngineExecutionOrchestrator.execute(EngineExecutionOrchestrator.java:198)
	at org.junit.platform.launcher.core.EngineExecutionOrchestrator.execute(EngineExecutionOrchestrator.java:169)
	at org.junit.platform.launcher.core.EngineExecutionOrchestrator.execute(EngineExecutionOrchestrator.java:93)
	at org.junit.platform.launcher.core.EngineExecutionOrchestrator.lambda$execute$0(EngineExecutionOrchestrator.java:58)
	at org.junit.platform.launcher.core.EngineExecutionOrchestrator.withInterceptedStreams(EngineExecutionOrchestrator.java:141)
	at org.junit.platform.launcher.core.EngineExecutionOrchestrator.execute(EngineExecutionOrchestrator.java:57)
	at org.junit.platform.launcher.core.DefaultLauncher.execute(DefaultLauncher.java:103)
	at org.junit.platform.launcher.core.DefaultLauncher.execute(DefaultLauncher.java:85)
	at org.junit.platform.launcher.core.DelegatingLauncher.execute(DelegatingLauncher.java:47)
	at org.apache.maven.surefire.junitplatform.LazyLauncher.execute(LazyLauncher.java:56)
	at org.apache.maven.surefire.junitplatform.JUnitPlatformProvider.execute(JUnitPlatformProvider.java:184)
	at org.apache.maven.surefire.junitplatform.JUnitPlatformProvider.invokeAllTests(JUnitPlatformProvider.java:148)
	at org.apache.maven.surefire.junitplatform.JUnitPlatformProvider.invoke(JUnitPlatformProvider.java:122)
	at org.apache.maven.surefire.booter.ForkedBooter.runSuitesInProcess(ForkedBooter.java:385)
	at org.apache.maven.surefire.booter.ForkedBooter.execute(ForkedBooter.java:162)
	at org.apache.maven.surefire.booter.ForkedBooter.run(ForkedBooter.java:507)
	at org.apache.maven.surefire.booter.ForkedBooter.main(ForkedBooter.java:495)
2025-07-31 23:30:57.591 [main] INFO  c.ikkileague.data.writer.CsvWriter:27 - Initializing CSV writer for output file: C:\Users\nguye\AppData\Local\Temp\junit7936364408125656428\output_quote_field.csv
2025-07-31 23:30:57.591 [main] DEBUG c.ikkileague.data.writer.CsvWriter:28 - CSV Headers: [Text]
2025-07-31 23:30:57.592 [main] INFO  c.ikkileague.data.writer.CsvWriter:58 - Closing CSV writer.
2025-07-31 23:30:57.593 [main] DEBUG c.i.data.writer.CsvWriterTest:125 - Content for double quotes by escaping them, with comma  : 
Text
"He said ""Hello"""

2025-07-31 23:30:57.597 [main] INFO  c.ikkileague.data.writer.CsvWriter:27 - Initializing CSV writer for output file: C:\Users\nguye\AppData\Local\Temp\junit2796821183420980920\output_single_record.csv
2025-07-31 23:30:57.597 [main] DEBUG c.ikkileague.data.writer.CsvWriter:28 - CSV Headers: [Name, Age]
2025-07-31 23:30:57.598 [main] INFO  c.ikkileague.data.writer.CsvWriter:58 - Closing CSV writer.
2025-07-31 23:30:57.599 [main] DEBUG c.i.data.writer.CsvWriterTest:60 - One records content csv : 
Name,Age
Alice,30

2025-07-31 23:30:57.604 [main] INFO  c.ikkileague.data.writer.CsvWriter:27 - Initializing CSV writer for output file: C:\Users\nguye\AppData\Local\Temp\junit17000933909277227871\output_header.csv
2025-07-31 23:30:57.605 [main] DEBUG c.ikkileague.data.writer.CsvWriter:28 - CSV Headers: [Col1, Col2, Col3]
2025-07-31 23:30:57.605 [main] INFO  c.ikkileague.data.writer.CsvWriter:58 - Closing CSV writer.
