<?xml version="1.0" encoding="UTF-8"?>
<testsuite xmlns:xsi="http://www.w3.org/2001/XMLSchema-instance" xsi:noNamespaceSchemaLocation="https://maven.apache.org/surefire/maven-surefire-plugin/xsd/surefire-test-report-3.0.xsd" version="3.0" name="com.ikkileague.data.parser.FixedRecordParserTest" time="0.037" tests="5" errors="0" skipped="0" failures="0">
  <properties>
[...]
</properties>
  <testcase name="parseLine_emptyDefinitions_returnsEmptyList" classname="com.ikkileague.data.parser.FixedRecordParserTest" time="0.006">
    <system-out><![CDATA[23:30:57.450 [main] INFO  c.i.d.parser.FixedRecordParserTest:29 - --- Setting up FixedRecordParserTest for a new test ---
23:30:57.451 [main] INFO  c.i.d.parser.FixedRecordParserTest:137 - Starting test: parseLine_emptyDefinitions_returnsEmptyList
23:30:57.452 [main] DEBUG c.i.d.parser.FixedRecordParserTest:142 - Given empty definitions list. Fixed line: ''
23:30:57.452 [main] DEBUG c.i.data.parser.FixedRecordParser:37 - parseLine line 0 : 
23:30:57.453 [main] DEBUG c.i.data.parser.FixedRecordParser:38 - parseLine columnDefinitions 0 : []
23:30:57.453 [main] DEBUG c.i.d.parser.FixedRecordParserTest:146 - Parsed fields: []
23:30:57.454 [main] INFO  c.i.d.parser.FixedRecordParserTest:151 - Test passed: Handled empty definitions list correctly.
]]></system-out>
  </testcase>
  <testcase name="parseLine_lineTooShort_throwsException" classname="com.ikkileague.data.parser.FixedRecordParserTest" time="0.005">
    <system-out><![CDATA[23:30:57.457 [main] INFO  c.i.d.parser.FixedRecordParserTest:29 - --- Setting up FixedRecordParserTest for a new test ---
23:30:57.457 [main] INFO  c.i.d.parser.FixedRecordParserTest:89 - Starting test: parseLine_lineTooShort_throwsException
23:30:57.458 [main] DEBUG c.i.d.parser.FixedRecordParserTest:97 - Given definitions: [ColumnDefinition{name='Name', type='STRING',  length=10}, ColumnDefinition{name='Age', type='NUMERIC',  length=3}]
23:30:57.459 [main] DEBUG c.i.d.parser.FixedRecordParserTest:98 - Given short fixed line: 'NGUYEN 20'
23:30:57.460 [main] DEBUG c.i.data.parser.FixedRecordParser:37 - parseLine line 9 : NGUYEN 20
23:30:57.460 [main] DEBUG c.i.data.parser.FixedRecordParser:38 - parseLine columnDefinitions 2 : [ColumnDefinition{name='Name', type='STRING',  length=10}, ColumnDefinition{name='Age', type='NUMERIC',  length=3}]
23:30:57.460 [main] ERROR c.i.data.parser.FixedRecordParser:46 - Ligne 5 : la longueur (9) ne correspond pas à la longueur attendue (13). Ligne : 'NGUYEN 20'
23:30:57.460 [main] DEBUG c.i.d.parser.FixedRecordParserTest:103 - Exception caught: Ligne 5 : la longueur (9) ne correspond pas à la longueur attendue (13). Ligne : 'NGUYEN 20'
23:30:57.461 [main] INFO  c.i.d.parser.FixedRecordParserTest:107 - Test passed: Correctly threw exception for line too short.
]]></system-out>
  </testcase>
  <testcase name="parseLine_lineTooLong_throwsException" classname="com.ikkileague.data.parser.FixedRecordParserTest" time="0.009">
    <system-out><![CDATA[23:30:57.463 [main] INFO  c.i.d.parser.FixedRecordParserTest:29 - --- Setting up FixedRecordParserTest for a new test ---
23:30:57.464 [main] INFO  c.i.d.parser.FixedRecordParserTest:113 - Starting test: parseLine_lineTooLong_throwsException
23:30:57.464 [main] DEBUG c.i.d.parser.FixedRecordParserTest:121 - Given definitions: [ColumnDefinition{name='Nom', type='STRING',  length=5}, ColumnDefinition{name='Prenom', type='STRING',  length=10}]
23:30:57.464 [main] DEBUG c.i.d.parser.FixedRecordParserTest:122 - Given fixed line for column length exceed: 'Rémi            Martin Martin'
23:30:57.465 [main] DEBUG c.i.data.parser.FixedRecordParser:37 - parseLine line 29 : Rémi            Martin Martin
23:30:57.466 [main] DEBUG c.i.data.parser.FixedRecordParser:38 - parseLine columnDefinitions 2 : [ColumnDefinition{name='Nom', type='STRING',  length=5}, ColumnDefinition{name='Prenom', type='STRING',  length=10}]
23:30:57.470 [main] ERROR c.i.data.parser.FixedRecordParser:46 - Ligne 3 : la longueur (29) ne correspond pas à la longueur attendue (15). Ligne : 'Rémi            Martin Martin'
23:30:57.471 [main] DEBUG c.i.d.parser.FixedRecordParserTest:127 - Exception lineTooLong caught: Ligne 3 : la longueur (29) ne correspond pas à la longueur attendue (15). Ligne : 'Rémi            Martin Martin'
23:30:57.471 [main] INFO  c.i.d.parser.FixedRecordParserTest:131 - Test passed: Correctly threw exception for line too short.
]]></system-out>
  </testcase>
  <testcase name="parseLine_validLine_returnsCorrectFields" classname="com.ikkileague.data.parser.FixedRecordParserTest" time="0.003">
    <system-out><![CDATA[23:30:57.472 [main] INFO  c.i.d.parser.FixedRecordParserTest:29 - --- Setting up FixedRecordParserTest for a new test ---
23:30:57.473 [main] INFO  c.i.d.parser.FixedRecordParserTest:35 - Starting test: parseLine_validLine_returnsCorrectFields
23:30:57.473 [main] DEBUG c.i.d.parser.FixedRecordParserTest:44 - Given definitions: [ColumnDefinition{name='Date', type='DATE',  length=10}, ColumnDefinition{name='FullName', type='STRING',  length=15}, ColumnDefinition{name='Weight', type='NUMERIC',  length=5}]
23:30:57.473 [main] DEBUG c.i.d.parser.FixedRecordParserTest:45 - Given fixed line: '1970-01-01John Smith     81.5 '
23:30:57.474 [main] DEBUG c.i.data.parser.FixedRecordParser:37 - parseLine line 30 : 1970-01-01John Smith     81.5 
23:30:57.474 [main] DEBUG c.i.data.parser.FixedRecordParser:38 - parseLine columnDefinitions 3 : [ColumnDefinition{name='Date', type='DATE',  length=10}, ColumnDefinition{name='FullName', type='STRING',  length=15}, ColumnDefinition{name='Weight', type='NUMERIC',  length=5}]
23:30:57.474 [main] DEBUG c.i.data.parser.FixedRecordParser:57 - Champ extrait de longueur 10 : 1970-01-01
23:30:57.474 [main] DEBUG c.i.data.parser.FixedRecordParser:57 - Champ extrait de longueur 15 : John Smith     
23:30:57.474 [main] DEBUG c.i.data.parser.FixedRecordParser:57 - Champ extrait de longueur 5 : 81.5 
23:30:57.475 [main] DEBUG c.i.d.parser.FixedRecordParserTest:49 - Parsed fields: [1970-01-01, John Smith     , 81.5 ]
23:30:57.475 [main] INFO  c.i.d.parser.FixedRecordParserTest:57 - Test passed: Successfully parsed valid line.
]]></system-out>
  </testcase>
  <testcase name="parseLine_withUtf8Chars_returnsCorrectFields" classname="com.ikkileague.data.parser.FixedRecordParserTest" time="0.007">
    <system-out><![CDATA[23:30:57.476 [main] INFO  c.i.d.parser.FixedRecordParserTest:29 - --- Setting up FixedRecordParserTest for a new test ---
23:30:57.477 [main] INFO  c.i.d.parser.FixedRecordParserTest:63 - Starting test: parseLine_withUtf8Chars_returnsCorrectFields
23:30:57.477 [main] DEBUG c.i.d.parser.FixedRecordParserTest:71 - Given definitions: [ColumnDefinition{name='City', type='STRING',  length=10}, ColumnDefinition{name='Name', type='STRING',  length=10}]
23:30:57.477 [main] DEBUG c.i.d.parser.FixedRecordParserTest:72 - Given fixed line with UTF-8: 'éèçà$ïî   Rémi      '
23:30:57.481 [main] DEBUG c.i.data.parser.FixedRecordParser:37 - parseLine line 20 : éèçà$ïî   Rémi      
23:30:57.481 [main] DEBUG c.i.data.parser.FixedRecordParser:38 - parseLine columnDefinitions 2 : [ColumnDefinition{name='City', type='STRING',  length=10}, ColumnDefinition{name='Name', type='STRING',  length=10}]
23:30:57.482 [main] DEBUG c.i.data.parser.FixedRecordParser:57 - Champ extrait de longueur 10 : éèçà$ïî   
23:30:57.482 [main] DEBUG c.i.data.parser.FixedRecordParser:57 - Champ extrait de longueur 10 : Rémi      
23:30:57.482 [main] DEBUG c.i.d.parser.FixedRecordParserTest:76 - Parsed fields with UTF-8: [éèçà$ïî   , Rémi      ]
23:30:57.482 [main] INFO  c.i.d.parser.FixedRecordParserTest:83 - Test passed: Handled UTF-8 characters correctly.
]]></system-out>
  </testcase>
</testsuite>