<?xml version="1.0" encoding="UTF-8"?>
<testsuite xmlns:xsi="http://www.w3.org/2001/XMLSchema-instance" xsi:noNamespaceSchemaLocation="https://maven.apache.org/surefire/maven-surefire-plugin/xsd/surefire-test-report-3.0.xsd" version="3.0" name="com.ikkileague.data.parser.MetadataParserTest" time="0.07" tests="8" errors="0" skipped="0" failures="0">
  <properties>
[...]
</properties>
  <testcase name="parse_validFileWithEmptyLine_returnsCorrectDefinitions" classname="com.ikkileague.data.parser.MetadataParserTest" time="0.009">
    <system-out><![CDATA[23:30:57.490 [main] INFO  c.i.data.parser.MetadataParserTest:63 - *** Starting test: Should correctly parse a valid metadata file ***
23:30:57.494 [main] DEBUG c.i.data.parser.MetadataParserTest:77 - Parsed column: ColumnDefinition{name='Date de naissance', type='DATE',  length=10}
23:30:57.494 [main] DEBUG c.i.data.parser.MetadataParserTest:77 - Parsed column: ColumnDefinition{name='Prénom', type='STRING',  length=15}
23:30:57.495 [main] DEBUG c.i.data.parser.MetadataParserTest:77 - Parsed column: ColumnDefinition{name='Poids', type='NUMERIC',  length=5}
]]></system-out>
  </testcase>
  <testcase name="parse_non_positive_length_throwsException" classname="com.ikkileague.data.parser.MetadataParserTest" time="0.008">
    <system-out><![CDATA[23:30:57.500 [main] INFO  c.i.data.parser.MetadataParserTest:147 - *** Démarrage du test : Devrait lancer une exception si la longueur est négative ou zéro ***
23:30:57.505 [main] DEBUG c.i.data.parser.MetadataParserTest:160 - Exception capturée : Longueur de colonne invalide à la ligne 1 : la longueur doit être un entier strictement positif. Ligne : '[Name, -1, chaîne]'
23:30:57.506 [main] DEBUG c.i.data.parser.MetadataParserTest:163 - La longueur est négative Exception : Longueur de colonne invalide à la ligne 1 : la longueur doit être un entier strictement positif. Ligne : '[Name, -1, chaîne]'
]]></system-out>
  </testcase>
  <testcase name="parse_nonIntegerLength_throwsException" classname="com.ikkileague.data.parser.MetadataParserTest" time="0.006">
    <system-out><![CDATA[23:30:57.511 [main] INFO  c.i.data.parser.MetadataParserTest:128 - *** Starting test:Should throw exception for non-integer length in metadatafile ***
23:30:57.515 [main] DEBUG c.i.data.parser.MetadataParserTest:139 - Not a valid integer Exception : Longueur de colonne invalide à la ligne 1 : valeur non numérique. Ligne : '[Name, 0.5, string]'
]]></system-out>
  </testcase>
  <testcase name="parse_unknownColumnType_throwsException" classname="com.ikkileague.data.parser.MetadataParserTest" time="0.007">
    <system-out><![CDATA[23:30:57.519 [main] INFO  c.i.data.parser.MetadataParserTest:109 - *** Starting test:Should throw exception for unknown column type in metadatafile ***
23:30:57.522 [main] DEBUG c.i.data.parser.MetadataParserTest:121 - Unknown column Exception : Type de colonne invalide à la ligne 1 : type inconnu 'undefined'. Types attendus : '[date, chaîne, numérique]'. Ligne : '[Name, 10, undefined]'
]]></system-out>
  </testcase>
  <testcase name="parse_emptyMetadataFile_throwsException" classname="com.ikkileague.data.parser.MetadataParserTest" time="0.006">
    <system-out><![CDATA[23:30:57.526 [main] INFO  c.i.data.parser.MetadataParserTest:173 - *** Démarrage du test : Devrait lancer une exception si le fichier de métadonnées est vide ***
23:30:57.527 [main] ERROR c.i.data.parser.MetadataParser:59 - Le fichier de métadonnées est vide ou ne contient aucune définition valide : C:\Users\nguye\AppData\Local\Temp\junit6461617480528219203\empty_metadata.csv
23:30:57.527 [main] DEBUG c.i.data.parser.MetadataParserTest:184 - Exception capturée : Le fichier de métadonnées est vide ou ne contient aucune définition valide : C:\Users\nguye\AppData\Local\Temp\junit6461617480528219203\empty_metadata.csv
23:30:57.529 [main] INFO  c.i.data.parser.MetadataParserTest:189 - Test passed: Correctement lancé l'exception pour un fichier de métadonnées vide.
]]></system-out>
  </testcase>
  <testcase name="parse_invalidColumnCount_throwsException" classname="com.ikkileague.data.parser.MetadataParserTest" time="0.01">
    <system-out><![CDATA[23:30:57.535 [main] INFO  c.i.data.parser.MetadataParserTest:91 - *** Starting test: Should throw exception for invalid number of columns inmetadata file ***
23:30:57.540 [main] DEBUG c.i.data.parser.MetadataParserTest:102 - Invalid metadata Exception : Format de ligne invalide à la ligne 2 : 3 éléments attendus (nom, longueur, type), 2 trouvés. Ligne : '[Age, 5]'
]]></system-out>
  </testcase>
  <testcase name="parse_nonExistentMetadataFile_throwsException" classname="com.ikkileague.data.parser.MetadataParserTest" time="0.004">
    <system-out><![CDATA[23:30:57.544 [main] INFO  c.i.data.parser.MetadataParserTest:195 - *** Démarrage du test : Devrait lancer une exception si le fichier de métadonnées n'existe pas ***
23:30:57.545 [main] ERROR c.i.data.parser.MetadataParser:38 - Le fichier de métadonnées n'existe pas ou n'est pas un fichier valide : C:\Users\nguye\AppData\Local\Temp\junit8970643334111083394\non_existent_metadata.csv
23:30:57.545 [main] DEBUG c.i.data.parser.MetadataParserTest:206 - Exception capturée : Le fichier de métadonnées n'existe pas ou n'est pas un fichier valide : C:\Users\nguye\AppData\Local\Temp\junit8970643334111083394\non_existent_metadata.csv
23:30:57.546 [main] INFO  c.i.data.parser.MetadataParserTest:211 - Test passed: Correctement lancé l'exception pour un fichier de métadonnées inexistant.
]]></system-out>
  </testcase>
  <testcase name="parse_validFile_returnsCorrectDefinitions" classname="com.ikkileague.data.parser.MetadataParserTest" time="0.008">
    <system-out><![CDATA[23:30:57.549 [main] INFO  c.i.data.parser.MetadataParserTest:34 - *** Starting test: Should correctly parse a valid metadata file ***
23:30:57.551 [main] DEBUG c.i.data.parser.MetadataParserTest:48 - Parsed column: ColumnDefinition{name='Date de naissance', type='DATE',  length=10}
23:30:57.552 [main] DEBUG c.i.data.parser.MetadataParserTest:48 - Parsed column: ColumnDefinition{name='Prénom', type='STRING',  length=15}
23:30:57.553 [main] DEBUG c.i.data.parser.MetadataParserTest:48 - Parsed column: ColumnDefinition{name='Nom de famille', type='STRING',  length=15}
23:30:57.553 [main] DEBUG c.i.data.parser.MetadataParserTest:48 - Parsed column: ColumnDefinition{name='Poids', type='NUMERIC',  length=5}
]]></system-out>
  </testcase>
</testsuite>