<?xml version="1.0" encoding="UTF-8"?>
<testsuite xmlns:xsi="http://www.w3.org/2001/XMLSchema-instance" xsi:noNamespaceSchemaLocation="https://maven.apache.org/surefire/maven-surefire-plugin/xsd/surefire-test-report-3.0.xsd" version="3.0" name="com.ikkileague.data.formatter.DataFormatterTest" time="0.124" tests="11" errors="0" skipped="0" failures="0">
  <properties>
[...]
</properties>
  <testcase name="format_validDate_returnsFormattedString" classname="com.ikkileague.data.formatter.DataFormatterTest" time="0.016">
    <system-out><![CDATA[23:30:57.317 [main] DEBUG c.i.data.formatter.DataFormatterTest:21 - --- Préparation de DataFormatterTest pour un nouveau test ---
23:30:57.317 [main] DEBUG c.i.data.formatter.DataFormatterTest:30 - Démarrage du test: format_validDate_returnsFormattedString
23:30:57.331 [main] DEBUG c.i.data.formatter.DataFormatterTest:37 - Test passé: Date valide formatée correctement.
]]></system-out>
  </testcase>
  <testcase name="format_validDecimalNumeric_returnsString" classname="com.ikkileague.data.formatter.DataFormatterTest" time="0.003">
    <system-out><![CDATA[23:30:57.344 [main] DEBUG c.i.data.formatter.DataFormatterTest:21 - --- Préparation de DataFormatterTest pour un nouveau test ---
23:30:57.345 [main] DEBUG c.i.data.formatter.DataFormatterTest:90 - Démarrage du test: format_validDecimalNumeric_returnsString
]]></system-out>
  </testcase>
  <testcase name="format_emptyNumeric_returnsEmptyString" classname="com.ikkileague.data.formatter.DataFormatterTest" time="0.012">
    <system-out><![CDATA[23:30:57.349 [main] DEBUG c.i.data.formatter.DataFormatterTest:21 - --- Préparation de DataFormatterTest pour un nouveau test ---
23:30:57.359 [main] DEBUG c.i.data.formatter.DataFormatterTest:103 - Démarrage du test: format_emptyNumeric_returnsEmptyString
]]></system-out>
  </testcase>
  <testcase name="format_validIntegerNumeric_returnsString" classname="com.ikkileague.data.formatter.DataFormatterTest" time="0.004">
    <system-out><![CDATA[23:30:57.366 [main] DEBUG c.i.data.formatter.DataFormatterTest:21 - --- Préparation de DataFormatterTest pour un nouveau test ---
23:30:57.367 [main] DEBUG c.i.data.formatter.DataFormatterTest:75 - Démarrage du test: format_validIntegerNumeric_returnsString
]]></system-out>
  </testcase>
  <testcase name="format_plainString_returnsSameString" classname="com.ikkileague.data.formatter.DataFormatterTest" time="0.001">
    <system-out><![CDATA[23:30:57.377 [main] DEBUG c.i.data.formatter.DataFormatterTest:21 - --- Préparation de DataFormatterTest pour un nouveau test ---
23:30:57.378 [main] DEBUG c.i.data.formatter.DataFormatterTest:148 - Démarrage du test: format_plainString_returnsSameString
]]></system-out>
  </testcase>
  <testcase name="format_stringWithForbiddenCharacters_throwsConversionException" classname="com.ikkileague.data.formatter.DataFormatterTest" time="0.014">
    <system-out><![CDATA[23:30:57.380 [main] DEBUG c.i.data.formatter.DataFormatterTest:21 - --- Préparation de DataFormatterTest pour un nouveau test ---
23:30:57.381 [main] DEBUG c.i.data.formatter.DataFormatterTest:173 - Démarrage du test: format_stringWithForbiddenCharacters_throwsConversionException
23:30:57.384 [main] ERROR c.i.data.formatter.DataFormatter:101 - Le champ texte contient des caractères interdits (CR or LF) : 'Première ligneDeuxième ligne'.
23:30:57.389 [main] DEBUG c.i.data.formatter.DataFormatterTest:184 - Caractères interdits (CR) :
 Le champ texte contient des caractères interdits (CR or LF) : 'Première ligneDeuxième ligne'.
23:30:57.392 [main] ERROR c.i.data.formatter.DataFormatter:101 - Le champ texte contient des caractères interdits (CR or LF) : 'Première ligne
Deuxième ligne'.
23:30:57.392 [main] DEBUG c.i.data.formatter.DataFormatterTest:193 - Caractères interdits (LF) :
 Le champ texte contient des caractères interdits (CR or LF) : 'Première ligneDeuxième ligne'.
]]></system-out>
  </testcase>
  <testcase name="format_invalidDateFormat_throwsConversionException" classname="com.ikkileague.data.formatter.DataFormatterTest" time="0.003">
    <system-out><![CDATA[23:30:57.396 [main] DEBUG c.i.data.formatter.DataFormatterTest:21 - --- Préparation de DataFormatterTest pour un nouveau test ---
23:30:57.396 [main] DEBUG c.i.data.formatter.DataFormatterTest:56 - Démarrage du test: format_invalidDateFormat_throwsConversionException
23:30:57.397 [main] ERROR c.i.data.formatter.DataFormatter:61 - Format de date invalide : '26/10/2023'. Format attendu : YYYY-MM-DD.
java.time.format.DateTimeParseException: Text '26/10/2023' could not be parsed at index 0
	at java.base/java.time.format.DateTimeFormatter.parseResolved0(DateTimeFormatter.java:2052)
	at java.base/java.time.format.DateTimeFormatter.parse(DateTimeFormatter.java:1880)
	at com.ikkileague.data.formatter.DataFormatter.formatDate(DataFormatter.java:58)
	at com.ikkileague.data.formatter.DataFormatter.format(DataFormatter.java:36)
	at com.ikkileague.data.formatter.DataFormatterTest.lambda$format_invalidDateFormat_throwsConversionException$0(DataFormatterTest.java:62)
	at org.junit.jupiter.api.AssertThrows.assertThrows(AssertThrows.java:53)
	at org.junit.jupiter.api.AssertThrows.assertThrows(AssertThrows.java:39)
	at org.junit.jupiter.api.Assertions.assertThrows(Assertions.java:3127)
	at com.ikkileague.data.formatter.DataFormatterTest.format_invalidDateFormat_throwsConversionException(DataFormatterTest.java:61)
	at java.base/jdk.internal.reflect.NativeMethodAccessorImpl.invoke0(Native Method)
	at java.base/jdk.internal.reflect.NativeMethodAccessorImpl.invoke(NativeMethodAccessorImpl.java:77)
	at java.base/jdk.internal.reflect.DelegatingMethodAccessorImpl.invoke(DelegatingMethodAccessorImpl.java:43)
	at java.base/java.lang.reflect.Method.invoke(Method.java:568)
	at org.junit.platform.commons.util.ReflectionUtils.invokeMethod(ReflectionUtils.java:728)
	at org.junit.jupiter.engine.execution.MethodInvocation.proceed(MethodInvocation.java:60)
	at org.junit.jupiter.engine.execution.InvocationInterceptorChain$ValidatingInvocation.proceed(InvocationInterceptorChain.java:131)
	at org.junit.jupiter.engine.extension.TimeoutExtension.intercept(TimeoutExtension.java:156)
	at org.junit.jupiter.engine.extension.TimeoutExtension.interceptTestableMethod(TimeoutExtension.java:147)
	at org.junit.jupiter.engine.extension.TimeoutExtension.interceptTestMethod(TimeoutExtension.java:86)
	at org.junit.jupiter.engine.execution.InterceptingExecutableInvoker$ReflectiveInterceptorCall.lambda$ofVoidMethod$0(InterceptingExecutableInvoker.java:103)
	at org.junit.jupiter.engine.execution.InterceptingExecutableInvoker.lambda$invoke$0(InterceptingExecutableInvoker.java:93)
	at org.junit.jupiter.engine.execution.InvocationInterceptorChain$InterceptedInvocation.proceed(InvocationInterceptorChain.java:106)
	at org.junit.jupiter.engine.execution.InvocationInterceptorChain.proceed(InvocationInterceptorChain.java:64)
	at org.junit.jupiter.engine.execution.InvocationInterceptorChain.chainAndInvoke(InvocationInterceptorChain.java:45)
	at org.junit.jupiter.engine.execution.InvocationInterceptorChain.invoke(InvocationInterceptorChain.java:37)
	at org.junit.jupiter.engine.execution.InterceptingExecutableInvoker.invoke(InterceptingExecutableInvoker.java:92)
	at org.junit.jupiter.engine.execution.InterceptingExecutableInvoker.invoke(InterceptingExecutableInvoker.java:86)
	at org.junit.jupiter.engine.descriptor.TestMethodTestDescriptor.lambda$invokeTestMethod$7(TestMethodTestDescriptor.java:218)
	at org.junit.platform.engine.support.hierarchical.ThrowableCollector.execute(ThrowableCollector.java:73)
	at org.junit.jupiter.engine.descriptor.TestMethodTestDescriptor.invokeTestMethod(TestMethodTestDescriptor.java:214)
	at org.junit.jupiter.engine.descriptor.TestMethodTestDescriptor.execute(TestMethodTestDescriptor.java:139)
	at org.junit.jupiter.engine.descriptor.TestMethodTestDescriptor.execute(TestMethodTestDescriptor.java:69)
	at org.junit.platform.engine.support.hierarchical.NodeTestTask.lambda$executeRecursively$6(NodeTestTask.java:151)
	at org.junit.platform.engine.support.hierarchical.ThrowableCollector.execute(ThrowableCollector.java:73)
	at org.junit.platform.engine.support.hierarchical.NodeTestTask.lambda$executeRecursively$8(NodeTestTask.java:141)
	at org.junit.platform.engine.support.hierarchical.Node.around(Node.java:137)
	at org.junit.platform.engine.support.hierarchical.NodeTestTask.lambda$executeRecursively$9(NodeTestTask.java:139)
	at org.junit.platform.engine.support.hierarchical.ThrowableCollector.execute(ThrowableCollector.java:73)
	at org.junit.platform.engine.support.hierarchical.NodeTestTask.executeRecursively(NodeTestTask.java:138)
	at org.junit.platform.engine.support.hierarchical.NodeTestTask.execute(NodeTestTask.java:95)
	at java.base/java.util.ArrayList.forEach(ArrayList.java:1511)
	at org.junit.platform.engine.support.hierarchical.SameThreadHierarchicalTestExecutorService.invokeAll(SameThreadHierarchicalTestExecutorService.java:41)
	at org.junit.platform.engine.support.hierarchical.NodeTestTask.lambda$executeRecursively$6(NodeTestTask.java:155)
	at org.junit.platform.engine.support.hierarchical.ThrowableCollector.execute(ThrowableCollector.java:73)
	at org.junit.platform.engine.support.hierarchical.NodeTestTask.lambda$executeRecursively$8(NodeTestTask.java:141)
	at org.junit.platform.engine.support.hierarchical.Node.around(Node.java:137)
	at org.junit.platform.engine.support.hierarchical.NodeTestTask.lambda$executeRecursively$9(NodeTestTask.java:139)
	at org.junit.platform.engine.support.hierarchical.ThrowableCollector.execute(ThrowableCollector.java:73)
	at org.junit.platform.engine.support.hierarchical.NodeTestTask.executeRecursively(NodeTestTask.java:138)
	at org.junit.platform.engine.support.hierarchical.NodeTestTask.execute(NodeTestTask.java:95)
	at java.base/java.util.ArrayList.forEach(ArrayList.java:1511)
	at org.junit.platform.engine.support.hierarchical.SameThreadHierarchicalTestExecutorService.invokeAll(SameThreadHierarchicalTestExecutorService.java:41)
	at org.junit.platform.engine.support.hierarchical.NodeTestTask.lambda$executeRecursively$6(NodeTestTask.java:155)
	at org.junit.platform.engine.support.hierarchical.ThrowableCollector.execute(ThrowableCollector.java:73)
	at org.junit.platform.engine.support.hierarchical.NodeTestTask.lambda$executeRecursively$8(NodeTestTask.java:141)
	at org.junit.platform.engine.support.hierarchical.Node.around(Node.java:137)
	at org.junit.platform.engine.support.hierarchical.NodeTestTask.lambda$executeRecursively$9(NodeTestTask.java:139)
	at org.junit.platform.engine.support.hierarchical.ThrowableCollector.execute(ThrowableCollector.java:73)
	at org.junit.platform.engine.support.hierarchical.NodeTestTask.executeRecursively(NodeTestTask.java:138)
	at org.junit.platform.engine.support.hierarchical.NodeTestTask.execute(NodeTestTask.java:95)
	at org.junit.platform.engine.support.hierarchical.SameThreadHierarchicalTestExecutorService.submit(SameThreadHierarchicalTestExecutorService.java:35)
	at org.junit.platform.engine.support.hierarchical.HierarchicalTestExecutor.execute(HierarchicalTestExecutor.java:57)
	at org.junit.platform.engine.support.hierarchical.HierarchicalTestEngine.execute(HierarchicalTestEngine.java:54)
	at org.junit.platform.launcher.core.EngineExecutionOrchestrator.execute(EngineExecutionOrchestrator.java:198)
	at org.junit.platform.launcher.core.EngineExecutionOrchestrator.execute(EngineExecutionOrchestrator.java:169)
	at org.junit.platform.launcher.core.EngineExecutionOrchestrator.execute(EngineExecutionOrchestrator.java:93)
	at org.junit.platform.launcher.core.EngineExecutionOrchestrator.lambda$execute$0(EngineExecutionOrchestrator.java:58)
	at org.junit.platform.launcher.core.EngineExecutionOrchestrator.withInterceptedStreams(EngineExecutionOrchestrator.java:141)
	at org.junit.platform.launcher.core.EngineExecutionOrchestrator.execute(EngineExecutionOrchestrator.java:57)
	at org.junit.platform.launcher.core.DefaultLauncher.execute(DefaultLauncher.java:103)
	at org.junit.platform.launcher.core.DefaultLauncher.execute(DefaultLauncher.java:85)
	at org.junit.platform.launcher.core.DelegatingLauncher.execute(DelegatingLauncher.java:47)
	at org.apache.maven.surefire.junitplatform.LazyLauncher.execute(LazyLauncher.java:56)
	at org.apache.maven.surefire.junitplatform.JUnitPlatformProvider.execute(JUnitPlatformProvider.java:184)
	at org.apache.maven.surefire.junitplatform.JUnitPlatformProvider.invokeAllTests(JUnitPlatformProvider.java:148)
	at org.apache.maven.surefire.junitplatform.JUnitPlatformProvider.invoke(JUnitPlatformProvider.java:122)
	at org.apache.maven.surefire.booter.ForkedBooter.runSuitesInProcess(ForkedBooter.java:385)
	at org.apache.maven.surefire.booter.ForkedBooter.execute(ForkedBooter.java:162)
	at org.apache.maven.surefire.booter.ForkedBooter.run(ForkedBooter.java:507)
	at org.apache.maven.surefire.booter.ForkedBooter.main(ForkedBooter.java:495)
23:30:57.397 [main] DEBUG c.i.data.formatter.DataFormatterTest:64 - Format de date error msg : Format de date invalide : '26/10/2023'. Format attendu : YYYY-MM-DD.
]]></system-out>
  </testcase>
  <testcase name="format_emptyDate_returnsEmptyString" classname="com.ikkileague.data.formatter.DataFormatterTest" time="0.001">
    <system-out><![CDATA[23:30:57.399 [main] DEBUG c.i.data.formatter.DataFormatterTest:21 - --- Préparation de DataFormatterTest pour un nouveau test ---
23:30:57.400 [main] DEBUG c.i.data.formatter.DataFormatterTest:43 - Démarrage du test: format_emptyDate_returnsEmptyString
23:30:57.400 [main] DEBUG c.i.data.formatter.DataFormatterTest:50 - Test passé: Date vide gérée correctement.
]]></system-out>
  </testcase>
  <testcase name="format_invalidNumericFormat_throwsConversionException" classname="com.ikkileague.data.formatter.DataFormatterTest" time="0.015">
    <system-out><![CDATA[23:30:57.402 [main] DEBUG c.i.data.formatter.DataFormatterTest:21 - --- Préparation de DataFormatterTest pour un nouveau test ---
23:30:57.406 [main] DEBUG c.i.data.formatter.DataFormatterTest:116 - Démarrage du test: format_invalidNumericFormat_throwsConversionException
23:30:57.407 [main] ERROR c.i.data.formatter.DataFormatter:86 - Format numérique invalide : 'abc'.
java.lang.NumberFormatException: For input string: "abc"
	at java.base/java.lang.NumberFormatException.forInputString(NumberFormatException.java:67)
	at java.base/java.lang.Integer.parseInt(Integer.java:668)
	at java.base/java.lang.Integer.parseInt(Integer.java:786)
	at com.ikkileague.data.formatter.DataFormatter.formatNumeric(DataFormatter.java:82)
	at com.ikkileague.data.formatter.DataFormatter.format(DataFormatter.java:38)
	at com.ikkileague.data.formatter.DataFormatterTest.lambda$format_invalidNumericFormat_throwsConversionException$1(DataFormatterTest.java:122)
	at org.junit.jupiter.api.AssertThrows.assertThrows(AssertThrows.java:53)
	at org.junit.jupiter.api.AssertThrows.assertThrows(AssertThrows.java:39)
	at org.junit.jupiter.api.Assertions.assertThrows(Assertions.java:3127)
	at com.ikkileague.data.formatter.DataFormatterTest.format_invalidNumericFormat_throwsConversionException(DataFormatterTest.java:121)
	at java.base/jdk.internal.reflect.NativeMethodAccessorImpl.invoke0(Native Method)
	at java.base/jdk.internal.reflect.NativeMethodAccessorImpl.invoke(NativeMethodAccessorImpl.java:77)
	at java.base/jdk.internal.reflect.DelegatingMethodAccessorImpl.invoke(DelegatingMethodAccessorImpl.java:43)
	at java.base/java.lang.reflect.Method.invoke(Method.java:568)
	at org.junit.platform.commons.util.ReflectionUtils.invokeMethod(ReflectionUtils.java:728)
	at org.junit.jupiter.engine.execution.MethodInvocation.proceed(MethodInvocation.java:60)
	at org.junit.jupiter.engine.execution.InvocationInterceptorChain$ValidatingInvocation.proceed(InvocationInterceptorChain.java:131)
	at org.junit.jupiter.engine.extension.TimeoutExtension.intercept(TimeoutExtension.java:156)
	at org.junit.jupiter.engine.extension.TimeoutExtension.interceptTestableMethod(TimeoutExtension.java:147)
	at org.junit.jupiter.engine.extension.TimeoutExtension.interceptTestMethod(TimeoutExtension.java:86)
	at org.junit.jupiter.engine.execution.InterceptingExecutableInvoker$ReflectiveInterceptorCall.lambda$ofVoidMethod$0(InterceptingExecutableInvoker.java:103)
	at org.junit.jupiter.engine.execution.InterceptingExecutableInvoker.lambda$invoke$0(InterceptingExecutableInvoker.java:93)
	at org.junit.jupiter.engine.execution.InvocationInterceptorChain$InterceptedInvocation.proceed(InvocationInterceptorChain.java:106)
	at org.junit.jupiter.engine.execution.InvocationInterceptorChain.proceed(InvocationInterceptorChain.java:64)
	at org.junit.jupiter.engine.execution.InvocationInterceptorChain.chainAndInvoke(InvocationInterceptorChain.java:45)
	at org.junit.jupiter.engine.execution.InvocationInterceptorChain.invoke(InvocationInterceptorChain.java:37)
	at org.junit.jupiter.engine.execution.InterceptingExecutableInvoker.invoke(InterceptingExecutableInvoker.java:92)
	at org.junit.jupiter.engine.execution.InterceptingExecutableInvoker.invoke(InterceptingExecutableInvoker.java:86)
	at org.junit.jupiter.engine.descriptor.TestMethodTestDescriptor.lambda$invokeTestMethod$7(TestMethodTestDescriptor.java:218)
	at org.junit.platform.engine.support.hierarchical.ThrowableCollector.execute(ThrowableCollector.java:73)
	at org.junit.jupiter.engine.descriptor.TestMethodTestDescriptor.invokeTestMethod(TestMethodTestDescriptor.java:214)
	at org.junit.jupiter.engine.descriptor.TestMethodTestDescriptor.execute(TestMethodTestDescriptor.java:139)
	at org.junit.jupiter.engine.descriptor.TestMethodTestDescriptor.execute(TestMethodTestDescriptor.java:69)
	at org.junit.platform.engine.support.hierarchical.NodeTestTask.lambda$executeRecursively$6(NodeTestTask.java:151)
	at org.junit.platform.engine.support.hierarchical.ThrowableCollector.execute(ThrowableCollector.java:73)
	at org.junit.platform.engine.support.hierarchical.NodeTestTask.lambda$executeRecursively$8(NodeTestTask.java:141)
	at org.junit.platform.engine.support.hierarchical.Node.around(Node.java:137)
	at org.junit.platform.engine.support.hierarchical.NodeTestTask.lambda$executeRecursively$9(NodeTestTask.java:139)
	at org.junit.platform.engine.support.hierarchical.ThrowableCollector.execute(ThrowableCollector.java:73)
	at org.junit.platform.engine.support.hierarchical.NodeTestTask.executeRecursively(NodeTestTask.java:138)
	at org.junit.platform.engine.support.hierarchical.NodeTestTask.execute(NodeTestTask.java:95)
	at java.base/java.util.ArrayList.forEach(ArrayList.java:1511)
	at org.junit.platform.engine.support.hierarchical.SameThreadHierarchicalTestExecutorService.invokeAll(SameThreadHierarchicalTestExecutorService.java:41)
	at org.junit.platform.engine.support.hierarchical.NodeTestTask.lambda$executeRecursively$6(NodeTestTask.java:155)
	at org.junit.platform.engine.support.hierarchical.ThrowableCollector.execute(ThrowableCollector.java:73)
	at org.junit.platform.engine.support.hierarchical.NodeTestTask.lambda$executeRecursively$8(NodeTestTask.java:141)
	at org.junit.platform.engine.support.hierarchical.Node.around(Node.java:137)
	at org.junit.platform.engine.support.hierarchical.NodeTestTask.lambda$executeRecursively$9(NodeTestTask.java:139)
	at org.junit.platform.engine.support.hierarchical.ThrowableCollector.execute(ThrowableCollector.java:73)
	at org.junit.platform.engine.support.hierarchical.NodeTestTask.executeRecursively(NodeTestTask.java:138)
	at org.junit.platform.engine.support.hierarchical.NodeTestTask.execute(NodeTestTask.java:95)
	at java.base/java.util.ArrayList.forEach(ArrayList.java:1511)
	at org.junit.platform.engine.support.hierarchical.SameThreadHierarchicalTestExecutorService.invokeAll(SameThreadHierarchicalTestExecutorService.java:41)
	at org.junit.platform.engine.support.hierarchical.NodeTestTask.lambda$executeRecursively$6(NodeTestTask.java:155)
	at org.junit.platform.engine.support.hierarchical.ThrowableCollector.execute(ThrowableCollector.java:73)
	at org.junit.platform.engine.support.hierarchical.NodeTestTask.lambda$executeRecursively$8(NodeTestTask.java:141)
	at org.junit.platform.engine.support.hierarchical.Node.around(Node.java:137)
	at org.junit.platform.engine.support.hierarchical.NodeTestTask.lambda$executeRecursively$9(NodeTestTask.java:139)
	at org.junit.platform.engine.support.hierarchical.ThrowableCollector.execute(ThrowableCollector.java:73)
	at org.junit.platform.engine.support.hierarchical.NodeTestTask.executeRecursively(NodeTestTask.java:138)
	at org.junit.platform.engine.support.hierarchical.NodeTestTask.execute(NodeTestTask.java:95)
	at org.junit.platform.engine.support.hierarchical.SameThreadHierarchicalTestExecutorService.submit(SameThreadHierarchicalTestExecutorService.java:35)
	at org.junit.platform.engine.support.hierarchical.HierarchicalTestExecutor.execute(HierarchicalTestExecutor.java:57)
	at org.junit.platform.engine.support.hierarchical.HierarchicalTestEngine.execute(HierarchicalTestEngine.java:54)
	at org.junit.platform.launcher.core.EngineExecutionOrchestrator.execute(EngineExecutionOrchestrator.java:198)
	at org.junit.platform.launcher.core.EngineExecutionOrchestrator.execute(EngineExecutionOrchestrator.java:169)
	at org.junit.platform.launcher.core.EngineExecutionOrchestrator.execute(EngineExecutionOrchestrator.java:93)
	at org.junit.platform.launcher.core.EngineExecutionOrchestrator.lambda$execute$0(EngineExecutionOrchestrator.java:58)
	at org.junit.platform.launcher.core.EngineExecutionOrchestrator.withInterceptedStreams(EngineExecutionOrchestrator.java:141)
	at org.junit.platform.launcher.core.EngineExecutionOrchestrator.execute(EngineExecutionOrchestrator.java:57)
	at org.junit.platform.launcher.core.DefaultLauncher.execute(DefaultLauncher.java:103)
	at org.junit.platform.launcher.core.DefaultLauncher.execute(DefaultLauncher.java:85)
	at org.junit.platform.launcher.core.DelegatingLauncher.execute(DelegatingLauncher.java:47)
	at org.apache.maven.surefire.junitplatform.LazyLauncher.execute(LazyLauncher.java:56)
	at org.apache.maven.surefire.junitplatform.JUnitPlatformProvider.execute(JUnitPlatformProvider.java:184)
	at org.apache.maven.surefire.junitplatform.JUnitPlatformProvider.invokeAllTests(JUnitPlatformProvider.java:148)
	at org.apache.maven.surefire.junitplatform.JUnitPlatformProvider.invoke(JUnitPlatformProvider.java:122)
	at org.apache.maven.surefire.booter.ForkedBooter.runSuitesInProcess(ForkedBooter.java:385)
	at org.apache.maven.surefire.booter.ForkedBooter.execute(ForkedBooter.java:162)
	at org.apache.maven.surefire.booter.ForkedBooter.run(ForkedBooter.java:507)
	at org.apache.maven.surefire.booter.ForkedBooter.main(ForkedBooter.java:495)
23:30:57.415 [main] DEBUG c.i.data.formatter.DataFormatterTest:125 - format numérique invalide msg : Format numérique invalide : 'abc'. 
]]></system-out>
  </testcase>
  <testcase name="format_emptyString_returnsEmptyString" classname="com.ikkileague.data.formatter.DataFormatterTest" time="0.013">
    <system-out><![CDATA[23:30:57.429 [main] DEBUG c.i.data.formatter.DataFormatterTest:21 - --- Préparation de DataFormatterTest pour un nouveau test ---
23:30:57.429 [main] DEBUG c.i.data.formatter.DataFormatterTest:160 - Démarrage du test: format_emptyString_returnsEmptyString
]]></system-out>
  </testcase>
  <testcase name="format_validStringWithTrailingSpaces_returnsTrimmedString" classname="com.ikkileague.data.formatter.DataFormatterTest" time="0.003">
    <system-out><![CDATA[23:30:57.433 [main] DEBUG c.i.data.formatter.DataFormatterTest:21 - --- Préparation de DataFormatterTest pour un nouveau test ---
23:30:57.433 [main] DEBUG c.i.data.formatter.DataFormatterTest:136 - Démarrage du test: format_validStringWithTrailingSpaces_returnsTrimmedString
]]></system-out>
  </testcase>
</testsuite>