<?xml version="1.0" encoding="UTF-8"?>
<testsuite xmlns:xsi="http://www.w3.org/2001/XMLSchema-instance" xsi:noNamespaceSchemaLocation="https://maven.apache.org/surefire/maven-surefire-plugin/xsd/surefire-test-report-3.0.xsd" version="3.0" name="com.ikkileague.data.writer.CsvWriterTest" time="0.049" tests="6" errors="0" skipped="0" failures="0">
  <properties>
[...]
</properties>
  <testcase name="writeRecord_multipleRecords_correctlyWrites" classname="com.ikkileague.data.writer.CsvWriterTest" time="0.004">
    <system-out><![CDATA[23:30:57.561 [main] INFO  c.ikkileague.data.writer.CsvWriter:27 - Initializing CSV writer for output file: C:\Users\nguye\AppData\Local\Temp\junit8651246701910440956\output_multiple_records.csv
23:30:57.562 [main] DEBUG c.ikkileague.data.writer.CsvWriter:28 - CSV Headers: [Header1, Header2]
23:30:57.562 [main] INFO  c.ikkileague.data.writer.CsvWriter:58 - Closing CSV writer.
23:30:57.563 [main] DEBUG c.i.data.writer.CsvWriterTest:82 - Multiple records content csv : 
Header1,Header2
Value1A,Value1B
Value2A,Value2B

]]></system-out>
  </testcase>
  <testcase name="writeRecord_fieldWithComma_isQuoted" classname="com.ikkileague.data.writer.CsvWriterTest" time="0.009">
    <system-out><![CDATA[23:30:57.566 [main] INFO  c.ikkileague.data.writer.CsvWriter:27 - Initializing CSV writer for output file: C:\Users\nguye\AppData\Local\Temp\junit2991222589501093873\output_comma_field.csv
23:30:57.567 [main] DEBUG c.ikkileague.data.writer.CsvWriter:28 - CSV Headers: [Description]
23:30:57.568 [main] INFO  c.ikkileague.data.writer.CsvWriter:58 - Closing CSV writer.
23:30:57.569 [main] DEBUG c.i.data.writer.CsvWriterTest:104 - Content for item, with comma  : 
Description
"Item, with comma"

]]></system-out>
  </testcase>
  <testcase name="writeRecord_ioException_throwsConversionException" classname="com.ikkileague.data.writer.CsvWriterTest" time="0.012">
    <system-out><![CDATA[23:30:57.577 [main] INFO  c.ikkileague.data.writer.CsvWriter:27 - Initializing CSV writer for output file: C:\Users\nguye\AppData\Local\Temp\junit6484729529810935137\output_fail_write.csv
23:30:57.577 [main] DEBUG c.ikkileague.data.writer.CsvWriter:28 - CSV Headers: [H1]
23:30:57.578 [main] INFO  c.ikkileague.data.writer.CsvWriter:58 - Closing CSV writer.
23:30:57.579 [main] ERROR c.ikkileague.data.writer.CsvWriter:50 - Error writing record to CSV file: [R1]. Message: Stream closed
java.io.IOException: Stream closed
	at java.base/java.io.BufferedWriter.ensureOpen(BufferedWriter.java:107)
	at java.base/java.io.BufferedWriter.write(BufferedWriter.java:224)
	at java.base/java.io.Writer.write(Writer.java:249)
	at java.base/java.io.Writer.append(Writer.java:322)
	at java.base/java.io.Writer.append(Writer.java:366)
	at java.base/java.io.Writer.append(Writer.java:51)
	at org.apache.commons.csv.CSVFormat.printWithQuotes(CSVFormat.java:2132)
	at org.apache.commons.csv.CSVFormat.print(CSVFormat.java:1863)
	at org.apache.commons.csv.CSVFormat.print(CSVFormat.java:1850)
	at org.apache.commons.csv.CSVPrinter.print(CSVPrinter.java:169)
	at org.apache.commons.csv.CSVPrinter.printRecord(CSVPrinter.java:262)
	at com.ikkileague.data.writer.CsvWriter.writeRecord(CsvWriter.java:47)
	at com.ikkileague.data.writer.CsvWriterTest.lambda$writeRecord_ioException_throwsConversionException$0(CsvWriterTest.java:149)
	at org.junit.jupiter.api.AssertThrows.assertThrows(AssertThrows.java:53)
	at org.junit.jupiter.api.AssertThrows.assertThrows(AssertThrows.java:39)
	at org.junit.jupiter.api.Assertions.assertThrows(Assertions.java:3127)
	at com.ikkileague.data.writer.CsvWriterTest.writeRecord_ioException_throwsConversionException(CsvWriterTest.java:149)
	at java.base/jdk.internal.reflect.NativeMethodAccessorImpl.invoke0(Native Method)
	at java.base/jdk.internal.reflect.NativeMethodAccessorImpl.invoke(NativeMethodAccessorImpl.java:77)
	at java.base/jdk.internal.reflect.DelegatingMethodAccessorImpl.invoke(DelegatingMethodAccessorImpl.java:43)
	at java.base/java.lang.reflect.Method.invoke(Method.java:568)
	at org.junit.platform.commons.util.ReflectionUtils.invokeMethod(ReflectionUtils.java:728)
	at org.junit.jupiter.engine.execution.MethodInvocation.proceed(MethodInvocation.java:60)
	at org.junit.jupiter.engine.execution.InvocationInterceptorChain$ValidatingInvocation.proceed(InvocationInterceptorChain.java:131)
	at org.junit.jupiter.engine.extension.TimeoutExtension.intercept(TimeoutExtension.java:156)
	at org.junit.jupiter.engine.extension.TimeoutExtension.interceptTestableMethod(TimeoutExtension.java:147)
	at org.junit.jupiter.engine.extension.TimeoutExtension.interceptTestMethod(TimeoutExtension.java:86)
	at org.junit.jupiter.engine.execution.InterceptingExecutableInvoker$ReflectiveInterceptorCall.lambda$ofVoidMethod$0(InterceptingExecutableInvoker.java:103)
	at org.junit.jupiter.engine.execution.InterceptingExecutableInvoker.lambda$invoke$0(InterceptingExecutableInvoker.java:93)
	at org.junit.jupiter.engine.execution.InvocationInterceptorChain$InterceptedInvocation.proceed(InvocationInterceptorChain.java:106)
	at org.junit.jupiter.engine.execution.InvocationInterceptorChain.proceed(InvocationInterceptorChain.java:64)
	at org.junit.jupiter.engine.execution.InvocationInterceptorChain.chainAndInvoke(InvocationInterceptorChain.java:45)
	at org.junit.jupiter.engine.execution.InvocationInterceptorChain.invoke(InvocationInterceptorChain.java:37)
	at org.junit.jupiter.engine.execution.InterceptingExecutableInvoker.invoke(InterceptingExecutableInvoker.java:92)
	at org.junit.jupiter.engine.execution.InterceptingExecutableInvoker.invoke(InterceptingExecutableInvoker.java:86)
	at org.junit.jupiter.engine.descriptor.TestMethodTestDescriptor.lambda$invokeTestMethod$7(TestMethodTestDescriptor.java:218)
	at org.junit.platform.engine.support.hierarchical.ThrowableCollector.execute(ThrowableCollector.java:73)
	at org.junit.jupiter.engine.descriptor.TestMethodTestDescriptor.invokeTestMethod(TestMethodTestDescriptor.java:214)
	at org.junit.jupiter.engine.descriptor.TestMethodTestDescriptor.execute(TestMethodTestDescriptor.java:139)
	at org.junit.jupiter.engine.descriptor.TestMethodTestDescriptor.execute(TestMethodTestDescriptor.java:69)
	at org.junit.platform.engine.support.hierarchical.NodeTestTask.lambda$executeRecursively$6(NodeTestTask.java:151)
	at org.junit.platform.engine.support.hierarchical.ThrowableCollector.execute(ThrowableCollector.java:73)
	at org.junit.platform.engine.support.hierarchical.NodeTestTask.lambda$executeRecursively$8(NodeTestTask.java:141)
	at org.junit.platform.engine.support.hierarchical.Node.around(Node.java:137)
	at org.junit.platform.engine.support.hierarchical.NodeTestTask.lambda$executeRecursively$9(NodeTestTask.java:139)
	at org.junit.platform.engine.support.hierarchical.ThrowableCollector.execute(ThrowableCollector.java:73)
	at org.junit.platform.engine.support.hierarchical.NodeTestTask.executeRecursively(NodeTestTask.java:138)
	at org.junit.platform.engine.support.hierarchical.NodeTestTask.execute(NodeTestTask.java:95)
	at java.base/java.util.ArrayList.forEach(ArrayList.java:1511)
	at org.junit.platform.engine.support.hierarchical.SameThreadHierarchicalTestExecutorService.invokeAll(SameThreadHierarchicalTestExecutorService.java:41)
	at org.junit.platform.engine.support.hierarchical.NodeTestTask.lambda$executeRecursively$6(NodeTestTask.java:155)
	at org.junit.platform.engine.support.hierarchical.ThrowableCollector.execute(ThrowableCollector.java:73)
	at org.junit.platform.engine.support.hierarchical.NodeTestTask.lambda$executeRecursively$8(NodeTestTask.java:141)
	at org.junit.platform.engine.support.hierarchical.Node.around(Node.java:137)
	at org.junit.platform.engine.support.hierarchical.NodeTestTask.lambda$executeRecursively$9(NodeTestTask.java:139)
	at org.junit.platform.engine.support.hierarchical.ThrowableCollector.execute(ThrowableCollector.java:73)
	at org.junit.platform.engine.support.hierarchical.NodeTestTask.executeRecursively(NodeTestTask.java:138)
	at org.junit.platform.engine.support.hierarchical.NodeTestTask.execute(NodeTestTask.java:95)
	at java.base/java.util.ArrayList.forEach(ArrayList.java:1511)
	at org.junit.platform.engine.support.hierarchical.SameThreadHierarchicalTestExecutorService.invokeAll(SameThreadHierarchicalTestExecutorService.java:41)
	at org.junit.platform.engine.support.hierarchical.NodeTestTask.lambda$executeRecursively$6(NodeTestTask.java:155)
	at org.junit.platform.engine.support.hierarchical.ThrowableCollector.execute(ThrowableCollector.java:73)
	at org.junit.platform.engine.support.hierarchical.NodeTestTask.lambda$executeRecursively$8(NodeTestTask.java:141)
	at org.junit.platform.engine.support.hierarchical.Node.around(Node.java:137)
	at org.junit.platform.engine.support.hierarchical.NodeTestTask.lambda$executeRecursively$9(NodeTestTask.java:139)
	at org.junit.platform.engine.support.hierarchical.ThrowableCollector.execute(ThrowableCollector.java:73)
	at org.junit.platform.engine.support.hierarchical.NodeTestTask.executeRecursively(NodeTestTask.java:138)
	at org.junit.platform.engine.support.hierarchical.NodeTestTask.execute(NodeTestTask.java:95)
	at org.junit.platform.engine.support.hierarchical.SameThreadHierarchicalTestExecutorService.submit(SameThreadHierarchicalTestExecutorService.java:35)
	at org.junit.platform.engine.support.hierarchical.HierarchicalTestExecutor.execute(HierarchicalTestExecutor.java:57)
	at org.junit.platform.engine.support.hierarchical.HierarchicalTestEngine.execute(HierarchicalTestEngine.java:54)
	at org.junit.platform.launcher.core.EngineExecutionOrchestrator.execute(EngineExecutionOrchestrator.java:198)
	at org.junit.platform.launcher.core.EngineExecutionOrchestrator.execute(EngineExecutionOrchestrator.java:169)
	at org.junit.platform.launcher.core.EngineExecutionOrchestrator.execute(EngineExecutionOrchestrator.java:93)
	at org.junit.platform.launcher.core.EngineExecutionOrchestrator.lambda$execute$0(EngineExecutionOrchestrator.java:58)
	at org.junit.platform.launcher.core.EngineExecutionOrchestrator.withInterceptedStreams(EngineExecutionOrchestrator.java:141)
	at org.junit.platform.launcher.core.EngineExecutionOrchestrator.execute(EngineExecutionOrchestrator.java:57)
	at org.junit.platform.launcher.core.DefaultLauncher.execute(DefaultLauncher.java:103)
	at org.junit.platform.launcher.core.DefaultLauncher.execute(DefaultLauncher.java:85)
	at org.junit.platform.launcher.core.DelegatingLauncher.execute(DelegatingLauncher.java:47)
	at org.apache.maven.surefire.junitplatform.LazyLauncher.execute(LazyLauncher.java:56)
	at org.apache.maven.surefire.junitplatform.JUnitPlatformProvider.execute(JUnitPlatformProvider.java:184)
	at org.apache.maven.surefire.junitplatform.JUnitPlatformProvider.invokeAllTests(JUnitPlatformProvider.java:148)
	at org.apache.maven.surefire.junitplatform.JUnitPlatformProvider.invoke(JUnitPlatformProvider.java:122)
	at org.apache.maven.surefire.booter.ForkedBooter.runSuitesInProcess(ForkedBooter.java:385)
	at org.apache.maven.surefire.booter.ForkedBooter.execute(ForkedBooter.java:162)
	at org.apache.maven.surefire.booter.ForkedBooter.run(ForkedBooter.java:507)
	at org.apache.maven.surefire.booter.ForkedBooter.main(ForkedBooter.java:495)
]]></system-out>
  </testcase>
  <testcase name="writeRecord_fieldWithQuote_isEscaped" classname="com.ikkileague.data.writer.CsvWriterTest" time="0.006">
    <system-out><![CDATA[23:30:57.591 [main] INFO  c.ikkileague.data.writer.CsvWriter:27 - Initializing CSV writer for output file: C:\Users\nguye\AppData\Local\Temp\junit7936364408125656428\output_quote_field.csv
23:30:57.591 [main] DEBUG c.ikkileague.data.writer.CsvWriter:28 - CSV Headers: [Text]
23:30:57.592 [main] INFO  c.ikkileague.data.writer.CsvWriter:58 - Closing CSV writer.
23:30:57.593 [main] DEBUG c.i.data.writer.CsvWriterTest:125 - Content for double quotes by escaping them, with comma  : 
Text
"He said ""Hello"""

]]></system-out>
  </testcase>
  <testcase name="writeRecord_singleRecord_correctlyWrites" classname="com.ikkileague.data.writer.CsvWriterTest" time="0.004">
    <system-out><![CDATA[23:30:57.597 [main] INFO  c.ikkileague.data.writer.CsvWriter:27 - Initializing CSV writer for output file: C:\Users\nguye\AppData\Local\Temp\junit2796821183420980920\output_single_record.csv
23:30:57.597 [main] DEBUG c.ikkileague.data.writer.CsvWriter:28 - CSV Headers: [Name, Age]
23:30:57.598 [main] INFO  c.ikkileague.data.writer.CsvWriter:58 - Closing CSV writer.
23:30:57.599 [main] DEBUG c.i.data.writer.CsvWriterTest:60 - One records content csv : 
Name,Age
Alice,30

]]></system-out>
  </testcase>
  <testcase name="writeHeader_correctlyWrites" classname="com.ikkileague.data.writer.CsvWriterTest" time="0.007">
    <system-out><![CDATA[23:30:57.604 [main] INFO  c.ikkileague.data.writer.CsvWriter:27 - Initializing CSV writer for output file: C:\Users\nguye\AppData\Local\Temp\junit17000933909277227871\output_header.csv
23:30:57.605 [main] DEBUG c.ikkileague.data.writer.CsvWriter:28 - CSV Headers: [Col1, Col2, Col3]
23:30:57.605 [main] INFO  c.ikkileague.data.writer.CsvWriter:58 - Closing CSV writer.
]]></system-out>
  </testcase>
</testsuite>